ERROR - 2026-06-20 01:14:29 --> mysqli_sql_exception: Table 'snindust_zemsto.school_members' doesn't exist in /home3/snindustries/public_html/zemsto/system/Database/MySQLi/Connection.php:292
Stack trace:
#0 /home3/snindustries/public_html/zemsto/system/Database/MySQLi/Connection.php(292): mysqli->query('SELECT *\nFROM `...', 0)
#1 /home3/snindustries/public_html/zemsto/system/Database/BaseConnection.php(666): CodeIgniter\Database\MySQLi\Connection->execute('SELECT *\nFROM `...')
#2 /home3/snindustries/public_html/zemsto/system/Database/BaseConnection.php(593): CodeIgniter\Database\BaseConnection->simpleQuery('SELECT *\nFROM `...')
#3 /home3/snindustries/public_html/zemsto/system/Database/BaseBuilder.php(1585): CodeIgniter\Database\BaseConnection->query('SELECT *\nFROM `...', Array, false)
#4 /home3/snindustries/public_html/zemsto/app/Models/Commanmodel.php(1347): CodeIgniter\Database\BaseBuilder->get()
#5 /home3/snindustries/public_html/zemsto/app/Controllers/Admin.php(2594): App\Models\Commanmodel->getDataFromTable('school_members', Array, Array, '10', '0')
#6 /home3/snindustries/public_html/zemsto/system/CodeIgniter.php(925): App\Controllers\Admin->em_userlist()
#7 /home3/snindustries/public_html/zemsto/system/CodeIgniter.php(480): CodeIgniter\CodeIgniter->runController(Object(App\Controllers\Admin))
#8 /home3/snindustries/public_html/zemsto/system/CodeIgniter.php(349): CodeIgniter\CodeIgniter->handleRequest(NULL, Object(Config\Cache), false)
#9 /home3/snindustries/public_html/zemsto/index.php(67): CodeIgniter\CodeIgniter->run()
#10 {main}
CRITICAL - 2026-06-20 01:14:29 --> Call to a member function getResult() on bool
in APPPATH/Models/Commanmodel.php on line 1347.
 1 APPPATH/Controllers/Admin.php(2594): App\Models\Commanmodel->getDataFromTable('school_members', [], [...], '10', '0')
 2 SYSTEMPATH/CodeIgniter.php(925): App\Controllers\Admin->em_userlist()
 3 SYSTEMPATH/CodeIgniter.php(480): CodeIgniter\CodeIgniter->runController(Object(App\Controllers\Admin))
 4 SYSTEMPATH/CodeIgniter.php(349): CodeIgniter\CodeIgniter->handleRequest(null, Object(Config\Cache), false)
 5 FCPATH/index.php(67): CodeIgniter\CodeIgniter->run()
ERROR - 2026-06-20 01:16:13 --> mysqli_sql_exception: Table 'snindust_zemsto.school_members' doesn't exist in /home3/snindustries/public_html/zemsto/system/Database/MySQLi/Connection.php:292
Stack trace:
#0 /home3/snindustries/public_html/zemsto/system/Database/MySQLi/Connection.php(292): mysqli->query('SELECT *\nFROM `...', 0)
#1 /home3/snindustries/public_html/zemsto/system/Database/BaseConnection.php(666): CodeIgniter\Database\MySQLi\Connection->execute('SELECT *\nFROM `...')
#2 /home3/snindustries/public_html/zemsto/system/Database/BaseConnection.php(593): CodeIgniter\Database\BaseConnection->simpleQuery('SELECT *\nFROM `...')
#3 /home3/snindustries/public_html/zemsto/system/Database/BaseBuilder.php(1585): CodeIgniter\Database\BaseConnection->query('SELECT *\nFROM `...', Array, false)
#4 /home3/snindustries/public_html/zemsto/app/Models/Commanmodel.php(1347): CodeIgniter\Database\BaseBuilder->get()
#5 /home3/snindustries/public_html/zemsto/app/Controllers/Admin.php(2594): App\Models\Commanmodel->getDataFromTable('school_members', Array, Array, '10', '0')
#6 /home3/snindustries/public_html/zemsto/system/CodeIgniter.php(925): App\Controllers\Admin->em_userlist()
#7 /home3/snindustries/public_html/zemsto/system/CodeIgniter.php(480): CodeIgniter\CodeIgniter->runController(Object(App\Controllers\Admin))
#8 /home3/snindustries/public_html/zemsto/system/CodeIgniter.php(349): CodeIgniter\CodeIgniter->handleRequest(NULL, Object(Config\Cache), false)
#9 /home3/snindustries/public_html/zemsto/index.php(67): CodeIgniter\CodeIgniter->run()
#10 {main}
CRITICAL - 2026-06-20 01:16:13 --> Call to a member function getResult() on bool
in APPPATH/Models/Commanmodel.php on line 1347.
 1 APPPATH/Controllers/Admin.php(2594): App\Models\Commanmodel->getDataFromTable('school_members', [], [...], '10', '0')
 2 SYSTEMPATH/CodeIgniter.php(925): App\Controllers\Admin->em_userlist()
 3 SYSTEMPATH/CodeIgniter.php(480): CodeIgniter\CodeIgniter->runController(Object(App\Controllers\Admin))
 4 SYSTEMPATH/CodeIgniter.php(349): CodeIgniter\CodeIgniter->handleRequest(null, Object(Config\Cache), false)
 5 FCPATH/index.php(67): CodeIgniter\CodeIgniter->run()
ERROR - 2026-06-20 01:16:29 --> mysqli_sql_exception: Table 'snindust_zemsto.school_members' doesn't exist in /home3/snindustries/public_html/zemsto/system/Database/MySQLi/Connection.php:292
Stack trace:
#0 /home3/snindustries/public_html/zemsto/system/Database/MySQLi/Connection.php(292): mysqli->query('SELECT *\nFROM `...', 0)
#1 /home3/snindustries/public_html/zemsto/system/Database/BaseConnection.php(666): CodeIgniter\Database\MySQLi\Connection->execute('SELECT *\nFROM `...')
#2 /home3/snindustries/public_html/zemsto/system/Database/BaseConnection.php(593): CodeIgniter\Database\BaseConnection->simpleQuery('SELECT *\nFROM `...')
#3 /home3/snindustries/public_html/zemsto/system/Database/BaseBuilder.php(1585): CodeIgniter\Database\BaseConnection->query('SELECT *\nFROM `...', Array, false)
#4 /home3/snindustries/public_html/zemsto/app/Models/Commanmodel.php(1347): CodeIgniter\Database\BaseBuilder->get()
#5 /home3/snindustries/public_html/zemsto/app/Controllers/Admin.php(2594): App\Models\Commanmodel->getDataFromTable('school_members', Array, Array, '10', '0')
#6 /home3/snindustries/public_html/zemsto/system/CodeIgniter.php(925): App\Controllers\Admin->em_userlist()
#7 /home3/snindustries/public_html/zemsto/system/CodeIgniter.php(480): CodeIgniter\CodeIgniter->runController(Object(App\Controllers\Admin))
#8 /home3/snindustries/public_html/zemsto/system/CodeIgniter.php(349): CodeIgniter\CodeIgniter->handleRequest(NULL, Object(Config\Cache), false)
#9 /home3/snindustries/public_html/zemsto/index.php(67): CodeIgniter\CodeIgniter->run()
#10 {main}
CRITICAL - 2026-06-20 01:16:29 --> Call to a member function getResult() on bool
in APPPATH/Models/Commanmodel.php on line 1347.
 1 APPPATH/Controllers/Admin.php(2594): App\Models\Commanmodel->getDataFromTable('school_members', [], [...], '10', '0')
 2 SYSTEMPATH/CodeIgniter.php(925): App\Controllers\Admin->em_userlist()
 3 SYSTEMPATH/CodeIgniter.php(480): CodeIgniter\CodeIgniter->runController(Object(App\Controllers\Admin))
 4 SYSTEMPATH/CodeIgniter.php(349): CodeIgniter\CodeIgniter->handleRequest(null, Object(Config\Cache), false)
 5 FCPATH/index.php(67): CodeIgniter\CodeIgniter->run()
CRITICAL - 2026-06-20 01:20:44 --> Class "Commanmodel" not found
in APPPATH/Views/admin/user.php on line 64.
 1 SYSTEMPATH/View/View.php(213): include()
 2 SYSTEMPATH/View/View.php(216): CodeIgniter\View\View->CodeIgniter\View\{closure}()
 3 SYSTEMPATH/Common.php(1135): CodeIgniter\View\View->render('admin/user', [], true)
 4 APPPATH/Controllers/Admin.php(2538): view('admin/user', [...])
 5 SYSTEMPATH/CodeIgniter.php(925): App\Controllers\Admin->user()
 6 SYSTEMPATH/CodeIgniter.php(480): CodeIgniter\CodeIgniter->runController(Object(App\Controllers\Admin))
 7 SYSTEMPATH/CodeIgniter.php(349): CodeIgniter\CodeIgniter->handleRequest(null, Object(Config\Cache), false)
 8 FCPATH/index.php(67): CodeIgniter\CodeIgniter->run()
CRITICAL - 2026-06-20 01:35:10 --> Cannot use object of type CodeIgniter\Validation\Validation as array
in APPPATH/Views/admin/edit_user.php on line 35.
 1 SYSTEMPATH/View/View.php(213): include()
 2 SYSTEMPATH/View/View.php(216): CodeIgniter\View\View->CodeIgniter\View\{closure}()
 3 SYSTEMPATH/Common.php(1135): CodeIgniter\View\View->render('admin/edit_user', [], true)
 4 APPPATH/Controllers/Admin.php(2834): view('admin/edit_user', [...])
 5 SYSTEMPATH/CodeIgniter.php(925): App\Controllers\Admin->edit_user('5')
 6 SYSTEMPATH/CodeIgniter.php(480): CodeIgniter\CodeIgniter->runController(Object(App\Controllers\Admin))
 7 SYSTEMPATH/CodeIgniter.php(349): CodeIgniter\CodeIgniter->handleRequest(null, Object(Config\Cache), false)
 8 FCPATH/index.php(67): CodeIgniter\CodeIgniter->run()
CRITICAL - 2026-06-20 01:35:47 --> Cannot use object of type CodeIgniter\Validation\Validation as array
in APPPATH/Views/admin/edit_user.php on line 35.
 1 SYSTEMPATH/View/View.php(213): include()
 2 SYSTEMPATH/View/View.php(216): CodeIgniter\View\View->CodeIgniter\View\{closure}()
 3 SYSTEMPATH/Common.php(1135): CodeIgniter\View\View->render('admin/edit_user', [], true)
 4 APPPATH/Controllers/Admin.php(2834): view('admin/edit_user', [...])
 5 SYSTEMPATH/CodeIgniter.php(925): App\Controllers\Admin->edit_user('5')
 6 SYSTEMPATH/CodeIgniter.php(480): CodeIgniter\CodeIgniter->runController(Object(App\Controllers\Admin))
 7 SYSTEMPATH/CodeIgniter.php(349): CodeIgniter\CodeIgniter->handleRequest(null, Object(Config\Cache), false)
 8 FCPATH/index.php(67): CodeIgniter\CodeIgniter->run()
CRITICAL - 2026-06-20 02:04:44 --> Undefined variable $about19
in APPPATH/Views/frontend/about_us.php on line 23.
 1 APPPATH/Views/frontend/about_us.php(23): CodeIgniter\Debug\Exceptions->errorHandler(2, 'Undefined variable $about19', 'APPPATH/Views/frontend/about_us.php', 23)
 2 SYSTEMPATH/View/View.php(213): include('APPPATH/Views/frontend/about_us.php')
 3 SYSTEMPATH/View/View.php(216): CodeIgniter\View\View->CodeIgniter\View\{closure}()
 4 SYSTEMPATH/Common.php(1135): CodeIgniter\View\View->render('frontend/about_us', [], true)
 5 APPPATH/Controllers/Home.php(839): view('frontend/about_us')
 6 SYSTEMPATH/CodeIgniter.php(925): App\Controllers\Home->about_us()
 7 SYSTEMPATH/CodeIgniter.php(480): CodeIgniter\CodeIgniter->runController(Object(App\Controllers\Home))
 8 SYSTEMPATH/CodeIgniter.php(349): CodeIgniter\CodeIgniter->handleRequest(null, Object(Config\Cache), false)
 9 FCPATH/index.php(67): CodeIgniter\CodeIgniter->run()
CRITICAL - 2026-06-20 03:36:04 --> Attempt to read property "meta_title" on null
in APPPATH/Controllers/Home.php on line 870.
 1 APPPATH/Controllers/Home.php(870): CodeIgniter\Debug\Exceptions->errorHandler(2, 'Attempt to read property "meta_title" on null', 'APPPATH/Controllers/Home.php', 870)
 2 SYSTEMPATH/CodeIgniter.php(925): App\Controllers\Home->blog_detail('FCPATH/animate3.gif')
 3 SYSTEMPATH/CodeIgniter.php(480): CodeIgniter\CodeIgniter->runController(Object(App\Controllers\Home))
 4 SYSTEMPATH/CodeIgniter.php(349): CodeIgniter\CodeIgniter->handleRequest(null, Object(Config\Cache), false)
 5 FCPATH/index.php(67): CodeIgniter\CodeIgniter->run()
CRITICAL - 2026-06-20 03:36:04 --> Attempt to read property "meta_title" on null
in APPPATH/Controllers/Home.php on line 870.
 1 APPPATH/Controllers/Home.php(870): CodeIgniter\Debug\Exceptions->errorHandler(2, 'Attempt to read property "meta_title" on null', 'APPPATH/Controllers/Home.php', 870)
 2 SYSTEMPATH/CodeIgniter.php(925): App\Controllers\Home->blog_detail('FCPATH/animate1.gif')
 3 SYSTEMPATH/CodeIgniter.php(480): CodeIgniter\CodeIgniter->runController(Object(App\Controllers\Home))
 4 SYSTEMPATH/CodeIgniter.php(349): CodeIgniter\CodeIgniter->handleRequest(null, Object(Config\Cache), false)
 5 FCPATH/index.php(67): CodeIgniter\CodeIgniter->run()
CRITICAL - 2026-06-20 03:36:04 --> Attempt to read property "meta_title" on null
in APPPATH/Controllers/Home.php on line 870.
 1 APPPATH/Controllers/Home.php(870): CodeIgniter\Debug\Exceptions->errorHandler(2, 'Attempt to read property "meta_title" on null', 'APPPATH/Controllers/Home.php', 870)
 2 SYSTEMPATH/CodeIgniter.php(925): App\Controllers\Home->blog_detail('FCPATH/animate4.gif')
 3 SYSTEMPATH/CodeIgniter.php(480): CodeIgniter\CodeIgniter->runController(Object(App\Controllers\Home))
 4 SYSTEMPATH/CodeIgniter.php(349): CodeIgniter\CodeIgniter->handleRequest(null, Object(Config\Cache), false)
 5 FCPATH/index.php(67): CodeIgniter\CodeIgniter->run()
CRITICAL - 2026-06-20 03:36:04 --> Attempt to read property "meta_title" on null
in APPPATH/Controllers/Home.php on line 870.
 1 APPPATH/Controllers/Home.php(870): CodeIgniter\Debug\Exceptions->errorHandler(2, 'Attempt to read property "meta_title" on null', 'APPPATH/Controllers/Home.php', 870)
 2 SYSTEMPATH/CodeIgniter.php(925): App\Controllers\Home->blog_detail('FCPATH/animate2.gif')
 3 SYSTEMPATH/CodeIgniter.php(480): CodeIgniter\CodeIgniter->runController(Object(App\Controllers\Home))
 4 SYSTEMPATH/CodeIgniter.php(349): CodeIgniter\CodeIgniter->handleRequest(null, Object(Config\Cache), false)
 5 FCPATH/index.php(67): CodeIgniter\CodeIgniter->run()
CRITICAL - 2026-06-20 03:36:04 --> Attempt to read property "meta_title" on null
in APPPATH/Controllers/Home.php on line 870.
 1 APPPATH/Controllers/Home.php(870): CodeIgniter\Debug\Exceptions->errorHandler(2, 'Attempt to read property "meta_title" on null', 'APPPATH/Controllers/Home.php', 870)
 2 SYSTEMPATH/CodeIgniter.php(925): App\Controllers\Home->blog_detail('FCPATH/animate5.gif')
 3 SYSTEMPATH/CodeIgniter.php(480): CodeIgniter\CodeIgniter->runController(Object(App\Controllers\Home))
 4 SYSTEMPATH/CodeIgniter.php(349): CodeIgniter\CodeIgniter->handleRequest(null, Object(Config\Cache), false)
 5 FCPATH/index.php(67): CodeIgniter\CodeIgniter->run()
CRITICAL - 2026-06-20 03:41:13 --> Attempt to read property "meta_title" on null
in APPPATH/Controllers/Home.php on line 870.
 1 APPPATH/Controllers/Home.php(870): CodeIgniter\Debug\Exceptions->errorHandler(2, 'Attempt to read property "meta_title" on null', 'APPPATH/Controllers/Home.php', 870)
 2 SYSTEMPATH/CodeIgniter.php(925): App\Controllers\Home->blog_detail('FCPATH/animate3.gif')
 3 SYSTEMPATH/CodeIgniter.php(480): CodeIgniter\CodeIgniter->runController(Object(App\Controllers\Home))
 4 SYSTEMPATH/CodeIgniter.php(349): CodeIgniter\CodeIgniter->handleRequest(null, Object(Config\Cache), false)
 5 FCPATH/index.php(67): CodeIgniter\CodeIgniter->run()
CRITICAL - 2026-06-20 03:41:13 --> Attempt to read property "meta_title" on null
in APPPATH/Controllers/Home.php on line 870.
 1 APPPATH/Controllers/Home.php(870): CodeIgniter\Debug\Exceptions->errorHandler(2, 'Attempt to read property "meta_title" on null', 'APPPATH/Controllers/Home.php', 870)
 2 SYSTEMPATH/CodeIgniter.php(925): App\Controllers\Home->blog_detail('FCPATH/animate1.gif')
 3 SYSTEMPATH/CodeIgniter.php(480): CodeIgniter\CodeIgniter->runController(Object(App\Controllers\Home))
 4 SYSTEMPATH/CodeIgniter.php(349): CodeIgniter\CodeIgniter->handleRequest(null, Object(Config\Cache), false)
 5 FCPATH/index.php(67): CodeIgniter\CodeIgniter->run()
CRITICAL - 2026-06-20 03:41:13 --> Attempt to read property "meta_title" on null
in APPPATH/Controllers/Home.php on line 870.
 1 APPPATH/Controllers/Home.php(870): CodeIgniter\Debug\Exceptions->errorHandler(2, 'Attempt to read property "meta_title" on null', 'APPPATH/Controllers/Home.php', 870)
 2 SYSTEMPATH/CodeIgniter.php(925): App\Controllers\Home->blog_detail('FCPATH/animate2.gif')
 3 SYSTEMPATH/CodeIgniter.php(480): CodeIgniter\CodeIgniter->runController(Object(App\Controllers\Home))
 4 SYSTEMPATH/CodeIgniter.php(349): CodeIgniter\CodeIgniter->handleRequest(null, Object(Config\Cache), false)
 5 FCPATH/index.php(67): CodeIgniter\CodeIgniter->run()
CRITICAL - 2026-06-20 03:41:13 --> Attempt to read property "meta_title" on null
in APPPATH/Controllers/Home.php on line 870.
 1 APPPATH/Controllers/Home.php(870): CodeIgniter\Debug\Exceptions->errorHandler(2, 'Attempt to read property "meta_title" on null', 'APPPATH/Controllers/Home.php', 870)
 2 SYSTEMPATH/CodeIgniter.php(925): App\Controllers\Home->blog_detail('FCPATH/animate5.gif')
 3 SYSTEMPATH/CodeIgniter.php(480): CodeIgniter\CodeIgniter->runController(Object(App\Controllers\Home))
 4 SYSTEMPATH/CodeIgniter.php(349): CodeIgniter\CodeIgniter->handleRequest(null, Object(Config\Cache), false)
 5 FCPATH/index.php(67): CodeIgniter\CodeIgniter->run()
CRITICAL - 2026-06-20 03:41:13 --> Attempt to read property "meta_title" on null
in APPPATH/Controllers/Home.php on line 870.
 1 APPPATH/Controllers/Home.php(870): CodeIgniter\Debug\Exceptions->errorHandler(2, 'Attempt to read property "meta_title" on null', 'APPPATH/Controllers/Home.php', 870)
 2 SYSTEMPATH/CodeIgniter.php(925): App\Controllers\Home->blog_detail('FCPATH/animate4.gif')
 3 SYSTEMPATH/CodeIgniter.php(480): CodeIgniter\CodeIgniter->runController(Object(App\Controllers\Home))
 4 SYSTEMPATH/CodeIgniter.php(349): CodeIgniter\CodeIgniter->handleRequest(null, Object(Config\Cache), false)
 5 FCPATH/index.php(67): CodeIgniter\CodeIgniter->run()
CRITICAL - 2026-06-20 03:42:49 --> Attempt to read property "meta_title" on null
in APPPATH/Controllers/Home.php on line 870.
 1 APPPATH/Controllers/Home.php(870): CodeIgniter\Debug\Exceptions->errorHandler(2, 'Attempt to read property "meta_title" on null', 'APPPATH/Controllers/Home.php', 870)
 2 SYSTEMPATH/CodeIgniter.php(925): App\Controllers\Home->blog_detail('FCPATH/animate1.gif')
 3 SYSTEMPATH/CodeIgniter.php(480): CodeIgniter\CodeIgniter->runController(Object(App\Controllers\Home))
 4 SYSTEMPATH/CodeIgniter.php(349): CodeIgniter\CodeIgniter->handleRequest(null, Object(Config\Cache), false)
 5 FCPATH/index.php(67): CodeIgniter\CodeIgniter->run()
CRITICAL - 2026-06-20 03:42:49 --> Attempt to read property "meta_title" on null
in APPPATH/Controllers/Home.php on line 870.
 1 APPPATH/Controllers/Home.php(870): CodeIgniter\Debug\Exceptions->errorHandler(2, 'Attempt to read property "meta_title" on null', 'APPPATH/Controllers/Home.php', 870)
 2 SYSTEMPATH/CodeIgniter.php(925): App\Controllers\Home->blog_detail('FCPATH/animate2.gif')
 3 SYSTEMPATH/CodeIgniter.php(480): CodeIgniter\CodeIgniter->runController(Object(App\Controllers\Home))
 4 SYSTEMPATH/CodeIgniter.php(349): CodeIgniter\CodeIgniter->handleRequest(null, Object(Config\Cache), false)
 5 FCPATH/index.php(67): CodeIgniter\CodeIgniter->run()
CRITICAL - 2026-06-20 03:42:49 --> Attempt to read property "meta_title" on null
in APPPATH/Controllers/Home.php on line 870.
 1 APPPATH/Controllers/Home.php(870): CodeIgniter\Debug\Exceptions->errorHandler(2, 'Attempt to read property "meta_title" on null', 'APPPATH/Controllers/Home.php', 870)
 2 SYSTEMPATH/CodeIgniter.php(925): App\Controllers\Home->blog_detail('FCPATH/animate3.gif')
 3 SYSTEMPATH/CodeIgniter.php(480): CodeIgniter\CodeIgniter->runController(Object(App\Controllers\Home))
 4 SYSTEMPATH/CodeIgniter.php(349): CodeIgniter\CodeIgniter->handleRequest(null, Object(Config\Cache), false)
 5 FCPATH/index.php(67): CodeIgniter\CodeIgniter->run()
CRITICAL - 2026-06-20 03:42:50 --> Attempt to read property "meta_title" on null
in APPPATH/Controllers/Home.php on line 870.
 1 APPPATH/Controllers/Home.php(870): CodeIgniter\Debug\Exceptions->errorHandler(2, 'Attempt to read property "meta_title" on null', 'APPPATH/Controllers/Home.php', 870)
 2 SYSTEMPATH/CodeIgniter.php(925): App\Controllers\Home->blog_detail('FCPATH/animate4.gif')
 3 SYSTEMPATH/CodeIgniter.php(480): CodeIgniter\CodeIgniter->runController(Object(App\Controllers\Home))
 4 SYSTEMPATH/CodeIgniter.php(349): CodeIgniter\CodeIgniter->handleRequest(null, Object(Config\Cache), false)
 5 FCPATH/index.php(67): CodeIgniter\CodeIgniter->run()
CRITICAL - 2026-06-20 03:42:50 --> Attempt to read property "meta_title" on null
in APPPATH/Controllers/Home.php on line 870.
 1 APPPATH/Controllers/Home.php(870): CodeIgniter\Debug\Exceptions->errorHandler(2, 'Attempt to read property "meta_title" on null', 'APPPATH/Controllers/Home.php', 870)
 2 SYSTEMPATH/CodeIgniter.php(925): App\Controllers\Home->blog_detail('FCPATH/animate5.gif')
 3 SYSTEMPATH/CodeIgniter.php(480): CodeIgniter\CodeIgniter->runController(Object(App\Controllers\Home))
 4 SYSTEMPATH/CodeIgniter.php(349): CodeIgniter\CodeIgniter->handleRequest(null, Object(Config\Cache), false)
 5 FCPATH/index.php(67): CodeIgniter\CodeIgniter->run()
CRITICAL - 2026-06-20 03:43:05 --> Attempt to read property "meta_title" on null
in APPPATH/Controllers/Home.php on line 870.
 1 APPPATH/Controllers/Home.php(870): CodeIgniter\Debug\Exceptions->errorHandler(2, 'Attempt to read property "meta_title" on null', 'APPPATH/Controllers/Home.php', 870)
 2 SYSTEMPATH/CodeIgniter.php(925): App\Controllers\Home->blog_detail('FCPATH/animate2.gif')
 3 SYSTEMPATH/CodeIgniter.php(480): CodeIgniter\CodeIgniter->runController(Object(App\Controllers\Home))
 4 SYSTEMPATH/CodeIgniter.php(349): CodeIgniter\CodeIgniter->handleRequest(null, Object(Config\Cache), false)
 5 FCPATH/index.php(67): CodeIgniter\CodeIgniter->run()
CRITICAL - 2026-06-20 03:43:05 --> Attempt to read property "meta_title" on null
in APPPATH/Controllers/Home.php on line 870.
 1 APPPATH/Controllers/Home.php(870): CodeIgniter\Debug\Exceptions->errorHandler(2, 'Attempt to read property "meta_title" on null', 'APPPATH/Controllers/Home.php', 870)
 2 SYSTEMPATH/CodeIgniter.php(925): App\Controllers\Home->blog_detail('FCPATH/animate4.gif')
 3 SYSTEMPATH/CodeIgniter.php(480): CodeIgniter\CodeIgniter->runController(Object(App\Controllers\Home))
 4 SYSTEMPATH/CodeIgniter.php(349): CodeIgniter\CodeIgniter->handleRequest(null, Object(Config\Cache), false)
 5 FCPATH/index.php(67): CodeIgniter\CodeIgniter->run()
CRITICAL - 2026-06-20 03:43:05 --> Attempt to read property "meta_title" on null
in APPPATH/Controllers/Home.php on line 870.
 1 APPPATH/Controllers/Home.php(870): CodeIgniter\Debug\Exceptions->errorHandler(2, 'Attempt to read property "meta_title" on null', 'APPPATH/Controllers/Home.php', 870)
 2 SYSTEMPATH/CodeIgniter.php(925): App\Controllers\Home->blog_detail('FCPATH/animate1.gif')
 3 SYSTEMPATH/CodeIgniter.php(480): CodeIgniter\CodeIgniter->runController(Object(App\Controllers\Home))
 4 SYSTEMPATH/CodeIgniter.php(349): CodeIgniter\CodeIgniter->handleRequest(null, Object(Config\Cache), false)
 5 FCPATH/index.php(67): CodeIgniter\CodeIgniter->run()
CRITICAL - 2026-06-20 03:43:05 --> Attempt to read property "meta_title" on null
in APPPATH/Controllers/Home.php on line 870.
 1 APPPATH/Controllers/Home.php(870): CodeIgniter\Debug\Exceptions->errorHandler(2, 'Attempt to read property "meta_title" on null', 'APPPATH/Controllers/Home.php', 870)
 2 SYSTEMPATH/CodeIgniter.php(925): App\Controllers\Home->blog_detail('FCPATH/animate3.gif')
 3 SYSTEMPATH/CodeIgniter.php(480): CodeIgniter\CodeIgniter->runController(Object(App\Controllers\Home))
 4 SYSTEMPATH/CodeIgniter.php(349): CodeIgniter\CodeIgniter->handleRequest(null, Object(Config\Cache), false)
 5 FCPATH/index.php(67): CodeIgniter\CodeIgniter->run()
CRITICAL - 2026-06-20 03:43:05 --> Attempt to read property "meta_title" on null
in APPPATH/Controllers/Home.php on line 870.
 1 APPPATH/Controllers/Home.php(870): CodeIgniter\Debug\Exceptions->errorHandler(2, 'Attempt to read property "meta_title" on null', 'APPPATH/Controllers/Home.php', 870)
 2 SYSTEMPATH/CodeIgniter.php(925): App\Controllers\Home->blog_detail('FCPATH/animate5.gif')
 3 SYSTEMPATH/CodeIgniter.php(480): CodeIgniter\CodeIgniter->runController(Object(App\Controllers\Home))
 4 SYSTEMPATH/CodeIgniter.php(349): CodeIgniter\CodeIgniter->handleRequest(null, Object(Config\Cache), false)
 5 FCPATH/index.php(67): CodeIgniter\CodeIgniter->run()
CRITICAL - 2026-06-20 03:44:01 --> Attempt to read property "meta_title" on null
in APPPATH/Controllers/Home.php on line 870.
 1 APPPATH/Controllers/Home.php(870): CodeIgniter\Debug\Exceptions->errorHandler(2, 'Attempt to read property "meta_title" on null', 'APPPATH/Controllers/Home.php', 870)
 2 SYSTEMPATH/CodeIgniter.php(925): App\Controllers\Home->blog_detail('FCPATH/animate1.gif')
 3 SYSTEMPATH/CodeIgniter.php(480): CodeIgniter\CodeIgniter->runController(Object(App\Controllers\Home))
 4 SYSTEMPATH/CodeIgniter.php(349): CodeIgniter\CodeIgniter->handleRequest(null, Object(Config\Cache), false)
 5 FCPATH/index.php(67): CodeIgniter\CodeIgniter->run()
CRITICAL - 2026-06-20 03:44:01 --> Attempt to read property "meta_title" on null
in APPPATH/Controllers/Home.php on line 870.
 1 APPPATH/Controllers/Home.php(870): CodeIgniter\Debug\Exceptions->errorHandler(2, 'Attempt to read property "meta_title" on null', 'APPPATH/Controllers/Home.php', 870)
 2 SYSTEMPATH/CodeIgniter.php(925): App\Controllers\Home->blog_detail('FCPATH/animate4.gif')
 3 SYSTEMPATH/CodeIgniter.php(480): CodeIgniter\CodeIgniter->runController(Object(App\Controllers\Home))
 4 SYSTEMPATH/CodeIgniter.php(349): CodeIgniter\CodeIgniter->handleRequest(null, Object(Config\Cache), false)
 5 FCPATH/index.php(67): CodeIgniter\CodeIgniter->run()
CRITICAL - 2026-06-20 03:44:01 --> Attempt to read property "meta_title" on null
in APPPATH/Controllers/Home.php on line 870.
 1 APPPATH/Controllers/Home.php(870): CodeIgniter\Debug\Exceptions->errorHandler(2, 'Attempt to read property "meta_title" on null', 'APPPATH/Controllers/Home.php', 870)
 2 SYSTEMPATH/CodeIgniter.php(925): App\Controllers\Home->blog_detail('FCPATH/animate3.gif')
 3 SYSTEMPATH/CodeIgniter.php(480): CodeIgniter\CodeIgniter->runController(Object(App\Controllers\Home))
 4 SYSTEMPATH/CodeIgniter.php(349): CodeIgniter\CodeIgniter->handleRequest(null, Object(Config\Cache), false)
 5 FCPATH/index.php(67): CodeIgniter\CodeIgniter->run()
CRITICAL - 2026-06-20 03:44:01 --> Attempt to read property "meta_title" on null
in APPPATH/Controllers/Home.php on line 870.
 1 APPPATH/Controllers/Home.php(870): CodeIgniter\Debug\Exceptions->errorHandler(2, 'Attempt to read property "meta_title" on null', 'APPPATH/Controllers/Home.php', 870)
 2 SYSTEMPATH/CodeIgniter.php(925): App\Controllers\Home->blog_detail('FCPATH/animate5.gif')
 3 SYSTEMPATH/CodeIgniter.php(480): CodeIgniter\CodeIgniter->runController(Object(App\Controllers\Home))
 4 SYSTEMPATH/CodeIgniter.php(349): CodeIgniter\CodeIgniter->handleRequest(null, Object(Config\Cache), false)
 5 FCPATH/index.php(67): CodeIgniter\CodeIgniter->run()
CRITICAL - 2026-06-20 03:44:01 --> Attempt to read property "meta_title" on null
in APPPATH/Controllers/Home.php on line 870.
 1 APPPATH/Controllers/Home.php(870): CodeIgniter\Debug\Exceptions->errorHandler(2, 'Attempt to read property "meta_title" on null', 'APPPATH/Controllers/Home.php', 870)
 2 SYSTEMPATH/CodeIgniter.php(925): App\Controllers\Home->blog_detail('FCPATH/animate2.gif')
 3 SYSTEMPATH/CodeIgniter.php(480): CodeIgniter\CodeIgniter->runController(Object(App\Controllers\Home))
 4 SYSTEMPATH/CodeIgniter.php(349): CodeIgniter\CodeIgniter->handleRequest(null, Object(Config\Cache), false)
 5 FCPATH/index.php(67): CodeIgniter\CodeIgniter->run()
CRITICAL - 2026-06-20 03:47:20 --> Attempt to read property "meta_title" on null
in APPPATH/Controllers/Home.php on line 870.
 1 APPPATH/Controllers/Home.php(870): CodeIgniter\Debug\Exceptions->errorHandler(2, 'Attempt to read property "meta_title" on null', 'APPPATH/Controllers/Home.php', 870)
 2 SYSTEMPATH/CodeIgniter.php(925): App\Controllers\Home->blog_detail('FCPATH/animate1.gif')
 3 SYSTEMPATH/CodeIgniter.php(480): CodeIgniter\CodeIgniter->runController(Object(App\Controllers\Home))
 4 SYSTEMPATH/CodeIgniter.php(349): CodeIgniter\CodeIgniter->handleRequest(null, Object(Config\Cache), false)
 5 FCPATH/index.php(67): CodeIgniter\CodeIgniter->run()
CRITICAL - 2026-06-20 03:47:20 --> Attempt to read property "meta_title" on null
in APPPATH/Controllers/Home.php on line 870.
 1 APPPATH/Controllers/Home.php(870): CodeIgniter\Debug\Exceptions->errorHandler(2, 'Attempt to read property "meta_title" on null', 'APPPATH/Controllers/Home.php', 870)
 2 SYSTEMPATH/CodeIgniter.php(925): App\Controllers\Home->blog_detail('FCPATH/animate3.gif')
 3 SYSTEMPATH/CodeIgniter.php(480): CodeIgniter\CodeIgniter->runController(Object(App\Controllers\Home))
 4 SYSTEMPATH/CodeIgniter.php(349): CodeIgniter\CodeIgniter->handleRequest(null, Object(Config\Cache), false)
 5 FCPATH/index.php(67): CodeIgniter\CodeIgniter->run()
CRITICAL - 2026-06-20 03:47:20 --> Attempt to read property "meta_title" on null
in APPPATH/Controllers/Home.php on line 870.
 1 APPPATH/Controllers/Home.php(870): CodeIgniter\Debug\Exceptions->errorHandler(2, 'Attempt to read property "meta_title" on null', 'APPPATH/Controllers/Home.php', 870)
 2 SYSTEMPATH/CodeIgniter.php(925): App\Controllers\Home->blog_detail('FCPATH/animate5.gif')
 3 SYSTEMPATH/CodeIgniter.php(480): CodeIgniter\CodeIgniter->runController(Object(App\Controllers\Home))
 4 SYSTEMPATH/CodeIgniter.php(349): CodeIgniter\CodeIgniter->handleRequest(null, Object(Config\Cache), false)
 5 FCPATH/index.php(67): CodeIgniter\CodeIgniter->run()
CRITICAL - 2026-06-20 03:47:20 --> Attempt to read property "meta_title" on null
in APPPATH/Controllers/Home.php on line 870.
 1 APPPATH/Controllers/Home.php(870): CodeIgniter\Debug\Exceptions->errorHandler(2, 'Attempt to read property "meta_title" on null', 'APPPATH/Controllers/Home.php', 870)
 2 SYSTEMPATH/CodeIgniter.php(925): App\Controllers\Home->blog_detail('FCPATH/animate2.gif')
 3 SYSTEMPATH/CodeIgniter.php(480): CodeIgniter\CodeIgniter->runController(Object(App\Controllers\Home))
 4 SYSTEMPATH/CodeIgniter.php(349): CodeIgniter\CodeIgniter->handleRequest(null, Object(Config\Cache), false)
 5 FCPATH/index.php(67): CodeIgniter\CodeIgniter->run()
CRITICAL - 2026-06-20 03:47:20 --> Attempt to read property "meta_title" on null
in APPPATH/Controllers/Home.php on line 870.
 1 APPPATH/Controllers/Home.php(870): CodeIgniter\Debug\Exceptions->errorHandler(2, 'Attempt to read property "meta_title" on null', 'APPPATH/Controllers/Home.php', 870)
 2 SYSTEMPATH/CodeIgniter.php(925): App\Controllers\Home->blog_detail('FCPATH/animate4.gif')
 3 SYSTEMPATH/CodeIgniter.php(480): CodeIgniter\CodeIgniter->runController(Object(App\Controllers\Home))
 4 SYSTEMPATH/CodeIgniter.php(349): CodeIgniter\CodeIgniter->handleRequest(null, Object(Config\Cache), false)
 5 FCPATH/index.php(67): CodeIgniter\CodeIgniter->run()
CRITICAL - 2026-06-20 04:33:37 --> Attempt to read property "faq_id" on null
in APPPATH/Views/admin/edit-faq.php on line 45.
 1 APPPATH/Views/admin/edit-faq.php(45): CodeIgniter\Debug\Exceptions->errorHandler(2, 'Attempt to read property "faq_id" on null', 'APPPATH/Views/admin/edit-faq.php', 45)
 2 SYSTEMPATH/View/View.php(213): include('APPPATH/Views/admin/edit-faq.php')
 3 SYSTEMPATH/View/View.php(216): CodeIgniter\View\View->CodeIgniter\View\{closure}()
 4 SYSTEMPATH/Common.php(1135): CodeIgniter\View\View->render('admin/edit-faq', [], true)
 5 APPPATH/Controllers/Admin.php(4211): view('admin/edit-faq', [...])
 6 SYSTEMPATH/CodeIgniter.php(925): App\Controllers\Admin->edit_faq('24')
 7 SYSTEMPATH/CodeIgniter.php(480): CodeIgniter\CodeIgniter->runController(Object(App\Controllers\Admin))
 8 SYSTEMPATH/CodeIgniter.php(349): CodeIgniter\CodeIgniter->handleRequest(null, Object(Config\Cache), false)
 9 FCPATH/index.php(67): CodeIgniter\CodeIgniter->run()
CRITICAL - 2026-06-20 04:44:24 --> Attempt to read property "faq_id" on null
in APPPATH/Views/admin/edit-faq.php on line 45.
 1 APPPATH/Views/admin/edit-faq.php(45): CodeIgniter\Debug\Exceptions->errorHandler(2, 'Attempt to read property "faq_id" on null', 'APPPATH/Views/admin/edit-faq.php', 45)
 2 SYSTEMPATH/View/View.php(213): include('APPPATH/Views/admin/edit-faq.php')
 3 SYSTEMPATH/View/View.php(216): CodeIgniter\View\View->CodeIgniter\View\{closure}()
 4 SYSTEMPATH/Common.php(1135): CodeIgniter\View\View->render('admin/edit-faq', [], true)
 5 APPPATH/Controllers/Admin.php(4211): view('admin/edit-faq', [...])
 6 SYSTEMPATH/CodeIgniter.php(925): App\Controllers\Admin->edit_faq('24')
 7 SYSTEMPATH/CodeIgniter.php(480): CodeIgniter\CodeIgniter->runController(Object(App\Controllers\Admin))
 8 SYSTEMPATH/CodeIgniter.php(349): CodeIgniter\CodeIgniter->handleRequest(null, Object(Config\Cache), false)
 9 FCPATH/index.php(67): CodeIgniter\CodeIgniter->run()
