CRITICAL - 2026-01-29 00:01:44 --> valid_color is not a valid rule.
in SYSTEMPATH/Validation/Validation.php on line 323.
 1 SYSTEMPATH/Validation/Validation.php(323): CodeIgniter\Validation\Exceptions\ValidationException::forRuleNotFound('valid_color')
 2 SYSTEMPATH/Validation/Validation.php(175): CodeIgniter\Validation\Validation->processRules('background_color', 'background_color', '#ffffff', [...], [...])
 3 SYSTEMPATH/Controller.php(140): CodeIgniter\Validation\Validation->run()
 4 APPPATH/Controllers/PostController.php(56): CodeIgniter\Controller->validate([...])
 5 SYSTEMPATH/CodeIgniter.php(925): App\Controllers\PostController->createPost()
 6 SYSTEMPATH/CodeIgniter.php(480): CodeIgniter\CodeIgniter->runController(Object(App\Controllers\PostController))
 7 SYSTEMPATH/CodeIgniter.php(349): CodeIgniter\CodeIgniter->handleRequest(null, Object(Config\Cache), false)
 8 FCPATH/index.php(67): CodeIgniter\CodeIgniter->run()
CRITICAL - 2026-01-29 00:15:25 --> finfo_file(/tmp/phpUuwRAA): Failed to open stream: No such file or directory
in SYSTEMPATH/Files/File.php on line 115.
 1 [internal function]: CodeIgniter\Debug\Exceptions->errorHandler(2, 'finfo_file(/tmp/phpUuwRAA): Failed to open stream: No such file or directory', 'SYSTEMPATH/Files/File.php', 115)
 2 SYSTEMPATH/Files/File.php(115): finfo_file(Object(finfo), '/tmp/phpUuwRAA')
 3 APPPATH/Controllers/PostController.php(79): CodeIgniter\Files\File->getMimeType()
 4 SYSTEMPATH/CodeIgniter.php(925): App\Controllers\PostController->createPost()
 5 SYSTEMPATH/CodeIgniter.php(480): CodeIgniter\CodeIgniter->runController(Object(App\Controllers\PostController))
 6 SYSTEMPATH/CodeIgniter.php(349): CodeIgniter\CodeIgniter->handleRequest(null, Object(Config\Cache), false)
 7 FCPATH/index.php(67): CodeIgniter\CodeIgniter->run()
CRITICAL - 2026-01-29 00:15:29 --> finfo_file(/tmp/phpmvACkK): Failed to open stream: No such file or directory
in SYSTEMPATH/Files/File.php on line 115.
 1 [internal function]: CodeIgniter\Debug\Exceptions->errorHandler(2, 'finfo_file(/tmp/phpmvACkK): Failed to open stream: No such file or directory', 'SYSTEMPATH/Files/File.php', 115)
 2 SYSTEMPATH/Files/File.php(115): finfo_file(Object(finfo), '/tmp/phpmvACkK')
 3 APPPATH/Controllers/PostController.php(79): CodeIgniter\Files\File->getMimeType()
 4 SYSTEMPATH/CodeIgniter.php(925): App\Controllers\PostController->createPost()
 5 SYSTEMPATH/CodeIgniter.php(480): CodeIgniter\CodeIgniter->runController(Object(App\Controllers\PostController))
 6 SYSTEMPATH/CodeIgniter.php(349): CodeIgniter\CodeIgniter->handleRequest(null, Object(Config\Cache), false)
 7 FCPATH/index.php(67): CodeIgniter\CodeIgniter->run()
CRITICAL - 2026-01-29 00:25:03 --> valid_color is not a valid rule.
in SYSTEMPATH/Validation/Validation.php on line 323.
 1 SYSTEMPATH/Validation/Validation.php(323): CodeIgniter\Validation\Exceptions\ValidationException::forRuleNotFound('valid_color')
 2 SYSTEMPATH/Validation/Validation.php(175): CodeIgniter\Validation\Validation->processRules('background_color', 'background_color', '#ffffff', [...], [...])
 3 SYSTEMPATH/Controller.php(140): CodeIgniter\Validation\Validation->run()
 4 APPPATH/Controllers/PostController.php(54): CodeIgniter\Controller->validate([...])
 5 SYSTEMPATH/CodeIgniter.php(925): App\Controllers\PostController->createPost()
 6 SYSTEMPATH/CodeIgniter.php(480): CodeIgniter\CodeIgniter->runController(Object(App\Controllers\PostController))
 7 SYSTEMPATH/CodeIgniter.php(349): CodeIgniter\CodeIgniter->handleRequest(null, Object(Config\Cache), false)
 8 FCPATH/index.php(67): CodeIgniter\CodeIgniter->run()
CRITICAL - 2026-01-29 00:48:34 --> valid_color is not a valid rule.
in SYSTEMPATH/Validation/Validation.php on line 323.
 1 SYSTEMPATH/Validation/Validation.php(323): CodeIgniter\Validation\Exceptions\ValidationException::forRuleNotFound('valid_color')
 2 SYSTEMPATH/Validation/Validation.php(175): CodeIgniter\Validation\Validation->processRules('background_color', 'background_color', '#ffffff', [...], [...])
 3 SYSTEMPATH/Controller.php(140): CodeIgniter\Validation\Validation->run()
 4 APPPATH/Controllers/PostController.php(54): CodeIgniter\Controller->validate([...])
 5 SYSTEMPATH/CodeIgniter.php(925): App\Controllers\PostController->createPost()
 6 SYSTEMPATH/CodeIgniter.php(480): CodeIgniter\CodeIgniter->runController(Object(App\Controllers\PostController))
 7 SYSTEMPATH/CodeIgniter.php(349): CodeIgniter\CodeIgniter->handleRequest(null, Object(Config\Cache), false)
 8 FCPATH/index.php(67): CodeIgniter\CodeIgniter->run()
CRITICAL - 2026-01-29 00:48:44 --> valid_color is not a valid rule.
in SYSTEMPATH/Validation/Validation.php on line 323.
 1 SYSTEMPATH/Validation/Validation.php(323): CodeIgniter\Validation\Exceptions\ValidationException::forRuleNotFound('valid_color')
 2 SYSTEMPATH/Validation/Validation.php(175): CodeIgniter\Validation\Validation->processRules('background_color', 'background_color', '#ffffff', [...], [...])
 3 SYSTEMPATH/Controller.php(140): CodeIgniter\Validation\Validation->run()
 4 APPPATH/Controllers/PostController.php(54): CodeIgniter\Controller->validate([...])
 5 SYSTEMPATH/CodeIgniter.php(925): App\Controllers\PostController->createPost()
 6 SYSTEMPATH/CodeIgniter.php(480): CodeIgniter\CodeIgniter->runController(Object(App\Controllers\PostController))
 7 SYSTEMPATH/CodeIgniter.php(349): CodeIgniter\CodeIgniter->handleRequest(null, Object(Config\Cache), false)
 8 FCPATH/index.php(67): CodeIgniter\CodeIgniter->run()
CRITICAL - 2026-01-29 00:48:47 --> valid_color is not a valid rule.
in SYSTEMPATH/Validation/Validation.php on line 323.
 1 SYSTEMPATH/Validation/Validation.php(323): CodeIgniter\Validation\Exceptions\ValidationException::forRuleNotFound('valid_color')
 2 SYSTEMPATH/Validation/Validation.php(175): CodeIgniter\Validation\Validation->processRules('background_color', 'background_color', '#ffffff', [...], [...])
 3 SYSTEMPATH/Controller.php(140): CodeIgniter\Validation\Validation->run()
 4 APPPATH/Controllers/PostController.php(54): CodeIgniter\Controller->validate([...])
 5 SYSTEMPATH/CodeIgniter.php(925): App\Controllers\PostController->createPost()
 6 SYSTEMPATH/CodeIgniter.php(480): CodeIgniter\CodeIgniter->runController(Object(App\Controllers\PostController))
 7 SYSTEMPATH/CodeIgniter.php(349): CodeIgniter\CodeIgniter->handleRequest(null, Object(Config\Cache), false)
 8 FCPATH/index.php(67): CodeIgniter\CodeIgniter->run()
CRITICAL - 2026-01-29 00:50:37 --> valid_color is not a valid rule.
in SYSTEMPATH/Validation/Validation.php on line 323.
 1 SYSTEMPATH/Validation/Validation.php(323): CodeIgniter\Validation\Exceptions\ValidationException::forRuleNotFound('valid_color')
 2 SYSTEMPATH/Validation/Validation.php(175): CodeIgniter\Validation\Validation->processRules('background_color', 'background_color', '#ffffff', [...], [...])
 3 SYSTEMPATH/Controller.php(140): CodeIgniter\Validation\Validation->run()
 4 APPPATH/Controllers/PostController.php(54): CodeIgniter\Controller->validate([...])
 5 SYSTEMPATH/CodeIgniter.php(925): App\Controllers\PostController->createPost()
 6 SYSTEMPATH/CodeIgniter.php(480): CodeIgniter\CodeIgniter->runController(Object(App\Controllers\PostController))
 7 SYSTEMPATH/CodeIgniter.php(349): CodeIgniter\CodeIgniter->handleRequest(null, Object(Config\Cache), false)
 8 FCPATH/index.php(67): CodeIgniter\CodeIgniter->run()
CRITICAL - 2026-01-29 00:50:40 --> valid_color is not a valid rule.
in SYSTEMPATH/Validation/Validation.php on line 323.
 1 SYSTEMPATH/Validation/Validation.php(323): CodeIgniter\Validation\Exceptions\ValidationException::forRuleNotFound('valid_color')
 2 SYSTEMPATH/Validation/Validation.php(175): CodeIgniter\Validation\Validation->processRules('background_color', 'background_color', '#ffffff', [...], [...])
 3 SYSTEMPATH/Controller.php(140): CodeIgniter\Validation\Validation->run()
 4 APPPATH/Controllers/PostController.php(54): CodeIgniter\Controller->validate([...])
 5 SYSTEMPATH/CodeIgniter.php(925): App\Controllers\PostController->createPost()
 6 SYSTEMPATH/CodeIgniter.php(480): CodeIgniter\CodeIgniter->runController(Object(App\Controllers\PostController))
 7 SYSTEMPATH/CodeIgniter.php(349): CodeIgniter\CodeIgniter->handleRequest(null, Object(Config\Cache), false)
 8 FCPATH/index.php(67): CodeIgniter\CodeIgniter->run()
CRITICAL - 2026-01-29 00:52:14 --> valid_color is not a valid rule.
in SYSTEMPATH/Validation/Validation.php on line 323.
 1 SYSTEMPATH/Validation/Validation.php(323): CodeIgniter\Validation\Exceptions\ValidationException::forRuleNotFound('valid_color')
 2 SYSTEMPATH/Validation/Validation.php(175): CodeIgniter\Validation\Validation->processRules('background_color', 'background_color', '#ffffff', [...], [...])
 3 SYSTEMPATH/Controller.php(140): CodeIgniter\Validation\Validation->run()
 4 APPPATH/Controllers/PostController.php(54): CodeIgniter\Controller->validate([...])
 5 SYSTEMPATH/CodeIgniter.php(925): App\Controllers\PostController->createPost()
 6 SYSTEMPATH/CodeIgniter.php(480): CodeIgniter\CodeIgniter->runController(Object(App\Controllers\PostController))
 7 SYSTEMPATH/CodeIgniter.php(349): CodeIgniter\CodeIgniter->handleRequest(null, Object(Config\Cache), false)
 8 FCPATH/index.php(67): CodeIgniter\CodeIgniter->run()
CRITICAL - 2026-01-29 00:53:21 --> valid_color is not a valid rule.
in SYSTEMPATH/Validation/Validation.php on line 323.
 1 SYSTEMPATH/Validation/Validation.php(323): CodeIgniter\Validation\Exceptions\ValidationException::forRuleNotFound('valid_color')
 2 SYSTEMPATH/Validation/Validation.php(175): CodeIgniter\Validation\Validation->processRules('background_color', 'background_color', '#ffffff', [...], [...])
 3 SYSTEMPATH/Controller.php(140): CodeIgniter\Validation\Validation->run()
 4 APPPATH/Controllers/PostController.php(54): CodeIgniter\Controller->validate([...])
 5 SYSTEMPATH/CodeIgniter.php(925): App\Controllers\PostController->createPost()
 6 SYSTEMPATH/CodeIgniter.php(480): CodeIgniter\CodeIgniter->runController(Object(App\Controllers\PostController))
 7 SYSTEMPATH/CodeIgniter.php(349): CodeIgniter\CodeIgniter->handleRequest(null, Object(Config\Cache), false)
 8 FCPATH/index.php(67): CodeIgniter\CodeIgniter->run()
CRITICAL - 2026-01-29 00:53:38 --> valid_color is not a valid rule.
in SYSTEMPATH/Validation/Validation.php on line 323.
 1 SYSTEMPATH/Validation/Validation.php(323): CodeIgniter\Validation\Exceptions\ValidationException::forRuleNotFound('valid_color')
 2 SYSTEMPATH/Validation/Validation.php(175): CodeIgniter\Validation\Validation->processRules('background_color', 'background_color', '#ffffff', [...], [...])
 3 SYSTEMPATH/Controller.php(140): CodeIgniter\Validation\Validation->run()
 4 APPPATH/Controllers/PostController.php(54): CodeIgniter\Controller->validate([...])
 5 SYSTEMPATH/CodeIgniter.php(925): App\Controllers\PostController->createPost()
 6 SYSTEMPATH/CodeIgniter.php(480): CodeIgniter\CodeIgniter->runController(Object(App\Controllers\PostController))
 7 SYSTEMPATH/CodeIgniter.php(349): CodeIgniter\CodeIgniter->handleRequest(null, Object(Config\Cache), false)
 8 FCPATH/index.php(67): CodeIgniter\CodeIgniter->run()
CRITICAL - 2026-01-29 00:54:42 --> finfo_file(/tmp/phpbJZqt1): Failed to open stream: No such file or directory
in SYSTEMPATH/Files/File.php on line 115.
 1 [internal function]: CodeIgniter\Debug\Exceptions->errorHandler(2, 'finfo_file(/tmp/phpbJZqt1): Failed to open stream: No such file or directory', 'SYSTEMPATH/Files/File.php', 115)
 2 SYSTEMPATH/Files/File.php(115): finfo_file(Object(finfo), '/tmp/phpbJZqt1')
 3 APPPATH/Controllers/PostController.php(79): CodeIgniter\Files\File->getMimeType()
 4 SYSTEMPATH/CodeIgniter.php(925): App\Controllers\PostController->createPost()
 5 SYSTEMPATH/CodeIgniter.php(480): CodeIgniter\CodeIgniter->runController(Object(App\Controllers\PostController))
 6 SYSTEMPATH/CodeIgniter.php(349): CodeIgniter\CodeIgniter->handleRequest(null, Object(Config\Cache), false)
 7 FCPATH/index.php(67): CodeIgniter\CodeIgniter->run()
CRITICAL - 2026-01-29 00:56:16 --> valid_color is not a valid rule.
in SYSTEMPATH/Validation/Validation.php on line 323.
 1 SYSTEMPATH/Validation/Validation.php(323): CodeIgniter\Validation\Exceptions\ValidationException::forRuleNotFound('valid_color')
 2 SYSTEMPATH/Validation/Validation.php(175): CodeIgniter\Validation\Validation->processRules('background_color', 'background_color', '#ffffff', [...], [...])
 3 SYSTEMPATH/Controller.php(140): CodeIgniter\Validation\Validation->run()
 4 APPPATH/Controllers/PostController.php(54): CodeIgniter\Controller->validate([...])
 5 SYSTEMPATH/CodeIgniter.php(925): App\Controllers\PostController->createPost()
 6 SYSTEMPATH/CodeIgniter.php(480): CodeIgniter\CodeIgniter->runController(Object(App\Controllers\PostController))
 7 SYSTEMPATH/CodeIgniter.php(349): CodeIgniter\CodeIgniter->handleRequest(null, Object(Config\Cache), false)
 8 FCPATH/index.php(67): CodeIgniter\CodeIgniter->run()
ERROR - 2026-01-29 01:07:07 --> mysqli_sql_exception: Unknown column 'updated_at' in 'field list' in /home3/snindustries/public_html/clinicianleader/system/Database/MySQLi/Connection.php:292
Stack trace:
#0 /home3/snindustries/public_html/clinicianleader/system/Database/MySQLi/Connection.php(292): mysqli->query('INSERT INTO `re...', 0)
#1 /home3/snindustries/public_html/clinicianleader/system/Database/BaseConnection.php(666): CodeIgniter\Database\MySQLi\Connection->execute('INSERT INTO `re...')
#2 /home3/snindustries/public_html/clinicianleader/system/Database/BaseConnection.php(593): CodeIgniter\Database\BaseConnection->simpleQuery('INSERT INTO `re...')
#3 /home3/snindustries/public_html/clinicianleader/system/Database/BaseBuilder.php(1916): CodeIgniter\Database\BaseConnection->query('INSERT INTO `re...', Array, false)
#4 /home3/snindustries/public_html/clinicianleader/system/Model.php(303): CodeIgniter\Database\BaseBuilder->insert()
#5 /home3/snindustries/public_html/clinicianleader/system/BaseModel.php(750): CodeIgniter\Model->doInsert(Array)
#6 /home3/snindustries/public_html/clinicianleader/system/Model.php(695): CodeIgniter\BaseModel->insert(Array, true)
#7 /home3/snindustries/public_html/clinicianleader/app/Controllers/PostController.php(263): CodeIgniter\Model->insert(Array)
#8 /home3/snindustries/public_html/clinicianleader/system/CodeIgniter.php(925): App\Controllers\PostController->addReaction()
#9 /home3/snindustries/public_html/clinicianleader/system/CodeIgniter.php(480): CodeIgniter\CodeIgniter->runController(Object(App\Controllers\PostController))
#10 /home3/snindustries/public_html/clinicianleader/system/CodeIgniter.php(349): CodeIgniter\CodeIgniter->handleRequest(NULL, Object(Config\Cache), false)
#11 /home3/snindustries/public_html/clinicianleader/index.php(67): CodeIgniter\CodeIgniter->run()
#12 {main}
ERROR - 2026-01-29 01:07:19 --> mysqli_sql_exception: Unknown column 'updated_at' in 'field list' in /home3/snindustries/public_html/clinicianleader/system/Database/MySQLi/Connection.php:292
Stack trace:
#0 /home3/snindustries/public_html/clinicianleader/system/Database/MySQLi/Connection.php(292): mysqli->query('INSERT INTO `re...', 0)
#1 /home3/snindustries/public_html/clinicianleader/system/Database/BaseConnection.php(666): CodeIgniter\Database\MySQLi\Connection->execute('INSERT INTO `re...')
#2 /home3/snindustries/public_html/clinicianleader/system/Database/BaseConnection.php(593): CodeIgniter\Database\BaseConnection->simpleQuery('INSERT INTO `re...')
#3 /home3/snindustries/public_html/clinicianleader/system/Database/BaseBuilder.php(1916): CodeIgniter\Database\BaseConnection->query('INSERT INTO `re...', Array, false)
#4 /home3/snindustries/public_html/clinicianleader/system/Model.php(303): CodeIgniter\Database\BaseBuilder->insert()
#5 /home3/snindustries/public_html/clinicianleader/system/BaseModel.php(750): CodeIgniter\Model->doInsert(Array)
#6 /home3/snindustries/public_html/clinicianleader/system/Model.php(695): CodeIgniter\BaseModel->insert(Array, true)
#7 /home3/snindustries/public_html/clinicianleader/app/Controllers/PostController.php(263): CodeIgniter\Model->insert(Array)
#8 /home3/snindustries/public_html/clinicianleader/system/CodeIgniter.php(925): App\Controllers\PostController->addReaction()
#9 /home3/snindustries/public_html/clinicianleader/system/CodeIgniter.php(480): CodeIgniter\CodeIgniter->runController(Object(App\Controllers\PostController))
#10 /home3/snindustries/public_html/clinicianleader/system/CodeIgniter.php(349): CodeIgniter\CodeIgniter->handleRequest(NULL, Object(Config\Cache), false)
#11 /home3/snindustries/public_html/clinicianleader/index.php(67): CodeIgniter\CodeIgniter->run()
#12 {main}
ERROR - 2026-01-29 01:34:10 --> mysqli_sql_exception: Unknown column 'updated_at' in 'field list' in /home3/snindustries/public_html/clinicianleader/system/Database/MySQLi/Connection.php:292
Stack trace:
#0 /home3/snindustries/public_html/clinicianleader/system/Database/MySQLi/Connection.php(292): mysqli->query('INSERT INTO `re...', 0)
#1 /home3/snindustries/public_html/clinicianleader/system/Database/BaseConnection.php(666): CodeIgniter\Database\MySQLi\Connection->execute('INSERT INTO `re...')
#2 /home3/snindustries/public_html/clinicianleader/system/Database/BaseConnection.php(593): CodeIgniter\Database\BaseConnection->simpleQuery('INSERT INTO `re...')
#3 /home3/snindustries/public_html/clinicianleader/system/Database/BaseBuilder.php(1916): CodeIgniter\Database\BaseConnection->query('INSERT INTO `re...', Array, false)
#4 /home3/snindustries/public_html/clinicianleader/system/Model.php(303): CodeIgniter\Database\BaseBuilder->insert()
#5 /home3/snindustries/public_html/clinicianleader/system/BaseModel.php(750): CodeIgniter\Model->doInsert(Array)
#6 /home3/snindustries/public_html/clinicianleader/system/Model.php(695): CodeIgniter\BaseModel->insert(Array, true)
#7 /home3/snindustries/public_html/clinicianleader/app/Controllers/PostController.php(263): CodeIgniter\Model->insert(Array)
#8 /home3/snindustries/public_html/clinicianleader/system/CodeIgniter.php(925): App\Controllers\PostController->addReaction()
#9 /home3/snindustries/public_html/clinicianleader/system/CodeIgniter.php(480): CodeIgniter\CodeIgniter->runController(Object(App\Controllers\PostController))
#10 /home3/snindustries/public_html/clinicianleader/system/CodeIgniter.php(349): CodeIgniter\CodeIgniter->handleRequest(NULL, Object(Config\Cache), false)
#11 /home3/snindustries/public_html/clinicianleader/index.php(67): CodeIgniter\CodeIgniter->run()
#12 {main}
ERROR - 2026-01-29 02:31:53 --> mysqli_sql_exception: Unknown column 'updated_at' in 'field list' in /home3/snindustries/public_html/clinicianleader/system/Database/MySQLi/Connection.php:292
Stack trace:
#0 /home3/snindustries/public_html/clinicianleader/system/Database/MySQLi/Connection.php(292): mysqli->query('INSERT INTO `re...', 0)
#1 /home3/snindustries/public_html/clinicianleader/system/Database/BaseConnection.php(666): CodeIgniter\Database\MySQLi\Connection->execute('INSERT INTO `re...')
#2 /home3/snindustries/public_html/clinicianleader/system/Database/BaseConnection.php(593): CodeIgniter\Database\BaseConnection->simpleQuery('INSERT INTO `re...')
#3 /home3/snindustries/public_html/clinicianleader/system/Database/BaseBuilder.php(1916): CodeIgniter\Database\BaseConnection->query('INSERT INTO `re...', Array, false)
#4 /home3/snindustries/public_html/clinicianleader/system/Model.php(303): CodeIgniter\Database\BaseBuilder->insert()
#5 /home3/snindustries/public_html/clinicianleader/system/BaseModel.php(750): CodeIgniter\Model->doInsert(Array)
#6 /home3/snindustries/public_html/clinicianleader/system/Model.php(695): CodeIgniter\BaseModel->insert(Array, true)
#7 /home3/snindustries/public_html/clinicianleader/app/Controllers/PostController.php(263): CodeIgniter\Model->insert(Array)
#8 /home3/snindustries/public_html/clinicianleader/system/CodeIgniter.php(925): App\Controllers\PostController->addReaction()
#9 /home3/snindustries/public_html/clinicianleader/system/CodeIgniter.php(480): CodeIgniter\CodeIgniter->runController(Object(App\Controllers\PostController))
#10 /home3/snindustries/public_html/clinicianleader/system/CodeIgniter.php(349): CodeIgniter\CodeIgniter->handleRequest(NULL, Object(Config\Cache), false)
#11 /home3/snindustries/public_html/clinicianleader/index.php(67): CodeIgniter\CodeIgniter->run()
#12 {main}
