CRITICAL - 2026-06-22 04:00:40 --> Attempt to read property "meta_title" on null
in APPPATH/Controllers/Home.php on line 1131.
 1 APPPATH/Controllers/Home.php(1131): CodeIgniter\Debug\Exceptions->errorHandler(2, 'Attempt to read property "meta_title" on null', 'APPPATH/Controllers/Home.php', 1131)
 2 SYSTEMPATH/CodeIgniter.php(925): App\Controllers\Home->register()
 3 SYSTEMPATH/CodeIgniter.php(480): CodeIgniter\CodeIgniter->runController(Object(App\Controllers\Home))
 4 SYSTEMPATH/CodeIgniter.php(349): CodeIgniter\CodeIgniter->handleRequest(null, Object(Config\Cache), false)
 5 FCPATH/index.php(67): CodeIgniter\CodeIgniter->run()
CRITICAL - 2026-06-22 04:06:38 --> You must set the database table to be used with your query.
in SYSTEMPATH/Database/BaseConnection.php on line 845.
 1 SYSTEMPATH/Model.php(611): CodeIgniter\Database\BaseConnection->table(null)
 2 SYSTEMPATH/Model.php(797): CodeIgniter\Model->builder()
 3 APPPATH/Controllers/Home.php(1223): CodeIgniter\Model->__call('single_query', [...])
 4 SYSTEMPATH/CodeIgniter.php(925): App\Controllers\Home->register_process()
 5 SYSTEMPATH/CodeIgniter.php(480): CodeIgniter\CodeIgniter->runController(Object(App\Controllers\Home))
 6 SYSTEMPATH/CodeIgniter.php(349): CodeIgniter\CodeIgniter->handleRequest(null, Object(Config\Cache), false)
 7 FCPATH/index.php(67): CodeIgniter\CodeIgniter->run()
CRITICAL - 2026-06-22 04:08:07 --> You must set the database table to be used with your query.
in SYSTEMPATH/Database/BaseConnection.php on line 845.
 1 SYSTEMPATH/Model.php(611): CodeIgniter\Database\BaseConnection->table(null)
 2 SYSTEMPATH/Model.php(797): CodeIgniter\Model->builder()
 3 APPPATH/Controllers/Home.php(1223): CodeIgniter\Model->__call('single_query', [...])
 4 SYSTEMPATH/CodeIgniter.php(925): App\Controllers\Home->register_process()
 5 SYSTEMPATH/CodeIgniter.php(480): CodeIgniter\CodeIgniter->runController(Object(App\Controllers\Home))
 6 SYSTEMPATH/CodeIgniter.php(349): CodeIgniter\CodeIgniter->handleRequest(null, Object(Config\Cache), false)
 7 FCPATH/index.php(67): CodeIgniter\CodeIgniter->run()
CRITICAL - 2026-06-22 04:10:43 --> You must set the database table to be used with your query.
in SYSTEMPATH/Database/BaseConnection.php on line 845.
 1 SYSTEMPATH/Model.php(611): CodeIgniter\Database\BaseConnection->table(null)
 2 SYSTEMPATH/Model.php(797): CodeIgniter\Model->builder()
 3 APPPATH/Controllers/Home.php(1225): CodeIgniter\Model->__call('single_query', [...])
 4 SYSTEMPATH/CodeIgniter.php(925): App\Controllers\Home->register_process()
 5 SYSTEMPATH/CodeIgniter.php(480): CodeIgniter\CodeIgniter->runController(Object(App\Controllers\Home))
 6 SYSTEMPATH/CodeIgniter.php(349): CodeIgniter\CodeIgniter->handleRequest(null, Object(Config\Cache), false)
 7 FCPATH/index.php(67): CodeIgniter\CodeIgniter->run()
CRITICAL - 2026-06-22 04:12:10 --> require_once(/home3/snindustries/public_html/zemsto/app/ThirdParty/razorpay/Razorpay.php): Failed to open stream: No such file or directory
in APPPATH/Controllers/Home.php on line 1300.
 1 APPPATH/Controllers/Home.php(1300): CodeIgniter\Debug\Exceptions->errorHandler(2, 'require_once(/home3/snindustries/public_html/zemsto/app/ThirdParty/razorpay/Razorpay.php): Failed to open stream: No such file or directory', 'APPPATH/Controllers/Home.php', 1300)
 2 APPPATH/Controllers/Home.php(1300): require_once()
 3 APPPATH/Controllers/Home.php(1251): App\Controllers\Home->createRazorpayOrder('1', '500', 'india')
 4 SYSTEMPATH/CodeIgniter.php(925): App\Controllers\Home->register_process()
 5 SYSTEMPATH/CodeIgniter.php(480): CodeIgniter\CodeIgniter->runController(Object(App\Controllers\Home))
 6 SYSTEMPATH/CodeIgniter.php(349): CodeIgniter\CodeIgniter->handleRequest(null, Object(Config\Cache), false)
 7 FCPATH/index.php(67): CodeIgniter\CodeIgniter->run()
CRITICAL - 2026-06-22 04:14:24 --> require_once(/home3/snindustries/public_html/zemsto/app/ThirdParty/razorpay/Razorpay.php): Failed to open stream: No such file or directory
in APPPATH/Controllers/Home.php on line 1300.
 1 APPPATH/Controllers/Home.php(1300): CodeIgniter\Debug\Exceptions->errorHandler(2, 'require_once(/home3/snindustries/public_html/zemsto/app/ThirdParty/razorpay/Razorpay.php): Failed to open stream: No such file or directory', 'APPPATH/Controllers/Home.php', 1300)
 2 APPPATH/Controllers/Home.php(1300): require_once()
 3 APPPATH/Controllers/Home.php(1251): App\Controllers\Home->createRazorpayOrder('1', '500', 'india')
 4 SYSTEMPATH/CodeIgniter.php(925): App\Controllers\Home->register_process()
 5 SYSTEMPATH/CodeIgniter.php(480): CodeIgniter\CodeIgniter->runController(Object(App\Controllers\Home))
 6 SYSTEMPATH/CodeIgniter.php(349): CodeIgniter\CodeIgniter->handleRequest(null, Object(Config\Cache), false)
 7 FCPATH/index.php(67): CodeIgniter\CodeIgniter->run()
CRITICAL - 2026-06-22 04:16:31 --> Cannot use App\Models\Commanmodel as Commanmodel because the name is already in use
in APPPATH/Controllers/Home.php on line 14.
 1 [internal function]: CodeIgniter\Debug\Exceptions->shutdownHandler()
CRITICAL - 2026-06-22 04:16:33 --> Cannot use App\Models\Commanmodel as Commanmodel because the name is already in use
in APPPATH/Controllers/Home.php on line 14.
 1 [internal function]: CodeIgniter\Debug\Exceptions->shutdownHandler()
CRITICAL - 2026-06-22 04:17:03 --> Cannot use App\Models\Commanmodel as Commanmodel because the name is already in use
in APPPATH/Controllers/Home.php on line 14.
 1 [internal function]: CodeIgniter\Debug\Exceptions->shutdownHandler()
CRITICAL - 2026-06-22 04:27:08 --> Attempt to read property "meta_title" on null
in APPPATH/Controllers/Home.php on line 1186.
 1 APPPATH/Controllers/Home.php(1186): CodeIgniter\Debug\Exceptions->errorHandler(2, 'Attempt to read property "meta_title" on null', 'APPPATH/Controllers/Home.php', 1186)
 2 SYSTEMPATH/CodeIgniter.php(925): App\Controllers\Home->login()
 3 SYSTEMPATH/CodeIgniter.php(480): CodeIgniter\CodeIgniter->runController(Object(App\Controllers\Home))
 4 SYSTEMPATH/CodeIgniter.php(349): CodeIgniter\CodeIgniter->handleRequest(null, Object(Config\Cache), false)
 5 FCPATH/index.php(67): CodeIgniter\CodeIgniter->run()
CRITICAL - 2026-06-22 06:04:27 --> Invalid file: frontend/head.php
in SYSTEMPATH/Exceptions/FrameworkException.php on line 33.
 1 SYSTEMPATH/View/View.php(201): CodeIgniter\Exceptions\FrameworkException::forInvalidFile('frontend/head.php')
 2 SYSTEMPATH/Common.php(1135): CodeIgniter\View\View->render('frontend/head', [], true)
 3 APPPATH/Controllers/Home.php(150): view('frontend/head')
 4 SYSTEMPATH/CodeIgniter.php(925): App\Controllers\Home->competition_details('6')
 5 SYSTEMPATH/CodeIgniter.php(480): CodeIgniter\CodeIgniter->runController(Object(App\Controllers\Home))
 6 SYSTEMPATH/CodeIgniter.php(349): CodeIgniter\CodeIgniter->handleRequest(null, Object(Config\Cache), false)
 7 FCPATH/index.php(67): CodeIgniter\CodeIgniter->run()
CRITICAL - 2026-06-22 06:04:50 --> Undefined variable $pageurl
in APPPATH/Views/frontend/header.php on line 22.
 1 APPPATH/Views/frontend/header.php(22): CodeIgniter\Debug\Exceptions->errorHandler(2, 'Undefined variable $pageurl', 'APPPATH/Views/frontend/header.php', 22)
 2 SYSTEMPATH/View/View.php(213): include('APPPATH/Views/frontend/header.php')
 3 SYSTEMPATH/View/View.php(216): CodeIgniter\View\View->CodeIgniter\View\{closure}()
 4 SYSTEMPATH/Common.php(1135): CodeIgniter\View\View->render('frontend/header', [], true)
 5 APPPATH/Controllers/Home.php(150): view('frontend/header')
 6 SYSTEMPATH/CodeIgniter.php(925): App\Controllers\Home->competition_details('6')
 7 SYSTEMPATH/CodeIgniter.php(480): CodeIgniter\CodeIgniter->runController(Object(App\Controllers\Home))
 8 SYSTEMPATH/CodeIgniter.php(349): CodeIgniter\CodeIgniter->handleRequest(null, Object(Config\Cache), false)
 9 FCPATH/index.php(67): CodeIgniter\CodeIgniter->run()
CRITICAL - 2026-06-22 06:04:54 --> Undefined variable $pageurl
in APPPATH/Views/frontend/header.php on line 22.
 1 APPPATH/Views/frontend/header.php(22): CodeIgniter\Debug\Exceptions->errorHandler(2, 'Undefined variable $pageurl', 'APPPATH/Views/frontend/header.php', 22)
 2 SYSTEMPATH/View/View.php(213): include('APPPATH/Views/frontend/header.php')
 3 SYSTEMPATH/View/View.php(216): CodeIgniter\View\View->CodeIgniter\View\{closure}()
 4 SYSTEMPATH/Common.php(1135): CodeIgniter\View\View->render('frontend/header', [], true)
 5 APPPATH/Controllers/Home.php(150): view('frontend/header')
 6 SYSTEMPATH/CodeIgniter.php(925): App\Controllers\Home->competition_details('6')
 7 SYSTEMPATH/CodeIgniter.php(480): CodeIgniter\CodeIgniter->runController(Object(App\Controllers\Home))
 8 SYSTEMPATH/CodeIgniter.php(349): CodeIgniter\CodeIgniter->handleRequest(null, Object(Config\Cache), false)
 9 FCPATH/index.php(67): CodeIgniter\CodeIgniter->run()
CRITICAL - 2026-06-22 06:05:23 --> Undefined variable $pageurl
in APPPATH/Views/frontend/header.php on line 22.
 1 APPPATH/Views/frontend/header.php(22): CodeIgniter\Debug\Exceptions->errorHandler(2, 'Undefined variable $pageurl', 'APPPATH/Views/frontend/header.php', 22)
 2 SYSTEMPATH/View/View.php(213): include('APPPATH/Views/frontend/header.php')
 3 SYSTEMPATH/View/View.php(216): CodeIgniter\View\View->CodeIgniter\View\{closure}()
 4 SYSTEMPATH/Common.php(1135): CodeIgniter\View\View->render('frontend/header', [], true)
 5 APPPATH/Controllers/Home.php(156): view('frontend/header')
 6 SYSTEMPATH/CodeIgniter.php(925): App\Controllers\Home->competition_details('6')
 7 SYSTEMPATH/CodeIgniter.php(480): CodeIgniter\CodeIgniter->runController(Object(App\Controllers\Home))
 8 SYSTEMPATH/CodeIgniter.php(349): CodeIgniter\CodeIgniter->handleRequest(null, Object(Config\Cache), false)
 9 FCPATH/index.php(67): CodeIgniter\CodeIgniter->run()
CRITICAL - 2026-06-22 06:05:26 --> Undefined variable $pageurl
in APPPATH/Views/frontend/header.php on line 22.
 1 APPPATH/Views/frontend/header.php(22): CodeIgniter\Debug\Exceptions->errorHandler(2, 'Undefined variable $pageurl', 'APPPATH/Views/frontend/header.php', 22)
 2 SYSTEMPATH/View/View.php(213): include('APPPATH/Views/frontend/header.php')
 3 SYSTEMPATH/View/View.php(216): CodeIgniter\View\View->CodeIgniter\View\{closure}()
 4 SYSTEMPATH/Common.php(1135): CodeIgniter\View\View->render('frontend/header', [], true)
 5 APPPATH/Controllers/Home.php(156): view('frontend/header')
 6 SYSTEMPATH/CodeIgniter.php(925): App\Controllers\Home->competition_details('6')
 7 SYSTEMPATH/CodeIgniter.php(480): CodeIgniter\CodeIgniter->runController(Object(App\Controllers\Home))
 8 SYSTEMPATH/CodeIgniter.php(349): CodeIgniter\CodeIgniter->handleRequest(null, Object(Config\Cache), false)
 9 FCPATH/index.php(67): CodeIgniter\CodeIgniter->run()
CRITICAL - 2026-06-22 06:05:27 --> Undefined variable $pageurl
in APPPATH/Views/frontend/header.php on line 22.
 1 APPPATH/Views/frontend/header.php(22): CodeIgniter\Debug\Exceptions->errorHandler(2, 'Undefined variable $pageurl', 'APPPATH/Views/frontend/header.php', 22)
 2 SYSTEMPATH/View/View.php(213): include('APPPATH/Views/frontend/header.php')
 3 SYSTEMPATH/View/View.php(216): CodeIgniter\View\View->CodeIgniter\View\{closure}()
 4 SYSTEMPATH/Common.php(1135): CodeIgniter\View\View->render('frontend/header', [], true)
 5 APPPATH/Controllers/Home.php(156): view('frontend/header')
 6 SYSTEMPATH/CodeIgniter.php(925): App\Controllers\Home->competition_details('6')
 7 SYSTEMPATH/CodeIgniter.php(480): CodeIgniter\CodeIgniter->runController(Object(App\Controllers\Home))
 8 SYSTEMPATH/CodeIgniter.php(349): CodeIgniter\CodeIgniter->handleRequest(null, Object(Config\Cache), false)
 9 FCPATH/index.php(67): CodeIgniter\CodeIgniter->run()
CRITICAL - 2026-06-22 06:06:07 --> Undefined variable $pageurl
in APPPATH/Views/frontend/header.php on line 22.
 1 APPPATH/Views/frontend/header.php(22): CodeIgniter\Debug\Exceptions->errorHandler(2, 'Undefined variable $pageurl', 'APPPATH/Views/frontend/header.php', 22)
 2 SYSTEMPATH/View/View.php(213): include('APPPATH/Views/frontend/header.php')
 3 SYSTEMPATH/View/View.php(216): CodeIgniter\View\View->CodeIgniter\View\{closure}()
 4 SYSTEMPATH/Common.php(1135): CodeIgniter\View\View->render('frontend/header', [], true)
 5 APPPATH/Controllers/Home.php(155): view('frontend/header')
 6 SYSTEMPATH/CodeIgniter.php(925): App\Controllers\Home->competition_details('6')
 7 SYSTEMPATH/CodeIgniter.php(480): CodeIgniter\CodeIgniter->runController(Object(App\Controllers\Home))
 8 SYSTEMPATH/CodeIgniter.php(349): CodeIgniter\CodeIgniter->handleRequest(null, Object(Config\Cache), false)
 9 FCPATH/index.php(67): CodeIgniter\CodeIgniter->run()
CRITICAL - 2026-06-22 06:06:37 --> Undefined variable $pageurl
in APPPATH/Views/frontend/header.php on line 22.
 1 APPPATH/Views/frontend/header.php(22): CodeIgniter\Debug\Exceptions->errorHandler(2, 'Undefined variable $pageurl', 'APPPATH/Views/frontend/header.php', 22)
 2 SYSTEMPATH/View/View.php(213): include('APPPATH/Views/frontend/header.php')
 3 SYSTEMPATH/View/View.php(216): CodeIgniter\View\View->CodeIgniter\View\{closure}()
 4 SYSTEMPATH/Common.php(1135): CodeIgniter\View\View->render('frontend/header', [], true)
 5 APPPATH/Controllers/Home.php(165): view('frontend/header')
 6 SYSTEMPATH/CodeIgniter.php(925): App\Controllers\Home->competition_details('6')
 7 SYSTEMPATH/CodeIgniter.php(480): CodeIgniter\CodeIgniter->runController(Object(App\Controllers\Home))
 8 SYSTEMPATH/CodeIgniter.php(349): CodeIgniter\CodeIgniter->handleRequest(null, Object(Config\Cache), false)
 9 FCPATH/index.php(67): CodeIgniter\CodeIgniter->run()
CRITICAL - 2026-06-22 06:06:40 --> Undefined variable $pageurl
in APPPATH/Views/frontend/header.php on line 22.
 1 APPPATH/Views/frontend/header.php(22): CodeIgniter\Debug\Exceptions->errorHandler(2, 'Undefined variable $pageurl', 'APPPATH/Views/frontend/header.php', 22)
 2 SYSTEMPATH/View/View.php(213): include('APPPATH/Views/frontend/header.php')
 3 SYSTEMPATH/View/View.php(216): CodeIgniter\View\View->CodeIgniter\View\{closure}()
 4 SYSTEMPATH/Common.php(1135): CodeIgniter\View\View->render('frontend/header', [], true)
 5 APPPATH/Controllers/Home.php(165): view('frontend/header')
 6 SYSTEMPATH/CodeIgniter.php(925): App\Controllers\Home->competition_details('6')
 7 SYSTEMPATH/CodeIgniter.php(480): CodeIgniter\CodeIgniter->runController(Object(App\Controllers\Home))
 8 SYSTEMPATH/CodeIgniter.php(349): CodeIgniter\CodeIgniter->handleRequest(null, Object(Config\Cache), false)
 9 FCPATH/index.php(67): CodeIgniter\CodeIgniter->run()
CRITICAL - 2026-06-22 06:07:10 --> Undefined variable $pageurl
in APPPATH/Views/frontend/header.php on line 22.
 1 APPPATH/Views/frontend/header.php(22): CodeIgniter\Debug\Exceptions->errorHandler(2, 'Undefined variable $pageurl', 'APPPATH/Views/frontend/header.php', 22)
 2 SYSTEMPATH/View/View.php(213): include('APPPATH/Views/frontend/header.php')
 3 SYSTEMPATH/View/View.php(216): CodeIgniter\View\View->CodeIgniter\View\{closure}()
 4 SYSTEMPATH/Common.php(1135): CodeIgniter\View\View->render('frontend/header', [], true)
 5 APPPATH/Controllers/Home.php(167): view('frontend/header')
 6 SYSTEMPATH/CodeIgniter.php(925): App\Controllers\Home->competition_details('6')
 7 SYSTEMPATH/CodeIgniter.php(480): CodeIgniter\CodeIgniter->runController(Object(App\Controllers\Home))
 8 SYSTEMPATH/CodeIgniter.php(349): CodeIgniter\CodeIgniter->handleRequest(null, Object(Config\Cache), false)
 9 FCPATH/index.php(67): CodeIgniter\CodeIgniter->run()
CRITICAL - 2026-06-22 06:08:04 --> Undefined variable $description
in APPPATH/Views/frontend/header.php on line 25.
 1 APPPATH/Views/frontend/header.php(25): CodeIgniter\Debug\Exceptions->errorHandler(2, 'Undefined variable $description', 'APPPATH/Views/frontend/header.php', 25)
 2 SYSTEMPATH/View/View.php(213): include('APPPATH/Views/frontend/header.php')
 3 SYSTEMPATH/View/View.php(216): CodeIgniter\View\View->CodeIgniter\View\{closure}()
 4 SYSTEMPATH/Common.php(1135): CodeIgniter\View\View->render('frontend/header', [], true)
 5 APPPATH/Controllers/Home.php(189): view('frontend/header', [...])
 6 SYSTEMPATH/CodeIgniter.php(925): App\Controllers\Home->competition_details('6')
 7 SYSTEMPATH/CodeIgniter.php(480): CodeIgniter\CodeIgniter->runController(Object(App\Controllers\Home))
 8 SYSTEMPATH/CodeIgniter.php(349): CodeIgniter\CodeIgniter->handleRequest(null, Object(Config\Cache), false)
 9 FCPATH/index.php(67): CodeIgniter\CodeIgniter->run()
CRITICAL - 2026-06-22 06:16:36 --> Call to a member function isValid() on array
in APPPATH/Controllers/CompetitionController.php on line 406.
 1 SYSTEMPATH/CodeIgniter.php(925): App\Controllers\CompetitionController->update_competition()
 2 SYSTEMPATH/CodeIgniter.php(480): CodeIgniter\CodeIgniter->runController(Object(App\Controllers\CompetitionController))
 3 SYSTEMPATH/CodeIgniter.php(349): CodeIgniter\CodeIgniter->handleRequest(null, Object(Config\Cache), false)
 4 FCPATH/index.php(67): CodeIgniter\CodeIgniter->run()
CRITICAL - 2026-06-22 06:17:45 --> Call to a member function isValid() on array
in APPPATH/Controllers/CompetitionController.php on line 406.
 1 SYSTEMPATH/CodeIgniter.php(925): App\Controllers\CompetitionController->update_competition()
 2 SYSTEMPATH/CodeIgniter.php(480): CodeIgniter\CodeIgniter->runController(Object(App\Controllers\CompetitionController))
 3 SYSTEMPATH/CodeIgniter.php(349): CodeIgniter\CodeIgniter->handleRequest(null, Object(Config\Cache), false)
 4 FCPATH/index.php(67): CodeIgniter\CodeIgniter->run()
CRITICAL - 2026-06-22 06:33:22 --> Call to a member function isValid() on array
in APPPATH/Controllers/CompetitionController.php on line 406.
 1 SYSTEMPATH/CodeIgniter.php(925): App\Controllers\CompetitionController->update_competition()
 2 SYSTEMPATH/CodeIgniter.php(480): CodeIgniter\CodeIgniter->runController(Object(App\Controllers\CompetitionController))
 3 SYSTEMPATH/CodeIgniter.php(349): CodeIgniter\CodeIgniter->handleRequest(null, Object(Config\Cache), false)
 4 FCPATH/index.php(67): CodeIgniter\CodeIgniter->run()
CRITICAL - 2026-06-22 06:33:41 --> The original file is not a valid file.
in SYSTEMPATH/HTTP/Files/UploadedFile.php on line 137.
 1 SYSTEMPATH/HTTP/Files/UploadedFile.php(137): CodeIgniter\HTTP\Exceptions\HTTPException::forInvalidFile()
 2 APPPATH/Controllers/CompetitionController.php(411): CodeIgniter\HTTP\Files\UploadedFile->move('FCPATH/uploads/features', '1782128021_f2fef58f15d66487c434')
 3 SYSTEMPATH/CodeIgniter.php(925): App\Controllers\CompetitionController->update_competition()
 4 SYSTEMPATH/CodeIgniter.php(480): CodeIgniter\CodeIgniter->runController(Object(App\Controllers\CompetitionController))
 5 SYSTEMPATH/CodeIgniter.php(349): CodeIgniter\CodeIgniter->handleRequest(null, Object(Config\Cache), false)
 6 FCPATH/index.php(67): CodeIgniter\CodeIgniter->run()
CRITICAL - 2026-06-22 06:34:27 --> Call to a member function isValid() on array
in APPPATH/Controllers/CompetitionController.php on line 406.
 1 SYSTEMPATH/CodeIgniter.php(925): App\Controllers\CompetitionController->update_competition()
 2 SYSTEMPATH/CodeIgniter.php(480): CodeIgniter\CodeIgniter->runController(Object(App\Controllers\CompetitionController))
 3 SYSTEMPATH/CodeIgniter.php(349): CodeIgniter\CodeIgniter->handleRequest(null, Object(Config\Cache), false)
 4 FCPATH/index.php(67): CodeIgniter\CodeIgniter->run()
CRITICAL - 2026-06-22 06:35:29 --> Call to a member function isValid() on array
in APPPATH/Controllers/CompetitionController.php on line 406.
 1 SYSTEMPATH/CodeIgniter.php(925): App\Controllers\CompetitionController->update_competition()
 2 SYSTEMPATH/CodeIgniter.php(480): CodeIgniter\CodeIgniter->runController(Object(App\Controllers\CompetitionController))
 3 SYSTEMPATH/CodeIgniter.php(349): CodeIgniter\CodeIgniter->handleRequest(null, Object(Config\Cache), false)
 4 FCPATH/index.php(67): CodeIgniter\CodeIgniter->run()
ERROR - 2026-06-22 07:03:35 --> mysqli_sql_exception: Unknown column 'created_at' in 'field list' in /home3/snindustries/public_html/zemsto/system/Database/MySQLi/Connection.php:292
Stack trace:
#0 /home3/snindustries/public_html/zemsto/system/Database/MySQLi/Connection.php(292): mysqli->query('UPDATE `user_ac...', 0)
#1 /home3/snindustries/public_html/zemsto/system/Database/BaseConnection.php(666): CodeIgniter\Database\MySQLi\Connection->execute('UPDATE `user_ac...')
#2 /home3/snindustries/public_html/zemsto/system/Database/BaseConnection.php(593): CodeIgniter\Database\BaseConnection->simpleQuery('UPDATE `user_ac...')
#3 /home3/snindustries/public_html/zemsto/system/Database/BaseBuilder.php(2079): CodeIgniter\Database\BaseConnection->query('UPDATE `user_ac...', Array, false)
#4 /home3/snindustries/public_html/zemsto/app/Models/Commanmodel.php(445): CodeIgniter\Database\BaseBuilder->update(Array)
#5 /home3/snindustries/public_html/zemsto/app/Controllers/Home.php(1344): App\Models\Commanmodel->update_query('user_account', Array, Array)
#6 /home3/snindustries/public_html/zemsto/system/CodeIgniter.php(925): App\Controllers\Home->register_process()
#7 /home3/snindustries/public_html/zemsto/system/CodeIgniter.php(480): CodeIgniter\CodeIgniter->runController(Object(App\Controllers\Home))
#8 /home3/snindustries/public_html/zemsto/system/CodeIgniter.php(349): CodeIgniter\CodeIgniter->handleRequest(NULL, Object(Config\Cache), false)
#9 /home3/snindustries/public_html/zemsto/index.php(67): CodeIgniter\CodeIgniter->run()
#10 {main}
ERROR - 2026-06-22 07:03:35 --> mysqli_sql_exception: Table 'snindust_zemsto.competition_registrations' doesn't exist in /home3/snindustries/public_html/zemsto/system/Database/MySQLi/Connection.php:292
Stack trace:
#0 /home3/snindustries/public_html/zemsto/system/Database/MySQLi/Connection.php(292): mysqli->query('INSERT INTO `co...', 0)
#1 /home3/snindustries/public_html/zemsto/system/Database/BaseConnection.php(666): CodeIgniter\Database\MySQLi\Connection->execute('INSERT INTO `co...')
#2 /home3/snindustries/public_html/zemsto/system/Database/BaseConnection.php(593): CodeIgniter\Database\BaseConnection->simpleQuery('INSERT INTO `co...')
#3 /home3/snindustries/public_html/zemsto/system/Database/BaseBuilder.php(1916): CodeIgniter\Database\BaseConnection->query('INSERT INTO `co...', Array, false)
#4 /home3/snindustries/public_html/zemsto/app/Models/Commanmodel.php(439): CodeIgniter\Database\BaseBuilder->insert(Array)
#5 /home3/snindustries/public_html/zemsto/app/Controllers/Home.php(1382): App\Models\Commanmodel->insert_query_get_inserid('competition_reg...', Array)
#6 /home3/snindustries/public_html/zemsto/system/CodeIgniter.php(925): App\Controllers\Home->register_process()
#7 /home3/snindustries/public_html/zemsto/system/CodeIgniter.php(480): CodeIgniter\CodeIgniter->runController(Object(App\Controllers\Home))
#8 /home3/snindustries/public_html/zemsto/system/CodeIgniter.php(349): CodeIgniter\CodeIgniter->handleRequest(NULL, Object(Config\Cache), false)
#9 /home3/snindustries/public_html/zemsto/index.php(67): CodeIgniter\CodeIgniter->run()
#10 {main}
ERROR - 2026-06-22 07:14:04 --> mysqli_sql_exception: Unknown column 'created_at' in 'field list' in /home3/snindustries/public_html/zemsto/system/Database/MySQLi/Connection.php:292
Stack trace:
#0 /home3/snindustries/public_html/zemsto/system/Database/MySQLi/Connection.php(292): mysqli->query('UPDATE `user_ac...', 0)
#1 /home3/snindustries/public_html/zemsto/system/Database/BaseConnection.php(666): CodeIgniter\Database\MySQLi\Connection->execute('UPDATE `user_ac...')
#2 /home3/snindustries/public_html/zemsto/system/Database/BaseConnection.php(593): CodeIgniter\Database\BaseConnection->simpleQuery('UPDATE `user_ac...')
#3 /home3/snindustries/public_html/zemsto/system/Database/BaseBuilder.php(2079): CodeIgniter\Database\BaseConnection->query('UPDATE `user_ac...', Array, false)
#4 /home3/snindustries/public_html/zemsto/app/Models/Commanmodel.php(445): CodeIgniter\Database\BaseBuilder->update(Array)
#5 /home3/snindustries/public_html/zemsto/app/Controllers/Home.php(1393): App\Models\Commanmodel->update_query('user_account', Array, Array)
#6 /home3/snindustries/public_html/zemsto/system/CodeIgniter.php(925): App\Controllers\Home->register_process()
#7 /home3/snindustries/public_html/zemsto/system/CodeIgniter.php(480): CodeIgniter\CodeIgniter->runController(Object(App\Controllers\Home))
#8 /home3/snindustries/public_html/zemsto/system/CodeIgniter.php(349): CodeIgniter\CodeIgniter->handleRequest(NULL, Object(Config\Cache), false)
#9 /home3/snindustries/public_html/zemsto/index.php(67): CodeIgniter\CodeIgniter->run()
#10 {main}
ERROR - 2026-06-22 07:14:04 --> mysqli_sql_exception: Table 'snindust_zemsto.competition_registrations' doesn't exist in /home3/snindustries/public_html/zemsto/system/Database/MySQLi/Connection.php:292
Stack trace:
#0 /home3/snindustries/public_html/zemsto/system/Database/MySQLi/Connection.php(292): mysqli->query('INSERT INTO `co...', 0)
#1 /home3/snindustries/public_html/zemsto/system/Database/BaseConnection.php(666): CodeIgniter\Database\MySQLi\Connection->execute('INSERT INTO `co...')
#2 /home3/snindustries/public_html/zemsto/system/Database/BaseConnection.php(593): CodeIgniter\Database\BaseConnection->simpleQuery('INSERT INTO `co...')
#3 /home3/snindustries/public_html/zemsto/system/Database/BaseBuilder.php(1916): CodeIgniter\Database\BaseConnection->query('INSERT INTO `co...', Array, false)
#4 /home3/snindustries/public_html/zemsto/app/Models/Commanmodel.php(439): CodeIgniter\Database\BaseBuilder->insert(Array)
#5 /home3/snindustries/public_html/zemsto/app/Controllers/Home.php(1435): App\Models\Commanmodel->insert_query_get_inserid('competition_reg...', Array)
#6 /home3/snindustries/public_html/zemsto/system/CodeIgniter.php(925): App\Controllers\Home->register_process()
#7 /home3/snindustries/public_html/zemsto/system/CodeIgniter.php(480): CodeIgniter\CodeIgniter->runController(Object(App\Controllers\Home))
#8 /home3/snindustries/public_html/zemsto/system/CodeIgniter.php(349): CodeIgniter\CodeIgniter->handleRequest(NULL, Object(Config\Cache), false)
#9 /home3/snindustries/public_html/zemsto/index.php(67): CodeIgniter\CodeIgniter->run()
#10 {main}
ERROR - 2026-06-22 07:16:49 --> mysqli_sql_exception: Unknown column 'created_at' in 'field list' in /home3/snindustries/public_html/zemsto/system/Database/MySQLi/Connection.php:292
Stack trace:
#0 /home3/snindustries/public_html/zemsto/system/Database/MySQLi/Connection.php(292): mysqli->query('UPDATE `user_ac...', 0)
#1 /home3/snindustries/public_html/zemsto/system/Database/BaseConnection.php(666): CodeIgniter\Database\MySQLi\Connection->execute('UPDATE `user_ac...')
#2 /home3/snindustries/public_html/zemsto/system/Database/BaseConnection.php(593): CodeIgniter\Database\BaseConnection->simpleQuery('UPDATE `user_ac...')
#3 /home3/snindustries/public_html/zemsto/system/Database/BaseBuilder.php(2079): CodeIgniter\Database\BaseConnection->query('UPDATE `user_ac...', Array, false)
#4 /home3/snindustries/public_html/zemsto/app/Models/Commanmodel.php(445): CodeIgniter\Database\BaseBuilder->update(Array)
#5 /home3/snindustries/public_html/zemsto/app/Controllers/Home.php(1393): App\Models\Commanmodel->update_query('user_account', Array, Array)
#6 /home3/snindustries/public_html/zemsto/system/CodeIgniter.php(925): App\Controllers\Home->register_process()
#7 /home3/snindustries/public_html/zemsto/system/CodeIgniter.php(480): CodeIgniter\CodeIgniter->runController(Object(App\Controllers\Home))
#8 /home3/snindustries/public_html/zemsto/system/CodeIgniter.php(349): CodeIgniter\CodeIgniter->handleRequest(NULL, Object(Config\Cache), false)
#9 /home3/snindustries/public_html/zemsto/index.php(67): CodeIgniter\CodeIgniter->run()
#10 {main}
ERROR - 2026-06-22 07:17:39 --> mysqli_sql_exception: Unknown column 'updated_at' in 'field list' in /home3/snindustries/public_html/zemsto/system/Database/MySQLi/Connection.php:292
Stack trace:
#0 /home3/snindustries/public_html/zemsto/system/Database/MySQLi/Connection.php(292): mysqli->query('UPDATE `user_ac...', 0)
#1 /home3/snindustries/public_html/zemsto/system/Database/BaseConnection.php(666): CodeIgniter\Database\MySQLi\Connection->execute('UPDATE `user_ac...')
#2 /home3/snindustries/public_html/zemsto/system/Database/BaseConnection.php(593): CodeIgniter\Database\BaseConnection->simpleQuery('UPDATE `user_ac...')
#3 /home3/snindustries/public_html/zemsto/system/Database/BaseBuilder.php(2079): CodeIgniter\Database\BaseConnection->query('UPDATE `user_ac...', Array, false)
#4 /home3/snindustries/public_html/zemsto/app/Models/Commanmodel.php(445): CodeIgniter\Database\BaseBuilder->update(Array)
#5 /home3/snindustries/public_html/zemsto/app/Controllers/Home.php(1621): App\Models\Commanmodel->update_query('user_account', Array, Array)
#6 /home3/snindustries/public_html/zemsto/system/CodeIgniter.php(925): App\Controllers\Home->verify_payment()
#7 /home3/snindustries/public_html/zemsto/system/CodeIgniter.php(480): CodeIgniter\CodeIgniter->runController(Object(App\Controllers\Home))
#8 /home3/snindustries/public_html/zemsto/system/CodeIgniter.php(349): CodeIgniter\CodeIgniter->handleRequest(NULL, Object(Config\Cache), false)
#9 /home3/snindustries/public_html/zemsto/index.php(67): CodeIgniter\CodeIgniter->run()
#10 {main}
CRITICAL - 2026-06-22 07:23:04 --> Undefined array key "column"
in APPPATH/Models/Commanmodel.php on line 1338.
 1 APPPATH/Models/Commanmodel.php(1338): CodeIgniter\Debug\Exceptions->errorHandler(2, 'Undefined array key "column"', 'APPPATH/Models/Commanmodel.php', 1338)
 2 APPPATH/Controllers/Dashboard.php(30): App\Models\Commanmodel->getDataFromTable('competition_registrations', [...], [...])
 3 SYSTEMPATH/CodeIgniter.php(925): App\Controllers\Dashboard->index()
 4 SYSTEMPATH/CodeIgniter.php(480): CodeIgniter\CodeIgniter->runController(Object(App\Controllers\Dashboard))
 5 SYSTEMPATH/CodeIgniter.php(349): CodeIgniter\CodeIgniter->handleRequest(null, Object(Config\Cache), false)
 6 FCPATH/index.php(67): CodeIgniter\CodeIgniter->run()
CRITICAL - 2026-06-22 07:24:07 --> Too few arguments to function App\Models\Commanmodel::all_multiple_query_order_by(), 3 passed in /home3/snindustries/public_html/zemsto/app/Controllers/Dashboard.php on line 30 and exactly 4 expected
in APPPATH/Models/Commanmodel.php on line 633.
 1 APPPATH/Controllers/Dashboard.php(30): App\Models\Commanmodel->all_multiple_query_order_by('competition_registrations', [...], [...])
 2 SYSTEMPATH/CodeIgniter.php(925): App\Controllers\Dashboard->index()
 3 SYSTEMPATH/CodeIgniter.php(480): CodeIgniter\CodeIgniter->runController(Object(App\Controllers\Dashboard))
 4 SYSTEMPATH/CodeIgniter.php(349): CodeIgniter\CodeIgniter->handleRequest(null, Object(Config\Cache), false)
 5 FCPATH/index.php(67): CodeIgniter\CodeIgniter->run()
ERROR - 2026-06-22 07:25:50 --> mysqli_sql_exception: Unknown column 'updated_at' in 'field list' in /home3/snindustries/public_html/zemsto/system/Database/MySQLi/Connection.php:292
Stack trace:
#0 /home3/snindustries/public_html/zemsto/system/Database/MySQLi/Connection.php(292): mysqli->query('UPDATE `user_ac...', 0)
#1 /home3/snindustries/public_html/zemsto/system/Database/BaseConnection.php(666): CodeIgniter\Database\MySQLi\Connection->execute('UPDATE `user_ac...')
#2 /home3/snindustries/public_html/zemsto/system/Database/BaseConnection.php(593): CodeIgniter\Database\BaseConnection->simpleQuery('UPDATE `user_ac...')
#3 /home3/snindustries/public_html/zemsto/system/Database/BaseBuilder.php(2079): CodeIgniter\Database\BaseConnection->query('UPDATE `user_ac...', Array, false)
#4 /home3/snindustries/public_html/zemsto/app/Models/Commanmodel.php(445): CodeIgniter\Database\BaseBuilder->update(Array)
#5 /home3/snindustries/public_html/zemsto/app/Controllers/Dashboard.php(85): App\Models\Commanmodel->update_query('user_account', Array, Array)
#6 /home3/snindustries/public_html/zemsto/system/CodeIgniter.php(925): App\Controllers\Dashboard->update_user()
#7 /home3/snindustries/public_html/zemsto/system/CodeIgniter.php(480): CodeIgniter\CodeIgniter->runController(Object(App\Controllers\Dashboard))
#8 /home3/snindustries/public_html/zemsto/system/CodeIgniter.php(349): CodeIgniter\CodeIgniter->handleRequest(NULL, Object(Config\Cache), false)
#9 /home3/snindustries/public_html/zemsto/index.php(67): CodeIgniter\CodeIgniter->run()
#10 {main}
ERROR - 2026-06-22 07:29:33 --> mysqli_sql_exception: Unknown column 'updated_at' in 'field list' in /home3/snindustries/public_html/zemsto/system/Database/MySQLi/Connection.php:292
Stack trace:
#0 /home3/snindustries/public_html/zemsto/system/Database/MySQLi/Connection.php(292): mysqli->query('UPDATE `user_ac...', 0)
#1 /home3/snindustries/public_html/zemsto/system/Database/BaseConnection.php(666): CodeIgniter\Database\MySQLi\Connection->execute('UPDATE `user_ac...')
#2 /home3/snindustries/public_html/zemsto/system/Database/BaseConnection.php(593): CodeIgniter\Database\BaseConnection->simpleQuery('UPDATE `user_ac...')
#3 /home3/snindustries/public_html/zemsto/system/Database/BaseBuilder.php(2079): CodeIgniter\Database\BaseConnection->query('UPDATE `user_ac...', Array, false)
#4 /home3/snindustries/public_html/zemsto/app/Models/Commanmodel.php(445): CodeIgniter\Database\BaseBuilder->update(Array)
#5 /home3/snindustries/public_html/zemsto/app/Controllers/Dashboard.php(102): App\Models\Commanmodel->update_query('user_account', Array, Array)
#6 /home3/snindustries/public_html/zemsto/system/CodeIgniter.php(925): App\Controllers\Dashboard->update_user()
#7 /home3/snindustries/public_html/zemsto/system/CodeIgniter.php(480): CodeIgniter\CodeIgniter->runController(Object(App\Controllers\Dashboard))
#8 /home3/snindustries/public_html/zemsto/system/CodeIgniter.php(349): CodeIgniter\CodeIgniter->handleRequest(NULL, Object(Config\Cache), false)
#9 /home3/snindustries/public_html/zemsto/index.php(67): CodeIgniter\CodeIgniter->run()
#10 {main}
ERROR - 2026-06-22 07:35:22 --> mysqli_sql_exception: Unknown column 'updated_at' in 'field list' in /home3/snindustries/public_html/zemsto/system/Database/MySQLi/Connection.php:292
Stack trace:
#0 /home3/snindustries/public_html/zemsto/system/Database/MySQLi/Connection.php(292): mysqli->query('UPDATE `user_ac...', 0)
#1 /home3/snindustries/public_html/zemsto/system/Database/BaseConnection.php(666): CodeIgniter\Database\MySQLi\Connection->execute('UPDATE `user_ac...')
#2 /home3/snindustries/public_html/zemsto/system/Database/BaseConnection.php(593): CodeIgniter\Database\BaseConnection->simpleQuery('UPDATE `user_ac...')
#3 /home3/snindustries/public_html/zemsto/system/Database/BaseBuilder.php(2079): CodeIgniter\Database\BaseConnection->query('UPDATE `user_ac...', Array, false)
#4 /home3/snindustries/public_html/zemsto/app/Models/Commanmodel.php(445): CodeIgniter\Database\BaseBuilder->update(Array)
#5 /home3/snindustries/public_html/zemsto/app/Controllers/Dashboard.php(102): App\Models\Commanmodel->update_query('user_account', Array, Array)
#6 /home3/snindustries/public_html/zemsto/system/CodeIgniter.php(925): App\Controllers\Dashboard->update_user()
#7 /home3/snindustries/public_html/zemsto/system/CodeIgniter.php(480): CodeIgniter\CodeIgniter->runController(Object(App\Controllers\Dashboard))
#8 /home3/snindustries/public_html/zemsto/system/CodeIgniter.php(349): CodeIgniter\CodeIgniter->handleRequest(NULL, Object(Config\Cache), false)
#9 /home3/snindustries/public_html/zemsto/index.php(67): CodeIgniter\CodeIgniter->run()
#10 {main}
ERROR - 2026-06-22 07:35:30 --> mysqli_sql_exception: Unknown column 'updated_at' in 'field list' in /home3/snindustries/public_html/zemsto/system/Database/MySQLi/Connection.php:292
Stack trace:
#0 /home3/snindustries/public_html/zemsto/system/Database/MySQLi/Connection.php(292): mysqli->query('UPDATE `user_ac...', 0)
#1 /home3/snindustries/public_html/zemsto/system/Database/BaseConnection.php(666): CodeIgniter\Database\MySQLi\Connection->execute('UPDATE `user_ac...')
#2 /home3/snindustries/public_html/zemsto/system/Database/BaseConnection.php(593): CodeIgniter\Database\BaseConnection->simpleQuery('UPDATE `user_ac...')
#3 /home3/snindustries/public_html/zemsto/system/Database/BaseBuilder.php(2079): CodeIgniter\Database\BaseConnection->query('UPDATE `user_ac...', Array, false)
#4 /home3/snindustries/public_html/zemsto/app/Models/Commanmodel.php(445): CodeIgniter\Database\BaseBuilder->update(Array)
#5 /home3/snindustries/public_html/zemsto/app/Controllers/Dashboard.php(102): App\Models\Commanmodel->update_query('user_account', Array, Array)
#6 /home3/snindustries/public_html/zemsto/system/CodeIgniter.php(925): App\Controllers\Dashboard->update_user()
#7 /home3/snindustries/public_html/zemsto/system/CodeIgniter.php(480): CodeIgniter\CodeIgniter->runController(Object(App\Controllers\Dashboard))
#8 /home3/snindustries/public_html/zemsto/system/CodeIgniter.php(349): CodeIgniter\CodeIgniter->handleRequest(NULL, Object(Config\Cache), false)
#9 /home3/snindustries/public_html/zemsto/index.php(67): CodeIgniter\CodeIgniter->run()
#10 {main}
ERROR - 2026-06-22 07:42:30 --> mysqli_sql_exception: Unknown column 'updated_at' in 'field list' in /home3/snindustries/public_html/zemsto/system/Database/MySQLi/Connection.php:292
Stack trace:
#0 /home3/snindustries/public_html/zemsto/system/Database/MySQLi/Connection.php(292): mysqli->query('UPDATE `user_ac...', 0)
#1 /home3/snindustries/public_html/zemsto/system/Database/BaseConnection.php(666): CodeIgniter\Database\MySQLi\Connection->execute('UPDATE `user_ac...')
#2 /home3/snindustries/public_html/zemsto/system/Database/BaseConnection.php(593): CodeIgniter\Database\BaseConnection->simpleQuery('UPDATE `user_ac...')
#3 /home3/snindustries/public_html/zemsto/system/Database/BaseBuilder.php(2079): CodeIgniter\Database\BaseConnection->query('UPDATE `user_ac...', Array, false)
#4 /home3/snindustries/public_html/zemsto/app/Models/Commanmodel.php(445): CodeIgniter\Database\BaseBuilder->update(Array)
#5 /home3/snindustries/public_html/zemsto/app/Controllers/Dashboard.php(102): App\Models\Commanmodel->update_query('user_account', Array, Array)
#6 /home3/snindustries/public_html/zemsto/system/CodeIgniter.php(925): App\Controllers\Dashboard->update_user()
#7 /home3/snindustries/public_html/zemsto/system/CodeIgniter.php(480): CodeIgniter\CodeIgniter->runController(Object(App\Controllers\Dashboard))
#8 /home3/snindustries/public_html/zemsto/system/CodeIgniter.php(349): CodeIgniter\CodeIgniter->handleRequest(NULL, Object(Config\Cache), false)
#9 /home3/snindustries/public_html/zemsto/index.php(67): CodeIgniter\CodeIgniter->run()
#10 {main}
