ERROR - 2026-06-29 02:28:21 --> mysqli_sql_exception: Unknown column 'DISTINCT' in 'field list' in /home3/snindustries/public_html/zemsto/system/Database/MySQLi/Connection.php:292
Stack trace:
#0 /home3/snindustries/public_html/zemsto/system/Database/MySQLi/Connection.php(292): mysqli->query('SELECT `DISTINC...', 0)
#1 /home3/snindustries/public_html/zemsto/system/Database/BaseConnection.php(666): CodeIgniter\Database\MySQLi\Connection->execute('SELECT `DISTINC...')
#2 /home3/snindustries/public_html/zemsto/system/Database/BaseConnection.php(593): CodeIgniter\Database\BaseConnection->simpleQuery('SELECT `DISTINC...')
#3 /home3/snindustries/public_html/zemsto/system/Database/BaseBuilder.php(1585): CodeIgniter\Database\BaseConnection->query('SELECT `DISTINC...', Array, false)
#4 /home3/snindustries/public_html/zemsto/app/Controllers/Home.php(793): CodeIgniter\Database\BaseBuilder->get()
#5 /home3/snindustries/public_html/zemsto/system/CodeIgniter.php(925): App\Controllers\Home->book()
#6 /home3/snindustries/public_html/zemsto/system/CodeIgniter.php(480): CodeIgniter\CodeIgniter->runController(Object(App\Controllers\Home))
#7 /home3/snindustries/public_html/zemsto/system/CodeIgniter.php(349): CodeIgniter\CodeIgniter->handleRequest(NULL, Object(Config\Cache), false)
#8 /home3/snindustries/public_html/zemsto/index.php(67): CodeIgniter\CodeIgniter->run()
#9 {main}
ERROR - 2026-06-29 05:28:46 --> mysqli_sql_exception: Unknown column 'DISTINCT' in 'field list' in /home3/snindustries/public_html/zemsto/system/Database/MySQLi/Connection.php:292
Stack trace:
#0 /home3/snindustries/public_html/zemsto/system/Database/MySQLi/Connection.php(292): mysqli->query('SELECT `DISTINC...', 0)
#1 /home3/snindustries/public_html/zemsto/system/Database/BaseConnection.php(666): CodeIgniter\Database\MySQLi\Connection->execute('SELECT `DISTINC...')
#2 /home3/snindustries/public_html/zemsto/system/Database/BaseConnection.php(593): CodeIgniter\Database\BaseConnection->simpleQuery('SELECT `DISTINC...')
#3 /home3/snindustries/public_html/zemsto/system/Database/BaseBuilder.php(1585): CodeIgniter\Database\BaseConnection->query('SELECT `DISTINC...', Array, false)
#4 /home3/snindustries/public_html/zemsto/app/Controllers/Home.php(1076): CodeIgniter\Database\BaseBuilder->get()
#5 /home3/snindustries/public_html/zemsto/system/CodeIgniter.php(925): App\Controllers\Home->talent_winners()
#6 /home3/snindustries/public_html/zemsto/system/CodeIgniter.php(480): CodeIgniter\CodeIgniter->runController(Object(App\Controllers\Home))
#7 /home3/snindustries/public_html/zemsto/system/CodeIgniter.php(349): CodeIgniter\CodeIgniter->handleRequest(NULL, Object(Config\Cache), false)
#8 /home3/snindustries/public_html/zemsto/index.php(67): CodeIgniter\CodeIgniter->run()
#9 {main}
CRITICAL - 2026-06-29 05:28:46 --> Call to a member function getResult() on bool
in APPPATH/Controllers/Home.php on line 1077.
 1 SYSTEMPATH/CodeIgniter.php(925): App\Controllers\Home->talent_winners()
 2 SYSTEMPATH/CodeIgniter.php(480): CodeIgniter\CodeIgniter->runController(Object(App\Controllers\Home))
 3 SYSTEMPATH/CodeIgniter.php(349): CodeIgniter\CodeIgniter->handleRequest(null, Object(Config\Cache), false)
 4 FCPATH/index.php(67): CodeIgniter\CodeIgniter->run()
ERROR - 2026-06-29 08:10:43 --> mysqli_sql_exception: Unknown column 'DISTINCT' in 'field list' in /home3/snindustries/public_html/zemsto/system/Database/MySQLi/Connection.php:292
Stack trace:
#0 /home3/snindustries/public_html/zemsto/system/Database/MySQLi/Connection.php(292): mysqli->query('SELECT `DISTINC...', 0)
#1 /home3/snindustries/public_html/zemsto/system/Database/BaseConnection.php(666): CodeIgniter\Database\MySQLi\Connection->execute('SELECT `DISTINC...')
#2 /home3/snindustries/public_html/zemsto/system/Database/BaseConnection.php(593): CodeIgniter\Database\BaseConnection->simpleQuery('SELECT `DISTINC...')
#3 /home3/snindustries/public_html/zemsto/system/Database/BaseBuilder.php(1585): CodeIgniter\Database\BaseConnection->query('SELECT `DISTINC...', Array, false)
#4 /home3/snindustries/public_html/zemsto/app/Controllers/Home.php(793): CodeIgniter\Database\BaseBuilder->get()
#5 /home3/snindustries/public_html/zemsto/system/CodeIgniter.php(925): App\Controllers\Home->book()
#6 /home3/snindustries/public_html/zemsto/system/CodeIgniter.php(480): CodeIgniter\CodeIgniter->runController(Object(App\Controllers\Home))
#7 /home3/snindustries/public_html/zemsto/system/CodeIgniter.php(349): CodeIgniter\CodeIgniter->handleRequest(NULL, Object(Config\Cache), false)
#8 /home3/snindustries/public_html/zemsto/index.php(67): CodeIgniter\CodeIgniter->run()
#9 {main}
ERROR - 2026-06-29 08:14:11 --> mysqli_sql_exception: Unknown column 'DISTINCT' in 'field list' in /home3/snindustries/public_html/zemsto/system/Database/MySQLi/Connection.php:292
Stack trace:
#0 /home3/snindustries/public_html/zemsto/system/Database/MySQLi/Connection.php(292): mysqli->query('SELECT `DISTINC...', 0)
#1 /home3/snindustries/public_html/zemsto/system/Database/BaseConnection.php(666): CodeIgniter\Database\MySQLi\Connection->execute('SELECT `DISTINC...')
#2 /home3/snindustries/public_html/zemsto/system/Database/BaseConnection.php(593): CodeIgniter\Database\BaseConnection->simpleQuery('SELECT `DISTINC...')
#3 /home3/snindustries/public_html/zemsto/system/Database/BaseBuilder.php(1585): CodeIgniter\Database\BaseConnection->query('SELECT `DISTINC...', Array, false)
#4 /home3/snindustries/public_html/zemsto/app/Controllers/Home.php(793): CodeIgniter\Database\BaseBuilder->get()
#5 /home3/snindustries/public_html/zemsto/system/CodeIgniter.php(925): App\Controllers\Home->book()
#6 /home3/snindustries/public_html/zemsto/system/CodeIgniter.php(480): CodeIgniter\CodeIgniter->runController(Object(App\Controllers\Home))
#7 /home3/snindustries/public_html/zemsto/system/CodeIgniter.php(349): CodeIgniter\CodeIgniter->handleRequest(NULL, Object(Config\Cache), false)
#8 /home3/snindustries/public_html/zemsto/index.php(67): CodeIgniter\CodeIgniter->run()
#9 {main}
ERROR - 2026-06-29 08:14:30 --> mysqli_sql_exception: Unknown column 'DISTINCT' in 'field list' in /home3/snindustries/public_html/zemsto/system/Database/MySQLi/Connection.php:292
Stack trace:
#0 /home3/snindustries/public_html/zemsto/system/Database/MySQLi/Connection.php(292): mysqli->query('SELECT `DISTINC...', 0)
#1 /home3/snindustries/public_html/zemsto/system/Database/BaseConnection.php(666): CodeIgniter\Database\MySQLi\Connection->execute('SELECT `DISTINC...')
#2 /home3/snindustries/public_html/zemsto/system/Database/BaseConnection.php(593): CodeIgniter\Database\BaseConnection->simpleQuery('SELECT `DISTINC...')
#3 /home3/snindustries/public_html/zemsto/system/Database/BaseBuilder.php(1585): CodeIgniter\Database\BaseConnection->query('SELECT `DISTINC...', Array, false)
#4 /home3/snindustries/public_html/zemsto/app/Controllers/Home.php(793): CodeIgniter\Database\BaseBuilder->get()
#5 /home3/snindustries/public_html/zemsto/system/CodeIgniter.php(925): App\Controllers\Home->book()
#6 /home3/snindustries/public_html/zemsto/system/CodeIgniter.php(480): CodeIgniter\CodeIgniter->runController(Object(App\Controllers\Home))
#7 /home3/snindustries/public_html/zemsto/system/CodeIgniter.php(349): CodeIgniter\CodeIgniter->handleRequest(NULL, Object(Config\Cache), false)
#8 /home3/snindustries/public_html/zemsto/index.php(67): CodeIgniter\CodeIgniter->run()
#9 {main}
