CRITICAL - 2025-10-06 06:14:46 --> Attempt to read property "product_id" on null
in APPPATH/Controllers/Admin.php on line 3324.
 1 APPPATH/Controllers/Admin.php(3324): CodeIgniter\Debug\Exceptions->errorHandler(2, 'Attempt to read property "product_id" on null', 'APPPATH/Controllers/Admin.php', 3324)
 2 SYSTEMPATH/CodeIgniter.php(925): App\Controllers\Admin->edit_product('category-create')
 3 SYSTEMPATH/CodeIgniter.php(480): CodeIgniter\CodeIgniter->runController(Object(App\Controllers\Admin))
 4 SYSTEMPATH/CodeIgniter.php(349): CodeIgniter\CodeIgniter->handleRequest(null, Object(Config\Cache), false)
 5 FCPATH/index.php(67): CodeIgniter\CodeIgniter->run()
CRITICAL - 2025-10-06 06:17:27 --> Attempt to read property "product_id" on null
in APPPATH/Controllers/Admin.php on line 3327.
 1 APPPATH/Controllers/Admin.php(3327): CodeIgniter\Debug\Exceptions->errorHandler(2, 'Attempt to read property "product_id" on null', 'APPPATH/Controllers/Admin.php', 3327)
 2 SYSTEMPATH/CodeIgniter.php(925): App\Controllers\Admin->edit_product('category-create')
 3 SYSTEMPATH/CodeIgniter.php(480): CodeIgniter\CodeIgniter->runController(Object(App\Controllers\Admin))
 4 SYSTEMPATH/CodeIgniter.php(349): CodeIgniter\CodeIgniter->handleRequest(null, Object(Config\Cache), false)
 5 FCPATH/index.php(67): CodeIgniter\CodeIgniter->run()
CRITICAL - 2025-10-06 06:18:00 --> Attempt to read property "product_id" on null
in APPPATH/Controllers/Admin.php on line 3327.
 1 APPPATH/Controllers/Admin.php(3327): CodeIgniter\Debug\Exceptions->errorHandler(2, 'Attempt to read property "product_id" on null', 'APPPATH/Controllers/Admin.php', 3327)
 2 SYSTEMPATH/CodeIgniter.php(925): App\Controllers\Admin->edit_product('category-create')
 3 SYSTEMPATH/CodeIgniter.php(480): CodeIgniter\CodeIgniter->runController(Object(App\Controllers\Admin))
 4 SYSTEMPATH/CodeIgniter.php(349): CodeIgniter\CodeIgniter->handleRequest(null, Object(Config\Cache), false)
 5 FCPATH/index.php(67): CodeIgniter\CodeIgniter->run()
CRITICAL - 2025-10-06 06:19:04 --> Attempt to read property "product_id" on null
in APPPATH/Controllers/Admin.php on line 3327.
 1 APPPATH/Controllers/Admin.php(3327): CodeIgniter\Debug\Exceptions->errorHandler(2, 'Attempt to read property "product_id" on null', 'APPPATH/Controllers/Admin.php', 3327)
 2 SYSTEMPATH/CodeIgniter.php(925): App\Controllers\Admin->edit_product('category-create')
 3 SYSTEMPATH/CodeIgniter.php(480): CodeIgniter\CodeIgniter->runController(Object(App\Controllers\Admin))
 4 SYSTEMPATH/CodeIgniter.php(349): CodeIgniter\CodeIgniter->handleRequest(null, Object(Config\Cache), false)
 5 FCPATH/index.php(67): CodeIgniter\CodeIgniter->run()
CRITICAL - 2025-10-06 06:19:44 --> The original file is not a valid file.
in SYSTEMPATH/HTTP/Files/UploadedFile.php on line 137.
 1 SYSTEMPATH/HTTP/Files/UploadedFile.php(137): CodeIgniter\HTTP\Exceptions\HTTPException::forInvalidFile()
 2 APPPATH/Controllers/Admin.php(3507): CodeIgniter\HTTP\Files\UploadedFile->move('FCPATH/assets/images', '-1.')
 3 SYSTEMPATH/CodeIgniter.php(925): App\Controllers\Admin->update_product_process('1')
 4 SYSTEMPATH/CodeIgniter.php(480): CodeIgniter\CodeIgniter->runController(Object(App\Controllers\Admin))
 5 SYSTEMPATH/CodeIgniter.php(349): CodeIgniter\CodeIgniter->handleRequest(null, Object(Config\Cache), false)
 6 FCPATH/index.php(67): CodeIgniter\CodeIgniter->run()
CRITICAL - 2025-10-06 06:20:35 --> The original file is not a valid file.
in SYSTEMPATH/HTTP/Files/UploadedFile.php on line 137.
 1 SYSTEMPATH/HTTP/Files/UploadedFile.php(137): CodeIgniter\HTTP\Exceptions\HTTPException::forInvalidFile()
 2 APPPATH/Controllers/Admin.php(3507): CodeIgniter\HTTP\Files\UploadedFile->move('FCPATH/assets/images', '-1.')
 3 SYSTEMPATH/CodeIgniter.php(925): App\Controllers\Admin->update_product_process('1')
 4 SYSTEMPATH/CodeIgniter.php(480): CodeIgniter\CodeIgniter->runController(Object(App\Controllers\Admin))
 5 SYSTEMPATH/CodeIgniter.php(349): CodeIgniter\CodeIgniter->handleRequest(null, Object(Config\Cache), false)
 6 FCPATH/index.php(67): CodeIgniter\CodeIgniter->run()
CRITICAL - 2025-10-06 06:20:38 --> Attempt to read property "product_id" on null
in APPPATH/Controllers/Admin.php on line 3327.
 1 APPPATH/Controllers/Admin.php(3327): CodeIgniter\Debug\Exceptions->errorHandler(2, 'Attempt to read property "product_id" on null', 'APPPATH/Controllers/Admin.php', 3327)
 2 SYSTEMPATH/CodeIgniter.php(925): App\Controllers\Admin->edit_product('category-create')
 3 SYSTEMPATH/CodeIgniter.php(480): CodeIgniter\CodeIgniter->runController(Object(App\Controllers\Admin))
 4 SYSTEMPATH/CodeIgniter.php(349): CodeIgniter\CodeIgniter->handleRequest(null, Object(Config\Cache), false)
 5 FCPATH/index.php(67): CodeIgniter\CodeIgniter->run()
CRITICAL - 2025-10-06 06:20:41 --> Attempt to read property "product_id" on null
in APPPATH/Controllers/Admin.php on line 3327.
 1 APPPATH/Controllers/Admin.php(3327): CodeIgniter\Debug\Exceptions->errorHandler(2, 'Attempt to read property "product_id" on null', 'APPPATH/Controllers/Admin.php', 3327)
 2 SYSTEMPATH/CodeIgniter.php(925): App\Controllers\Admin->edit_product('category-create')
 3 SYSTEMPATH/CodeIgniter.php(480): CodeIgniter\CodeIgniter->runController(Object(App\Controllers\Admin))
 4 SYSTEMPATH/CodeIgniter.php(349): CodeIgniter\CodeIgniter->handleRequest(null, Object(Config\Cache), false)
 5 FCPATH/index.php(67): CodeIgniter\CodeIgniter->run()
CRITICAL - 2025-10-06 06:20:48 --> Attempt to read property "product_id" on null
in APPPATH/Controllers/Admin.php on line 3327.
 1 APPPATH/Controllers/Admin.php(3327): CodeIgniter\Debug\Exceptions->errorHandler(2, 'Attempt to read property "product_id" on null', 'APPPATH/Controllers/Admin.php', 3327)
 2 SYSTEMPATH/CodeIgniter.php(925): App\Controllers\Admin->edit_product('category-create')
 3 SYSTEMPATH/CodeIgniter.php(480): CodeIgniter\CodeIgniter->runController(Object(App\Controllers\Admin))
 4 SYSTEMPATH/CodeIgniter.php(349): CodeIgniter\CodeIgniter->handleRequest(null, Object(Config\Cache), false)
 5 FCPATH/index.php(67): CodeIgniter\CodeIgniter->run()
CRITICAL - 2025-10-06 06:20:55 --> Attempt to read property "product_id" on null
in APPPATH/Controllers/Admin.php on line 3327.
 1 APPPATH/Controllers/Admin.php(3327): CodeIgniter\Debug\Exceptions->errorHandler(2, 'Attempt to read property "product_id" on null', 'APPPATH/Controllers/Admin.php', 3327)
 2 SYSTEMPATH/CodeIgniter.php(925): App\Controllers\Admin->edit_product('category-create')
 3 SYSTEMPATH/CodeIgniter.php(480): CodeIgniter\CodeIgniter->runController(Object(App\Controllers\Admin))
 4 SYSTEMPATH/CodeIgniter.php(349): CodeIgniter\CodeIgniter->handleRequest(null, Object(Config\Cache), false)
 5 FCPATH/index.php(67): CodeIgniter\CodeIgniter->run()
CRITICAL - 2025-10-06 06:21:06 --> Attempt to read property "product_id" on null
in APPPATH/Controllers/Admin.php on line 3327.
 1 APPPATH/Controllers/Admin.php(3327): CodeIgniter\Debug\Exceptions->errorHandler(2, 'Attempt to read property "product_id" on null', 'APPPATH/Controllers/Admin.php', 3327)
 2 SYSTEMPATH/CodeIgniter.php(925): App\Controllers\Admin->edit_product('category-create')
 3 SYSTEMPATH/CodeIgniter.php(480): CodeIgniter\CodeIgniter->runController(Object(App\Controllers\Admin))
 4 SYSTEMPATH/CodeIgniter.php(349): CodeIgniter\CodeIgniter->handleRequest(null, Object(Config\Cache), false)
 5 FCPATH/index.php(67): CodeIgniter\CodeIgniter->run()
CRITICAL - 2025-10-06 06:32:31 --> Attempt to read property "product_id" on null
in APPPATH/Controllers/Admin.php on line 3327.
 1 APPPATH/Controllers/Admin.php(3327): CodeIgniter\Debug\Exceptions->errorHandler(2, 'Attempt to read property "product_id" on null', 'APPPATH/Controllers/Admin.php', 3327)
 2 SYSTEMPATH/CodeIgniter.php(925): App\Controllers\Admin->edit_product('category-create')
 3 SYSTEMPATH/CodeIgniter.php(480): CodeIgniter\CodeIgniter->runController(Object(App\Controllers\Admin))
 4 SYSTEMPATH/CodeIgniter.php(349): CodeIgniter\CodeIgniter->handleRequest(null, Object(Config\Cache), false)
 5 FCPATH/index.php(67): CodeIgniter\CodeIgniter->run()
CRITICAL - 2025-10-06 06:32:43 --> Attempt to read property "product_id" on null
in APPPATH/Controllers/Admin.php on line 3327.
 1 APPPATH/Controllers/Admin.php(3327): CodeIgniter\Debug\Exceptions->errorHandler(2, 'Attempt to read property "product_id" on null', 'APPPATH/Controllers/Admin.php', 3327)
 2 SYSTEMPATH/CodeIgniter.php(925): App\Controllers\Admin->edit_product('category-create')
 3 SYSTEMPATH/CodeIgniter.php(480): CodeIgniter\CodeIgniter->runController(Object(App\Controllers\Admin))
 4 SYSTEMPATH/CodeIgniter.php(349): CodeIgniter\CodeIgniter->handleRequest(null, Object(Config\Cache), false)
 5 FCPATH/index.php(67): CodeIgniter\CodeIgniter->run()
