CRITICAL - 2025-10-11 05:15:58 --> Attempt to read property "product_id" on null
in APPPATH/Controllers/Admin.php on line 3327.
 1 APPPATH/Controllers/Admin.php(3327): CodeIgniter\Debug\Exceptions->errorHandler(2, 'Attempt to read property "product_id" on null', 'APPPATH/Controllers/Admin.php', 3327)
 2 SYSTEMPATH/CodeIgniter.php(925): App\Controllers\Admin->edit_product('category-create')
 3 SYSTEMPATH/CodeIgniter.php(480): CodeIgniter\CodeIgniter->runController(Object(App\Controllers\Admin))
 4 SYSTEMPATH/CodeIgniter.php(349): CodeIgniter\CodeIgniter->handleRequest(null, Object(Config\Cache), false)
 5 FCPATH/index.php(67): CodeIgniter\CodeIgniter->run()
CRITICAL - 2025-10-11 05:18:52 --> Attempt to read property "product_id" on null
in APPPATH/Controllers/Admin.php on line 3327.
 1 APPPATH/Controllers/Admin.php(3327): CodeIgniter\Debug\Exceptions->errorHandler(2, 'Attempt to read property "product_id" on null', 'APPPATH/Controllers/Admin.php', 3327)
 2 SYSTEMPATH/CodeIgniter.php(925): App\Controllers\Admin->edit_product('category-create')
 3 SYSTEMPATH/CodeIgniter.php(480): CodeIgniter\CodeIgniter->runController(Object(App\Controllers\Admin))
 4 SYSTEMPATH/CodeIgniter.php(349): CodeIgniter\CodeIgniter->handleRequest(null, Object(Config\Cache), false)
 5 FCPATH/index.php(67): CodeIgniter\CodeIgniter->run()
CRITICAL - 2025-10-11 05:21:48 --> Attempt to read property "product_id" on null
in APPPATH/Controllers/Admin.php on line 3327.
 1 APPPATH/Controllers/Admin.php(3327): CodeIgniter\Debug\Exceptions->errorHandler(2, 'Attempt to read property "product_id" on null', 'APPPATH/Controllers/Admin.php', 3327)
 2 SYSTEMPATH/CodeIgniter.php(925): App\Controllers\Admin->edit_product('category-create')
 3 SYSTEMPATH/CodeIgniter.php(480): CodeIgniter\CodeIgniter->runController(Object(App\Controllers\Admin))
 4 SYSTEMPATH/CodeIgniter.php(349): CodeIgniter\CodeIgniter->handleRequest(null, Object(Config\Cache), false)
 5 FCPATH/index.php(67): CodeIgniter\CodeIgniter->run()
