CRITICAL - 2026-06-19 07:02:20 --> Attempt to read property "meta_title" on null
in APPPATH/Controllers/Home.php on line 870.
 1 APPPATH/Controllers/Home.php(870): CodeIgniter\Debug\Exceptions->errorHandler(2, 'Attempt to read property "meta_title" on null', 'APPPATH/Controllers/Home.php', 870)
 2 SYSTEMPATH/CodeIgniter.php(925): App\Controllers\Home->blog_detail('FCPATH/animate5.gif')
 3 SYSTEMPATH/CodeIgniter.php(480): CodeIgniter\CodeIgniter->runController(Object(App\Controllers\Home))
 4 SYSTEMPATH/CodeIgniter.php(349): CodeIgniter\CodeIgniter->handleRequest(null, Object(Config\Cache), false)
 5 FCPATH/index.php(67): CodeIgniter\CodeIgniter->run()
CRITICAL - 2026-06-19 07:02:20 --> Attempt to read property "meta_title" on null
in APPPATH/Controllers/Home.php on line 870.
 1 APPPATH/Controllers/Home.php(870): CodeIgniter\Debug\Exceptions->errorHandler(2, 'Attempt to read property "meta_title" on null', 'APPPATH/Controllers/Home.php', 870)
 2 SYSTEMPATH/CodeIgniter.php(925): App\Controllers\Home->blog_detail('FCPATH/animate1.gif')
 3 SYSTEMPATH/CodeIgniter.php(480): CodeIgniter\CodeIgniter->runController(Object(App\Controllers\Home))
 4 SYSTEMPATH/CodeIgniter.php(349): CodeIgniter\CodeIgniter->handleRequest(null, Object(Config\Cache), false)
 5 FCPATH/index.php(67): CodeIgniter\CodeIgniter->run()
CRITICAL - 2026-06-19 07:02:20 --> Attempt to read property "meta_title" on null
in APPPATH/Controllers/Home.php on line 870.
 1 APPPATH/Controllers/Home.php(870): CodeIgniter\Debug\Exceptions->errorHandler(2, 'Attempt to read property "meta_title" on null', 'APPPATH/Controllers/Home.php', 870)
 2 SYSTEMPATH/CodeIgniter.php(925): App\Controllers\Home->blog_detail('FCPATH/animate2.gif')
 3 SYSTEMPATH/CodeIgniter.php(480): CodeIgniter\CodeIgniter->runController(Object(App\Controllers\Home))
 4 SYSTEMPATH/CodeIgniter.php(349): CodeIgniter\CodeIgniter->handleRequest(null, Object(Config\Cache), false)
 5 FCPATH/index.php(67): CodeIgniter\CodeIgniter->run()
CRITICAL - 2026-06-19 07:02:20 --> Attempt to read property "meta_title" on null
in APPPATH/Controllers/Home.php on line 870.
 1 APPPATH/Controllers/Home.php(870): CodeIgniter\Debug\Exceptions->errorHandler(2, 'Attempt to read property "meta_title" on null', 'APPPATH/Controllers/Home.php', 870)
 2 SYSTEMPATH/CodeIgniter.php(925): App\Controllers\Home->blog_detail('FCPATH/animate3.gif')
 3 SYSTEMPATH/CodeIgniter.php(480): CodeIgniter\CodeIgniter->runController(Object(App\Controllers\Home))
 4 SYSTEMPATH/CodeIgniter.php(349): CodeIgniter\CodeIgniter->handleRequest(null, Object(Config\Cache), false)
 5 FCPATH/index.php(67): CodeIgniter\CodeIgniter->run()
CRITICAL - 2026-06-19 07:02:20 --> Attempt to read property "meta_title" on null
in APPPATH/Controllers/Home.php on line 870.
 1 APPPATH/Controllers/Home.php(870): CodeIgniter\Debug\Exceptions->errorHandler(2, 'Attempt to read property "meta_title" on null', 'APPPATH/Controllers/Home.php', 870)
 2 SYSTEMPATH/CodeIgniter.php(925): App\Controllers\Home->blog_detail('FCPATH/animate4.gif')
 3 SYSTEMPATH/CodeIgniter.php(480): CodeIgniter\CodeIgniter->runController(Object(App\Controllers\Home))
 4 SYSTEMPATH/CodeIgniter.php(349): CodeIgniter\CodeIgniter->handleRequest(null, Object(Config\Cache), false)
 5 FCPATH/index.php(67): CodeIgniter\CodeIgniter->run()
