CRITICAL - 2026-06-26 00:44:46 --> Undefined property: stdClass::$class
in APPPATH/Controllers/Olympiad_result.php on line 106.
 1 APPPATH/Controllers/Olympiad_result.php(106): CodeIgniter\Debug\Exceptions->errorHandler(2, 'Undefined property: stdClass::$class', 'APPPATH/Controllers/Olympiad_result.php', 106)
 2 SYSTEMPATH/CodeIgniter.php(925): App\Controllers\Olympiad_result->search()
 3 SYSTEMPATH/CodeIgniter.php(480): CodeIgniter\CodeIgniter->runController(Object(App\Controllers\Olympiad_result))
 4 SYSTEMPATH/CodeIgniter.php(349): CodeIgniter\CodeIgniter->handleRequest(null, Object(Config\Cache), false)
 5 FCPATH/index.php(67): CodeIgniter\CodeIgniter->run()
CRITICAL - 2026-06-26 00:44:52 --> Undefined property: stdClass::$class
in APPPATH/Controllers/Olympiad_result.php on line 106.
 1 APPPATH/Controllers/Olympiad_result.php(106): CodeIgniter\Debug\Exceptions->errorHandler(2, 'Undefined property: stdClass::$class', 'APPPATH/Controllers/Olympiad_result.php', 106)
 2 SYSTEMPATH/CodeIgniter.php(925): App\Controllers\Olympiad_result->search()
 3 SYSTEMPATH/CodeIgniter.php(480): CodeIgniter\CodeIgniter->runController(Object(App\Controllers\Olympiad_result))
 4 SYSTEMPATH/CodeIgniter.php(349): CodeIgniter\CodeIgniter->handleRequest(null, Object(Config\Cache), false)
 5 FCPATH/index.php(67): CodeIgniter\CodeIgniter->run()
CRITICAL - 2026-06-26 00:44:57 --> Undefined property: stdClass::$class
in APPPATH/Controllers/Olympiad_result.php on line 106.
 1 APPPATH/Controllers/Olympiad_result.php(106): CodeIgniter\Debug\Exceptions->errorHandler(2, 'Undefined property: stdClass::$class', 'APPPATH/Controllers/Olympiad_result.php', 106)
 2 SYSTEMPATH/CodeIgniter.php(925): App\Controllers\Olympiad_result->search()
 3 SYSTEMPATH/CodeIgniter.php(480): CodeIgniter\CodeIgniter->runController(Object(App\Controllers\Olympiad_result))
 4 SYSTEMPATH/CodeIgniter.php(349): CodeIgniter\CodeIgniter->handleRequest(null, Object(Config\Cache), false)
 5 FCPATH/index.php(67): CodeIgniter\CodeIgniter->run()
