CRITICAL - 2026-06-16 00:44:09 --> You must set the database table to be used with your query.
in SYSTEMPATH/Database/BaseConnection.php on line 845.
 1 SYSTEMPATH/Model.php(611): CodeIgniter\Database\BaseConnection->table(null)
 2 SYSTEMPATH/Model.php(797): CodeIgniter\Model->builder()
 3 APPPATH/Controllers/Exotic.php(182): CodeIgniter\Model->__call('insertID', [])
 4 SYSTEMPATH/CodeIgniter.php(925): App\Controllers\Exotic->exotic_save()
 5 SYSTEMPATH/CodeIgniter.php(480): CodeIgniter\CodeIgniter->runController(Object(App\Controllers\Exotic))
 6 SYSTEMPATH/CodeIgniter.php(349): CodeIgniter\CodeIgniter->handleRequest(null, Object(Config\Cache), false)
 7 FCPATH/index.php(67): CodeIgniter\CodeIgniter->run()
CRITICAL - 2026-06-16 00:52:39 --> Undefined property: App\Controllers\Exotic::$db
in APPPATH/Controllers/Exotic.php on line 266.
 1 APPPATH/Controllers/Exotic.php(266): CodeIgniter\Debug\Exceptions->errorHandler(2, 'Undefined property: App\\Controllers\\Exotic::$db', 'APPPATH/Controllers/Exotic.php', 266)
 2 SYSTEMPATH/CodeIgniter.php(925): App\Controllers\Exotic->exotic_update()
 3 SYSTEMPATH/CodeIgniter.php(480): CodeIgniter\CodeIgniter->runController(Object(App\Controllers\Exotic))
 4 SYSTEMPATH/CodeIgniter.php(349): CodeIgniter\CodeIgniter->handleRequest(null, Object(Config\Cache), false)
 5 FCPATH/index.php(67): CodeIgniter\CodeIgniter->run()
CRITICAL - 2026-06-16 01:09:09 --> You must set the database table to be used with your query.
in SYSTEMPATH/Database/BaseConnection.php on line 845.
 1 SYSTEMPATH/Model.php(611): CodeIgniter\Database\BaseConnection->table(null)
 2 SYSTEMPATH/Model.php(797): CodeIgniter\Model->builder()
 3 APPPATH/Controllers/Home.php(99): CodeIgniter\Model->__call('getExoticData', [...])
 4 SYSTEMPATH/CodeIgniter.php(925): App\Controllers\Home->imported_plants()
 5 SYSTEMPATH/CodeIgniter.php(480): CodeIgniter\CodeIgniter->runController(Object(App\Controllers\Home))
 6 SYSTEMPATH/CodeIgniter.php(349): CodeIgniter\CodeIgniter->handleRequest(null, Object(Config\Cache), false)
 7 FCPATH/index.php(67): CodeIgniter\CodeIgniter->run()
ERROR - 2026-06-16 03:43:33 --> mysqli_sql_exception: Cannot add or update a child row: a foreign key constraint fails (`snindust_greenvalleyplants`.`exotic_gallery`, CONSTRAINT `exotic_gallery_ibfk_1` FOREIGN KEY (`exotic_id`) REFERENCES `exotic_collection` (`exotic_id`) ON DELETE CASCADE) in /home3/snindustries/public_html/greenvalleyplants/system/Database/MySQLi/Connection.php:292
Stack trace:
#0 /home3/snindustries/public_html/greenvalleyplants/system/Database/MySQLi/Connection.php(292): mysqli->query('INSERT INTO `ex...', 0)
#1 /home3/snindustries/public_html/greenvalleyplants/system/Database/BaseConnection.php(666): CodeIgniter\Database\MySQLi\Connection->execute('INSERT INTO `ex...')
#2 /home3/snindustries/public_html/greenvalleyplants/system/Database/BaseConnection.php(593): CodeIgniter\Database\BaseConnection->simpleQuery('INSERT INTO `ex...')
#3 /home3/snindustries/public_html/greenvalleyplants/system/Database/BaseBuilder.php(1916): CodeIgniter\Database\BaseConnection->query('INSERT INTO `ex...', Array, false)
#4 /home3/snindustries/public_html/greenvalleyplants/app/Models/Commanmodel.php(433): CodeIgniter\Database\BaseBuilder->insert(Array)
#5 /home3/snindustries/public_html/greenvalleyplants/app/Controllers/Exotic.php(320): App\Models\Commanmodel->insert_query('exotic_gallery', Array)
#6 /home3/snindustries/public_html/greenvalleyplants/system/CodeIgniter.php(925): App\Controllers\Exotic->exotic_update()
#7 /home3/snindustries/public_html/greenvalleyplants/system/CodeIgniter.php(480): CodeIgniter\CodeIgniter->runController(Object(App\Controllers\Exotic))
#8 /home3/snindustries/public_html/greenvalleyplants/system/CodeIgniter.php(349): CodeIgniter\CodeIgniter->handleRequest(NULL, Object(Config\Cache), false)
#9 /home3/snindustries/public_html/greenvalleyplants/index.php(67): CodeIgniter\CodeIgniter->run()
#10 {main}
ERROR - 2026-06-16 03:43:33 --> mysqli_sql_exception: Cannot add or update a child row: a foreign key constraint fails (`snindust_greenvalleyplants`.`exotic_gallery`, CONSTRAINT `exotic_gallery_ibfk_1` FOREIGN KEY (`exotic_id`) REFERENCES `exotic_collection` (`exotic_id`) ON DELETE CASCADE) in /home3/snindustries/public_html/greenvalleyplants/system/Database/MySQLi/Connection.php:292
Stack trace:
#0 /home3/snindustries/public_html/greenvalleyplants/system/Database/MySQLi/Connection.php(292): mysqli->query('INSERT INTO `ex...', 0)
#1 /home3/snindustries/public_html/greenvalleyplants/system/Database/BaseConnection.php(666): CodeIgniter\Database\MySQLi\Connection->execute('INSERT INTO `ex...')
#2 /home3/snindustries/public_html/greenvalleyplants/system/Database/BaseConnection.php(593): CodeIgniter\Database\BaseConnection->simpleQuery('INSERT INTO `ex...')
#3 /home3/snindustries/public_html/greenvalleyplants/system/Database/BaseBuilder.php(1916): CodeIgniter\Database\BaseConnection->query('INSERT INTO `ex...', Array, false)
#4 /home3/snindustries/public_html/greenvalleyplants/app/Models/Commanmodel.php(433): CodeIgniter\Database\BaseBuilder->insert(Array)
#5 /home3/snindustries/public_html/greenvalleyplants/app/Controllers/Exotic.php(320): App\Models\Commanmodel->insert_query('exotic_gallery', Array)
#6 /home3/snindustries/public_html/greenvalleyplants/system/CodeIgniter.php(925): App\Controllers\Exotic->exotic_update()
#7 /home3/snindustries/public_html/greenvalleyplants/system/CodeIgniter.php(480): CodeIgniter\CodeIgniter->runController(Object(App\Controllers\Exotic))
#8 /home3/snindustries/public_html/greenvalleyplants/system/CodeIgniter.php(349): CodeIgniter\CodeIgniter->handleRequest(NULL, Object(Config\Cache), false)
#9 /home3/snindustries/public_html/greenvalleyplants/index.php(67): CodeIgniter\CodeIgniter->run()
#10 {main}
CRITICAL - 2026-06-16 03:55:15 --> syntax error, unexpected identifier "assets", expecting ")"
in APPPATH/Views/frontend/landscaping_plants.php on line 2.
 1 SYSTEMPATH/View/View.php(216): CodeIgniter\View\View->CodeIgniter\View\{closure}()
 2 SYSTEMPATH/Common.php(1135): CodeIgniter\View\View->render('frontend/landscaping_plants', [], true)
 3 APPPATH/Controllers/Home.php(258): view('frontend/landscaping_plants')
 4 SYSTEMPATH/CodeIgniter.php(925): App\Controllers\Home->landscaping_plants()
 5 SYSTEMPATH/CodeIgniter.php(480): CodeIgniter\CodeIgniter->runController(Object(App\Controllers\Home))
 6 SYSTEMPATH/CodeIgniter.php(349): CodeIgniter\CodeIgniter->handleRequest(null, Object(Config\Cache), false)
 7 FCPATH/index.php(67): CodeIgniter\CodeIgniter->run()
CRITICAL - 2026-06-16 04:03:02 --> Invalid file: frontend/landscape_design.php
in SYSTEMPATH/Exceptions/FrameworkException.php on line 33.
 1 SYSTEMPATH/View/View.php(201): CodeIgniter\Exceptions\FrameworkException::forInvalidFile('frontend/landscape_design.php')
 2 SYSTEMPATH/Common.php(1135): CodeIgniter\View\View->render('frontend/landscape_design', [], true)
 3 APPPATH/Controllers/Home.php(295): view('frontend/landscape_design')
 4 SYSTEMPATH/CodeIgniter.php(925): App\Controllers\Home->landscape_design()
 5 SYSTEMPATH/CodeIgniter.php(480): CodeIgniter\CodeIgniter->runController(Object(App\Controllers\Home))
 6 SYSTEMPATH/CodeIgniter.php(349): CodeIgniter\CodeIgniter->handleRequest(null, Object(Config\Cache), false)
 7 FCPATH/index.php(67): CodeIgniter\CodeIgniter->run()
CRITICAL - 2026-06-16 04:03:43 --> Invalid file: frontend/landscape_design.php
in SYSTEMPATH/Exceptions/FrameworkException.php on line 33.
 1 SYSTEMPATH/View/View.php(201): CodeIgniter\Exceptions\FrameworkException::forInvalidFile('frontend/landscape_design.php')
 2 SYSTEMPATH/Common.php(1135): CodeIgniter\View\View->render('frontend/landscape_design', [], true)
 3 APPPATH/Controllers/Home.php(295): view('frontend/landscape_design')
 4 SYSTEMPATH/CodeIgniter.php(925): App\Controllers\Home->landscape_design()
 5 SYSTEMPATH/CodeIgniter.php(480): CodeIgniter\CodeIgniter->runController(Object(App\Controllers\Home))
 6 SYSTEMPATH/CodeIgniter.php(349): CodeIgniter\CodeIgniter->handleRequest(null, Object(Config\Cache), false)
 7 FCPATH/index.php(67): CodeIgniter\CodeIgniter->run()
CRITICAL - 2026-06-16 04:03:59 --> Invalid file: frontend/landscape_design.php
in SYSTEMPATH/Exceptions/FrameworkException.php on line 33.
 1 SYSTEMPATH/View/View.php(201): CodeIgniter\Exceptions\FrameworkException::forInvalidFile('frontend/landscape_design.php')
 2 SYSTEMPATH/Common.php(1135): CodeIgniter\View\View->render('frontend/landscape_design', [], true)
 3 APPPATH/Controllers/Home.php(295): view('frontend/landscape_design')
 4 SYSTEMPATH/CodeIgniter.php(925): App\Controllers\Home->landscape_design()
 5 SYSTEMPATH/CodeIgniter.php(480): CodeIgniter\CodeIgniter->runController(Object(App\Controllers\Home))
 6 SYSTEMPATH/CodeIgniter.php(349): CodeIgniter\CodeIgniter->handleRequest(null, Object(Config\Cache), false)
 7 FCPATH/index.php(67): CodeIgniter\CodeIgniter->run()
CRITICAL - 2026-06-16 04:20:29 --> Undefined property: App\Controllers\Home::$db
in APPPATH/Controllers/Home.php on line 290.
 1 APPPATH/Controllers/Home.php(290): CodeIgniter\Debug\Exceptions->errorHandler(2, 'Undefined property: App\\Controllers\\Home::$db', 'APPPATH/Controllers/Home.php', 290)
 2 SYSTEMPATH/CodeIgniter.php(925): App\Controllers\Home->landscape_design()
 3 SYSTEMPATH/CodeIgniter.php(480): CodeIgniter\CodeIgniter->runController(Object(App\Controllers\Home))
 4 SYSTEMPATH/CodeIgniter.php(349): CodeIgniter\CodeIgniter->handleRequest(null, Object(Config\Cache), false)
 5 FCPATH/index.php(67): CodeIgniter\CodeIgniter->run()
CRITICAL - 2026-06-16 04:20:32 --> Undefined property: App\Controllers\Home::$db
in APPPATH/Controllers/Home.php on line 290.
 1 APPPATH/Controllers/Home.php(290): CodeIgniter\Debug\Exceptions->errorHandler(2, 'Undefined property: App\\Controllers\\Home::$db', 'APPPATH/Controllers/Home.php', 290)
 2 SYSTEMPATH/CodeIgniter.php(925): App\Controllers\Home->landscape_design()
 3 SYSTEMPATH/CodeIgniter.php(480): CodeIgniter\CodeIgniter->runController(Object(App\Controllers\Home))
 4 SYSTEMPATH/CodeIgniter.php(349): CodeIgniter\CodeIgniter->handleRequest(null, Object(Config\Cache), false)
 5 FCPATH/index.php(67): CodeIgniter\CodeIgniter->run()
CRITICAL - 2026-06-16 04:21:03 --> Undefined property: App\Controllers\Home::$db
in APPPATH/Controllers/Home.php on line 290.
 1 APPPATH/Controllers/Home.php(290): CodeIgniter\Debug\Exceptions->errorHandler(2, 'Undefined property: App\\Controllers\\Home::$db', 'APPPATH/Controllers/Home.php', 290)
 2 SYSTEMPATH/CodeIgniter.php(925): App\Controllers\Home->landscape_design()
 3 SYSTEMPATH/CodeIgniter.php(480): CodeIgniter\CodeIgniter->runController(Object(App\Controllers\Home))
 4 SYSTEMPATH/CodeIgniter.php(349): CodeIgniter\CodeIgniter->handleRequest(null, Object(Config\Cache), false)
 5 FCPATH/index.php(67): CodeIgniter\CodeIgniter->run()
CRITICAL - 2026-06-16 04:21:06 --> Undefined property: App\Controllers\Home::$db
in APPPATH/Controllers/Home.php on line 290.
 1 APPPATH/Controllers/Home.php(290): CodeIgniter\Debug\Exceptions->errorHandler(2, 'Undefined property: App\\Controllers\\Home::$db', 'APPPATH/Controllers/Home.php', 290)
 2 SYSTEMPATH/CodeIgniter.php(925): App\Controllers\Home->landscape_design()
 3 SYSTEMPATH/CodeIgniter.php(480): CodeIgniter\CodeIgniter->runController(Object(App\Controllers\Home))
 4 SYSTEMPATH/CodeIgniter.php(349): CodeIgniter\CodeIgniter->handleRequest(null, Object(Config\Cache), false)
 5 FCPATH/index.php(67): CodeIgniter\CodeIgniter->run()
CRITICAL - 2026-06-16 04:21:27 --> Undefined property: App\Controllers\Home::$db
in APPPATH/Controllers/Home.php on line 290.
 1 APPPATH/Controllers/Home.php(290): CodeIgniter\Debug\Exceptions->errorHandler(2, 'Undefined property: App\\Controllers\\Home::$db', 'APPPATH/Controllers/Home.php', 290)
 2 SYSTEMPATH/CodeIgniter.php(925): App\Controllers\Home->landscape_design()
 3 SYSTEMPATH/CodeIgniter.php(480): CodeIgniter\CodeIgniter->runController(Object(App\Controllers\Home))
 4 SYSTEMPATH/CodeIgniter.php(349): CodeIgniter\CodeIgniter->handleRequest(null, Object(Config\Cache), false)
 5 FCPATH/index.php(67): CodeIgniter\CodeIgniter->run()
CRITICAL - 2026-06-16 05:16:06 --> Undefined variable $about6
in APPPATH/Views/frontend/imported_plants.php on line 13.
 1 APPPATH/Views/frontend/imported_plants.php(13): CodeIgniter\Debug\Exceptions->errorHandler(2, 'Undefined variable $about6', 'APPPATH/Views/frontend/imported_plants.php', 13)
 2 SYSTEMPATH/View/View.php(213): include('APPPATH/Views/frontend/imported_plants.php')
 3 SYSTEMPATH/View/View.php(216): CodeIgniter\View\View->CodeIgniter\View\{closure}()
 4 SYSTEMPATH/Common.php(1135): CodeIgniter\View\View->render('frontend/imported_plants', [], true)
 5 APPPATH/Controllers/Home.php(111): view('frontend/imported_plants')
 6 SYSTEMPATH/CodeIgniter.php(925): App\Controllers\Home->imported_plants()
 7 SYSTEMPATH/CodeIgniter.php(480): CodeIgniter\CodeIgniter->runController(Object(App\Controllers\Home))
 8 SYSTEMPATH/CodeIgniter.php(349): CodeIgniter\CodeIgniter->handleRequest(null, Object(Config\Cache), false)
 9 FCPATH/index.php(67): CodeIgniter\CodeIgniter->run()
CRITICAL - 2026-06-16 05:58:53 --> Undefined property: stdClass::$email_tree
in APPPATH/Views/frontend/footer.php on line 48.
 1 APPPATH/Views/frontend/footer.php(48): CodeIgniter\Debug\Exceptions->errorHandler(2, 'Undefined property: stdClass::$email_tree', 'APPPATH/Views/frontend/footer.php', 48)
 2 SYSTEMPATH/View/View.php(213): include('APPPATH/Views/frontend/footer.php')
 3 SYSTEMPATH/View/View.php(216): CodeIgniter\View\View->CodeIgniter\View\{closure}()
 4 SYSTEMPATH/Common.php(1135): CodeIgniter\View\View->render('frontend/footer', [], true)
 5 APPPATH/Controllers/Home.php(47): view('frontend/footer')
 6 SYSTEMPATH/CodeIgniter.php(925): App\Controllers\Home->index()
 7 SYSTEMPATH/CodeIgniter.php(480): CodeIgniter\CodeIgniter->runController(Object(App\Controllers\Home))
 8 SYSTEMPATH/CodeIgniter.php(349): CodeIgniter\CodeIgniter->handleRequest(null, Object(Config\Cache), false)
 9 FCPATH/index.php(67): CodeIgniter\CodeIgniter->run()
CRITICAL - 2026-06-16 06:20:05 --> Undefined property: stdClass::$cms_image
in APPPATH/Controllers/Home.php on line 838.
 1 APPPATH/Controllers/Home.php(838): CodeIgniter\Debug\Exceptions->errorHandler(2, 'Undefined property: stdClass::$cms_image', 'APPPATH/Controllers/Home.php', 838)
 2 SYSTEMPATH/CodeIgniter.php(925): App\Controllers\Home->about_us()
 3 SYSTEMPATH/CodeIgniter.php(480): CodeIgniter\CodeIgniter->runController(Object(App\Controllers\Home))
 4 SYSTEMPATH/CodeIgniter.php(349): CodeIgniter\CodeIgniter->handleRequest(null, Object(Config\Cache), false)
 5 FCPATH/index.php(67): CodeIgniter\CodeIgniter->run()
