CRITICAL - 2025-10-07 00:26:40 --> Unclosed '{' on line 195
in APPPATH/Views/frontend/header.php on line 297.
 1 SYSTEMPATH/View/View.php(216): CodeIgniter\View\View->CodeIgniter\View\{closure}()
 2 SYSTEMPATH/Common.php(1135): CodeIgniter\View\View->render('frontend/header', [], true)
 3 APPPATH/Controllers/Home.php(141): view('frontend/header', [...])
 4 SYSTEMPATH/CodeIgniter.php(925): App\Controllers\Home->media()
 5 SYSTEMPATH/CodeIgniter.php(480): CodeIgniter\CodeIgniter->runController(Object(App\Controllers\Home))
 6 SYSTEMPATH/CodeIgniter.php(349): CodeIgniter\CodeIgniter->handleRequest(null, Object(Config\Cache), false)
 7 FCPATH/index.php(67): CodeIgniter\CodeIgniter->run()
CRITICAL - 2025-10-07 01:26:52 --> Undefined variable $commanmodel
in APPPATH/Views/frontend/store.php on line 40.
 1 APPPATH/Views/frontend/store.php(40): CodeIgniter\Debug\Exceptions->errorHandler(2, 'Undefined variable $commanmodel', 'APPPATH/Views/frontend/store.php', 40)
 2 SYSTEMPATH/View/View.php(213): include('APPPATH/Views/frontend/store.php')
 3 SYSTEMPATH/View/View.php(216): CodeIgniter\View\View->CodeIgniter\View\{closure}()
 4 SYSTEMPATH/Common.php(1135): CodeIgniter\View\View->render('frontend/store', [], true)
 5 APPPATH/Controllers/Home.php(275): view('frontend/store')
 6 SYSTEMPATH/CodeIgniter.php(925): App\Controllers\Home->store()
 7 SYSTEMPATH/CodeIgniter.php(480): CodeIgniter\CodeIgniter->runController(Object(App\Controllers\Home))
 8 SYSTEMPATH/CodeIgniter.php(349): CodeIgniter\CodeIgniter->handleRequest(null, Object(Config\Cache), false)
 9 FCPATH/index.php(67): CodeIgniter\CodeIgniter->run()
CRITICAL - 2025-10-07 01:44:38 --> Attempt to read property "product_meta_title" on null
in APPPATH/Controllers/Home.php on line 583.
 1 APPPATH/Controllers/Home.php(583): CodeIgniter\Debug\Exceptions->errorHandler(2, 'Attempt to read property "product_meta_title" on null', 'APPPATH/Controllers/Home.php', 583)
 2 SYSTEMPATH/CodeIgniter.php(925): App\Controllers\Home->product_details('FCPATH/assets', 'imgs', 'send.svg')
 3 SYSTEMPATH/CodeIgniter.php(480): CodeIgniter\CodeIgniter->runController(Object(App\Controllers\Home))
 4 SYSTEMPATH/CodeIgniter.php(349): CodeIgniter\CodeIgniter->handleRequest(null, Object(Config\Cache), false)
 5 FCPATH/index.php(67): CodeIgniter\CodeIgniter->run()
CRITICAL - 2025-10-07 01:44:38 --> Attempt to read property "product_meta_title" on null
in APPPATH/Controllers/Home.php on line 583.
 1 APPPATH/Controllers/Home.php(583): CodeIgniter\Debug\Exceptions->errorHandler(2, 'Attempt to read property "product_meta_title" on null', 'APPPATH/Controllers/Home.php', 583)
 2 SYSTEMPATH/CodeIgniter.php(925): App\Controllers\Home->product_details('img', '1.png')
 3 SYSTEMPATH/CodeIgniter.php(480): CodeIgniter\CodeIgniter->runController(Object(App\Controllers\Home))
 4 SYSTEMPATH/CodeIgniter.php(349): CodeIgniter\CodeIgniter->handleRequest(null, Object(Config\Cache), false)
 5 FCPATH/index.php(67): CodeIgniter\CodeIgniter->run()
CRITICAL - 2025-10-07 01:59:43 --> Undefined property: stdClass::$sku
in APPPATH/Views/frontend/product_details.php on line 57.
 1 APPPATH/Views/frontend/product_details.php(57): CodeIgniter\Debug\Exceptions->errorHandler(2, 'Undefined property: stdClass::$sku', 'APPPATH/Views/frontend/product_details.php', 57)
 2 SYSTEMPATH/View/View.php(213): include('APPPATH/Views/frontend/product_details.php')
 3 SYSTEMPATH/View/View.php(216): CodeIgniter\View\View->CodeIgniter\View\{closure}()
 4 SYSTEMPATH/Common.php(1135): CodeIgniter\View\View->render('frontend/product_details', [], true)
 5 APPPATH/Controllers/Home.php(592): view('frontend/product_details')
 6 SYSTEMPATH/CodeIgniter.php(925): App\Controllers\Home->product_details('savvy-shoulder-tote')
 7 SYSTEMPATH/CodeIgniter.php(480): CodeIgniter\CodeIgniter->runController(Object(App\Controllers\Home))
 8 SYSTEMPATH/CodeIgniter.php(349): CodeIgniter\CodeIgniter->handleRequest(null, Object(Config\Cache), false)
 9 FCPATH/index.php(67): CodeIgniter\CodeIgniter->run()
CRITICAL - 2025-10-07 02:00:12 --> Attempt to read property "product_meta_title" on null
in APPPATH/Controllers/Home.php on line 583.
 1 APPPATH/Controllers/Home.php(583): CodeIgniter\Debug\Exceptions->errorHandler(2, 'Attempt to read property "product_meta_title" on null', 'APPPATH/Controllers/Home.php', 583)
 2 SYSTEMPATH/CodeIgniter.php(925): App\Controllers\Home->product_details('img', '1.png')
 3 SYSTEMPATH/CodeIgniter.php(480): CodeIgniter\CodeIgniter->runController(Object(App\Controllers\Home))
 4 SYSTEMPATH/CodeIgniter.php(349): CodeIgniter\CodeIgniter->handleRequest(null, Object(Config\Cache), false)
 5 FCPATH/index.php(67): CodeIgniter\CodeIgniter->run()
CRITICAL - 2025-10-07 02:00:12 --> Attempt to read property "product_meta_title" on null
in APPPATH/Controllers/Home.php on line 583.
 1 APPPATH/Controllers/Home.php(583): CodeIgniter\Debug\Exceptions->errorHandler(2, 'Attempt to read property "product_meta_title" on null', 'APPPATH/Controllers/Home.php', 583)
 2 SYSTEMPATH/CodeIgniter.php(925): App\Controllers\Home->product_details('img', 'product', '1.jpg')
 3 SYSTEMPATH/CodeIgniter.php(480): CodeIgniter\CodeIgniter->runController(Object(App\Controllers\Home))
 4 SYSTEMPATH/CodeIgniter.php(349): CodeIgniter\CodeIgniter->handleRequest(null, Object(Config\Cache), false)
 5 FCPATH/index.php(67): CodeIgniter\CodeIgniter->run()
CRITICAL - 2025-10-07 02:00:12 --> Attempt to read property "product_meta_title" on null
in APPPATH/Controllers/Home.php on line 583.
 1 APPPATH/Controllers/Home.php(583): CodeIgniter\Debug\Exceptions->errorHandler(2, 'Attempt to read property "product_meta_title" on null', 'APPPATH/Controllers/Home.php', 583)
 2 SYSTEMPATH/CodeIgniter.php(925): App\Controllers\Home->product_details('img', 'product', '5.jpg')
 3 SYSTEMPATH/CodeIgniter.php(480): CodeIgniter\CodeIgniter->runController(Object(App\Controllers\Home))
 4 SYSTEMPATH/CodeIgniter.php(349): CodeIgniter\CodeIgniter->handleRequest(null, Object(Config\Cache), false)
 5 FCPATH/index.php(67): CodeIgniter\CodeIgniter->run()
CRITICAL - 2025-10-07 02:00:12 --> Attempt to read property "product_meta_title" on null
in APPPATH/Controllers/Home.php on line 583.
 1 APPPATH/Controllers/Home.php(583): CodeIgniter\Debug\Exceptions->errorHandler(2, 'Attempt to read property "product_meta_title" on null', 'APPPATH/Controllers/Home.php', 583)
 2 SYSTEMPATH/CodeIgniter.php(925): App\Controllers\Home->product_details('img', 'product', '3.jpg')
 3 SYSTEMPATH/CodeIgniter.php(480): CodeIgniter\CodeIgniter->runController(Object(App\Controllers\Home))
 4 SYSTEMPATH/CodeIgniter.php(349): CodeIgniter\CodeIgniter->handleRequest(null, Object(Config\Cache), false)
 5 FCPATH/index.php(67): CodeIgniter\CodeIgniter->run()
CRITICAL - 2025-10-07 02:00:12 --> Attempt to read property "product_meta_title" on null
in APPPATH/Controllers/Home.php on line 583.
 1 APPPATH/Controllers/Home.php(583): CodeIgniter\Debug\Exceptions->errorHandler(2, 'Attempt to read property "product_meta_title" on null', 'APPPATH/Controllers/Home.php', 583)
 2 SYSTEMPATH/CodeIgniter.php(925): App\Controllers\Home->product_details('img', 'product', '20.jpg')
 3 SYSTEMPATH/CodeIgniter.php(480): CodeIgniter\CodeIgniter->runController(Object(App\Controllers\Home))
 4 SYSTEMPATH/CodeIgniter.php(349): CodeIgniter\CodeIgniter->handleRequest(null, Object(Config\Cache), false)
 5 FCPATH/index.php(67): CodeIgniter\CodeIgniter->run()
CRITICAL - 2025-10-07 02:00:12 --> Attempt to read property "product_meta_title" on null
in APPPATH/Controllers/Home.php on line 583.
 1 APPPATH/Controllers/Home.php(583): CodeIgniter\Debug\Exceptions->errorHandler(2, 'Attempt to read property "product_meta_title" on null', 'APPPATH/Controllers/Home.php', 583)
 2 SYSTEMPATH/CodeIgniter.php(925): App\Controllers\Home->product_details('img', 'product', '22.jpg')
 3 SYSTEMPATH/CodeIgniter.php(480): CodeIgniter\CodeIgniter->runController(Object(App\Controllers\Home))
 4 SYSTEMPATH/CodeIgniter.php(349): CodeIgniter\CodeIgniter->handleRequest(null, Object(Config\Cache), false)
 5 FCPATH/index.php(67): CodeIgniter\CodeIgniter->run()
CRITICAL - 2025-10-07 02:00:12 --> Attempt to read property "product_meta_title" on null
in APPPATH/Controllers/Home.php on line 583.
 1 APPPATH/Controllers/Home.php(583): CodeIgniter\Debug\Exceptions->errorHandler(2, 'Attempt to read property "product_meta_title" on null', 'APPPATH/Controllers/Home.php', 583)
 2 SYSTEMPATH/CodeIgniter.php(925): App\Controllers\Home->product_details('img', 'product', '21.jpg')
 3 SYSTEMPATH/CodeIgniter.php(480): CodeIgniter\CodeIgniter->runController(Object(App\Controllers\Home))
 4 SYSTEMPATH/CodeIgniter.php(349): CodeIgniter\CodeIgniter->handleRequest(null, Object(Config\Cache), false)
 5 FCPATH/index.php(67): CodeIgniter\CodeIgniter->run()
CRITICAL - 2025-10-07 02:00:12 --> Attempt to read property "product_meta_title" on null
in APPPATH/Controllers/Home.php on line 583.
 1 APPPATH/Controllers/Home.php(583): CodeIgniter\Debug\Exceptions->errorHandler(2, 'Attempt to read property "product_meta_title" on null', 'APPPATH/Controllers/Home.php', 583)
 2 SYSTEMPATH/CodeIgniter.php(925): App\Controllers\Home->product_details('img', 'product', '24.jpg')
 3 SYSTEMPATH/CodeIgniter.php(480): CodeIgniter\CodeIgniter->runController(Object(App\Controllers\Home))
 4 SYSTEMPATH/CodeIgniter.php(349): CodeIgniter\CodeIgniter->handleRequest(null, Object(Config\Cache), false)
 5 FCPATH/index.php(67): CodeIgniter\CodeIgniter->run()
CRITICAL - 2025-10-07 02:00:12 --> Attempt to read property "product_meta_title" on null
in APPPATH/Controllers/Home.php on line 583.
 1 APPPATH/Controllers/Home.php(583): CodeIgniter\Debug\Exceptions->errorHandler(2, 'Attempt to read property "product_meta_title" on null', 'APPPATH/Controllers/Home.php', 583)
 2 SYSTEMPATH/CodeIgniter.php(925): App\Controllers\Home->product_details('img', 'product', '7.jpg')
 3 SYSTEMPATH/CodeIgniter.php(480): CodeIgniter\CodeIgniter->runController(Object(App\Controllers\Home))
 4 SYSTEMPATH/CodeIgniter.php(349): CodeIgniter\CodeIgniter->handleRequest(null, Object(Config\Cache), false)
 5 FCPATH/index.php(67): CodeIgniter\CodeIgniter->run()
CRITICAL - 2025-10-07 02:00:12 --> Attempt to read property "product_meta_title" on null
in APPPATH/Controllers/Home.php on line 583.
 1 APPPATH/Controllers/Home.php(583): CodeIgniter\Debug\Exceptions->errorHandler(2, 'Attempt to read property "product_meta_title" on null', 'APPPATH/Controllers/Home.php', 583)
 2 SYSTEMPATH/CodeIgniter.php(925): App\Controllers\Home->product_details('img', 'product', '23.jpg')
 3 SYSTEMPATH/CodeIgniter.php(480): CodeIgniter\CodeIgniter->runController(Object(App\Controllers\Home))
 4 SYSTEMPATH/CodeIgniter.php(349): CodeIgniter\CodeIgniter->handleRequest(null, Object(Config\Cache), false)
 5 FCPATH/index.php(67): CodeIgniter\CodeIgniter->run()
CRITICAL - 2025-10-07 02:02:36 --> Attempt to read property "product_meta_title" on null
in APPPATH/Controllers/Home.php on line 583.
 1 APPPATH/Controllers/Home.php(583): CodeIgniter\Debug\Exceptions->errorHandler(2, 'Attempt to read property "product_meta_title" on null', 'APPPATH/Controllers/Home.php', 583)
 2 SYSTEMPATH/CodeIgniter.php(925): App\Controllers\Home->product_details('img', 'product', '1.jpg')
 3 SYSTEMPATH/CodeIgniter.php(480): CodeIgniter\CodeIgniter->runController(Object(App\Controllers\Home))
 4 SYSTEMPATH/CodeIgniter.php(349): CodeIgniter\CodeIgniter->handleRequest(null, Object(Config\Cache), false)
 5 FCPATH/index.php(67): CodeIgniter\CodeIgniter->run()
CRITICAL - 2025-10-07 02:02:36 --> Attempt to read property "product_meta_title" on null
in APPPATH/Controllers/Home.php on line 583.
 1 APPPATH/Controllers/Home.php(583): CodeIgniter\Debug\Exceptions->errorHandler(2, 'Attempt to read property "product_meta_title" on null', 'APPPATH/Controllers/Home.php', 583)
 2 SYSTEMPATH/CodeIgniter.php(925): App\Controllers\Home->product_details('img', 'product', '3.jpg')
 3 SYSTEMPATH/CodeIgniter.php(480): CodeIgniter\CodeIgniter->runController(Object(App\Controllers\Home))
 4 SYSTEMPATH/CodeIgniter.php(349): CodeIgniter\CodeIgniter->handleRequest(null, Object(Config\Cache), false)
 5 FCPATH/index.php(67): CodeIgniter\CodeIgniter->run()
CRITICAL - 2025-10-07 02:02:36 --> Attempt to read property "product_meta_title" on null
in APPPATH/Controllers/Home.php on line 583.
 1 APPPATH/Controllers/Home.php(583): CodeIgniter\Debug\Exceptions->errorHandler(2, 'Attempt to read property "product_meta_title" on null', 'APPPATH/Controllers/Home.php', 583)
 2 SYSTEMPATH/CodeIgniter.php(925): App\Controllers\Home->product_details('img', 'product', '5.jpg')
 3 SYSTEMPATH/CodeIgniter.php(480): CodeIgniter\CodeIgniter->runController(Object(App\Controllers\Home))
 4 SYSTEMPATH/CodeIgniter.php(349): CodeIgniter\CodeIgniter->handleRequest(null, Object(Config\Cache), false)
 5 FCPATH/index.php(67): CodeIgniter\CodeIgniter->run()
CRITICAL - 2025-10-07 02:02:36 --> Attempt to read property "product_meta_title" on null
in APPPATH/Controllers/Home.php on line 583.
 1 APPPATH/Controllers/Home.php(583): CodeIgniter\Debug\Exceptions->errorHandler(2, 'Attempt to read property "product_meta_title" on null', 'APPPATH/Controllers/Home.php', 583)
 2 SYSTEMPATH/CodeIgniter.php(925): App\Controllers\Home->product_details('img', 'product', '21.jpg')
 3 SYSTEMPATH/CodeIgniter.php(480): CodeIgniter\CodeIgniter->runController(Object(App\Controllers\Home))
 4 SYSTEMPATH/CodeIgniter.php(349): CodeIgniter\CodeIgniter->handleRequest(null, Object(Config\Cache), false)
 5 FCPATH/index.php(67): CodeIgniter\CodeIgniter->run()
CRITICAL - 2025-10-07 02:02:36 --> Attempt to read property "product_meta_title" on null
in APPPATH/Controllers/Home.php on line 583.
 1 APPPATH/Controllers/Home.php(583): CodeIgniter\Debug\Exceptions->errorHandler(2, 'Attempt to read property "product_meta_title" on null', 'APPPATH/Controllers/Home.php', 583)
 2 SYSTEMPATH/CodeIgniter.php(925): App\Controllers\Home->product_details('img', 'product', '20.jpg')
 3 SYSTEMPATH/CodeIgniter.php(480): CodeIgniter\CodeIgniter->runController(Object(App\Controllers\Home))
 4 SYSTEMPATH/CodeIgniter.php(349): CodeIgniter\CodeIgniter->handleRequest(null, Object(Config\Cache), false)
 5 FCPATH/index.php(67): CodeIgniter\CodeIgniter->run()
CRITICAL - 2025-10-07 02:02:36 --> Attempt to read property "product_meta_title" on null
in APPPATH/Controllers/Home.php on line 583.
 1 APPPATH/Controllers/Home.php(583): CodeIgniter\Debug\Exceptions->errorHandler(2, 'Attempt to read property "product_meta_title" on null', 'APPPATH/Controllers/Home.php', 583)
 2 SYSTEMPATH/CodeIgniter.php(925): App\Controllers\Home->product_details('img', 'product', '7.jpg')
 3 SYSTEMPATH/CodeIgniter.php(480): CodeIgniter\CodeIgniter->runController(Object(App\Controllers\Home))
 4 SYSTEMPATH/CodeIgniter.php(349): CodeIgniter\CodeIgniter->handleRequest(null, Object(Config\Cache), false)
 5 FCPATH/index.php(67): CodeIgniter\CodeIgniter->run()
CRITICAL - 2025-10-07 02:02:36 --> Attempt to read property "product_meta_title" on null
in APPPATH/Controllers/Home.php on line 583.
 1 APPPATH/Controllers/Home.php(583): CodeIgniter\Debug\Exceptions->errorHandler(2, 'Attempt to read property "product_meta_title" on null', 'APPPATH/Controllers/Home.php', 583)
 2 SYSTEMPATH/CodeIgniter.php(925): App\Controllers\Home->product_details('img', 'product', '23.jpg')
 3 SYSTEMPATH/CodeIgniter.php(480): CodeIgniter\CodeIgniter->runController(Object(App\Controllers\Home))
 4 SYSTEMPATH/CodeIgniter.php(349): CodeIgniter\CodeIgniter->handleRequest(null, Object(Config\Cache), false)
 5 FCPATH/index.php(67): CodeIgniter\CodeIgniter->run()
CRITICAL - 2025-10-07 02:02:36 --> Attempt to read property "product_meta_title" on null
in APPPATH/Controllers/Home.php on line 583.
 1 APPPATH/Controllers/Home.php(583): CodeIgniter\Debug\Exceptions->errorHandler(2, 'Attempt to read property "product_meta_title" on null', 'APPPATH/Controllers/Home.php', 583)
 2 SYSTEMPATH/CodeIgniter.php(925): App\Controllers\Home->product_details('img', '1.png')
 3 SYSTEMPATH/CodeIgniter.php(480): CodeIgniter\CodeIgniter->runController(Object(App\Controllers\Home))
 4 SYSTEMPATH/CodeIgniter.php(349): CodeIgniter\CodeIgniter->handleRequest(null, Object(Config\Cache), false)
 5 FCPATH/index.php(67): CodeIgniter\CodeIgniter->run()
CRITICAL - 2025-10-07 02:02:36 --> Attempt to read property "product_meta_title" on null
in APPPATH/Controllers/Home.php on line 583.
 1 APPPATH/Controllers/Home.php(583): CodeIgniter\Debug\Exceptions->errorHandler(2, 'Attempt to read property "product_meta_title" on null', 'APPPATH/Controllers/Home.php', 583)
 2 SYSTEMPATH/CodeIgniter.php(925): App\Controllers\Home->product_details('img', 'product', '22.jpg')
 3 SYSTEMPATH/CodeIgniter.php(480): CodeIgniter\CodeIgniter->runController(Object(App\Controllers\Home))
 4 SYSTEMPATH/CodeIgniter.php(349): CodeIgniter\CodeIgniter->handleRequest(null, Object(Config\Cache), false)
 5 FCPATH/index.php(67): CodeIgniter\CodeIgniter->run()
CRITICAL - 2025-10-07 02:02:36 --> Attempt to read property "product_meta_title" on null
in APPPATH/Controllers/Home.php on line 583.
 1 APPPATH/Controllers/Home.php(583): CodeIgniter\Debug\Exceptions->errorHandler(2, 'Attempt to read property "product_meta_title" on null', 'APPPATH/Controllers/Home.php', 583)
 2 SYSTEMPATH/CodeIgniter.php(925): App\Controllers\Home->product_details('img', 'product', '24.jpg')
 3 SYSTEMPATH/CodeIgniter.php(480): CodeIgniter\CodeIgniter->runController(Object(App\Controllers\Home))
 4 SYSTEMPATH/CodeIgniter.php(349): CodeIgniter\CodeIgniter->handleRequest(null, Object(Config\Cache), false)
 5 FCPATH/index.php(67): CodeIgniter\CodeIgniter->run()
CRITICAL - 2025-10-07 02:02:50 --> Attempt to read property "product_meta_title" on null
in APPPATH/Controllers/Home.php on line 583.
 1 APPPATH/Controllers/Home.php(583): CodeIgniter\Debug\Exceptions->errorHandler(2, 'Attempt to read property "product_meta_title" on null', 'APPPATH/Controllers/Home.php', 583)
 2 SYSTEMPATH/CodeIgniter.php(925): App\Controllers\Home->product_details('img', 'product', '3.jpg')
 3 SYSTEMPATH/CodeIgniter.php(480): CodeIgniter\CodeIgniter->runController(Object(App\Controllers\Home))
 4 SYSTEMPATH/CodeIgniter.php(349): CodeIgniter\CodeIgniter->handleRequest(null, Object(Config\Cache), false)
 5 FCPATH/index.php(67): CodeIgniter\CodeIgniter->run()
CRITICAL - 2025-10-07 02:02:50 --> Attempt to read property "product_meta_title" on null
in APPPATH/Controllers/Home.php on line 583.
 1 APPPATH/Controllers/Home.php(583): CodeIgniter\Debug\Exceptions->errorHandler(2, 'Attempt to read property "product_meta_title" on null', 'APPPATH/Controllers/Home.php', 583)
 2 SYSTEMPATH/CodeIgniter.php(925): App\Controllers\Home->product_details('img', 'product', '1.jpg')
 3 SYSTEMPATH/CodeIgniter.php(480): CodeIgniter\CodeIgniter->runController(Object(App\Controllers\Home))
 4 SYSTEMPATH/CodeIgniter.php(349): CodeIgniter\CodeIgniter->handleRequest(null, Object(Config\Cache), false)
 5 FCPATH/index.php(67): CodeIgniter\CodeIgniter->run()
CRITICAL - 2025-10-07 02:02:50 --> Attempt to read property "product_meta_title" on null
in APPPATH/Controllers/Home.php on line 583.
 1 APPPATH/Controllers/Home.php(583): CodeIgniter\Debug\Exceptions->errorHandler(2, 'Attempt to read property "product_meta_title" on null', 'APPPATH/Controllers/Home.php', 583)
 2 SYSTEMPATH/CodeIgniter.php(925): App\Controllers\Home->product_details('img', 'product', '21.jpg')
 3 SYSTEMPATH/CodeIgniter.php(480): CodeIgniter\CodeIgniter->runController(Object(App\Controllers\Home))
 4 SYSTEMPATH/CodeIgniter.php(349): CodeIgniter\CodeIgniter->handleRequest(null, Object(Config\Cache), false)
 5 FCPATH/index.php(67): CodeIgniter\CodeIgniter->run()
CRITICAL - 2025-10-07 02:02:50 --> Attempt to read property "product_meta_title" on null
in APPPATH/Controllers/Home.php on line 583.
 1 APPPATH/Controllers/Home.php(583): CodeIgniter\Debug\Exceptions->errorHandler(2, 'Attempt to read property "product_meta_title" on null', 'APPPATH/Controllers/Home.php', 583)
 2 SYSTEMPATH/CodeIgniter.php(925): App\Controllers\Home->product_details('img', 'product', '5.jpg')
 3 SYSTEMPATH/CodeIgniter.php(480): CodeIgniter\CodeIgniter->runController(Object(App\Controllers\Home))
 4 SYSTEMPATH/CodeIgniter.php(349): CodeIgniter\CodeIgniter->handleRequest(null, Object(Config\Cache), false)
 5 FCPATH/index.php(67): CodeIgniter\CodeIgniter->run()
CRITICAL - 2025-10-07 02:02:50 --> Attempt to read property "product_meta_title" on null
in APPPATH/Controllers/Home.php on line 583.
 1 APPPATH/Controllers/Home.php(583): CodeIgniter\Debug\Exceptions->errorHandler(2, 'Attempt to read property "product_meta_title" on null', 'APPPATH/Controllers/Home.php', 583)
 2 SYSTEMPATH/CodeIgniter.php(925): App\Controllers\Home->product_details('img', 'product', '20.jpg')
 3 SYSTEMPATH/CodeIgniter.php(480): CodeIgniter\CodeIgniter->runController(Object(App\Controllers\Home))
 4 SYSTEMPATH/CodeIgniter.php(349): CodeIgniter\CodeIgniter->handleRequest(null, Object(Config\Cache), false)
 5 FCPATH/index.php(67): CodeIgniter\CodeIgniter->run()
CRITICAL - 2025-10-07 02:02:50 --> Attempt to read property "product_meta_title" on null
in APPPATH/Controllers/Home.php on line 583.
 1 APPPATH/Controllers/Home.php(583): CodeIgniter\Debug\Exceptions->errorHandler(2, 'Attempt to read property "product_meta_title" on null', 'APPPATH/Controllers/Home.php', 583)
 2 SYSTEMPATH/CodeIgniter.php(925): App\Controllers\Home->product_details('img', 'product', '23.jpg')
 3 SYSTEMPATH/CodeIgniter.php(480): CodeIgniter\CodeIgniter->runController(Object(App\Controllers\Home))
 4 SYSTEMPATH/CodeIgniter.php(349): CodeIgniter\CodeIgniter->handleRequest(null, Object(Config\Cache), false)
 5 FCPATH/index.php(67): CodeIgniter\CodeIgniter->run()
CRITICAL - 2025-10-07 02:02:50 --> Attempt to read property "product_meta_title" on null
in APPPATH/Controllers/Home.php on line 583.
 1 APPPATH/Controllers/Home.php(583): CodeIgniter\Debug\Exceptions->errorHandler(2, 'Attempt to read property "product_meta_title" on null', 'APPPATH/Controllers/Home.php', 583)
 2 SYSTEMPATH/CodeIgniter.php(925): App\Controllers\Home->product_details('img', '1.png')
 3 SYSTEMPATH/CodeIgniter.php(480): CodeIgniter\CodeIgniter->runController(Object(App\Controllers\Home))
 4 SYSTEMPATH/CodeIgniter.php(349): CodeIgniter\CodeIgniter->handleRequest(null, Object(Config\Cache), false)
 5 FCPATH/index.php(67): CodeIgniter\CodeIgniter->run()
CRITICAL - 2025-10-07 02:02:50 --> Attempt to read property "product_meta_title" on null
in APPPATH/Controllers/Home.php on line 583.
 1 APPPATH/Controllers/Home.php(583): CodeIgniter\Debug\Exceptions->errorHandler(2, 'Attempt to read property "product_meta_title" on null', 'APPPATH/Controllers/Home.php', 583)
 2 SYSTEMPATH/CodeIgniter.php(925): App\Controllers\Home->product_details('img', 'product', '7.jpg')
 3 SYSTEMPATH/CodeIgniter.php(480): CodeIgniter\CodeIgniter->runController(Object(App\Controllers\Home))
 4 SYSTEMPATH/CodeIgniter.php(349): CodeIgniter\CodeIgniter->handleRequest(null, Object(Config\Cache), false)
 5 FCPATH/index.php(67): CodeIgniter\CodeIgniter->run()
CRITICAL - 2025-10-07 02:02:50 --> Attempt to read property "product_meta_title" on null
in APPPATH/Controllers/Home.php on line 583.
 1 APPPATH/Controllers/Home.php(583): CodeIgniter\Debug\Exceptions->errorHandler(2, 'Attempt to read property "product_meta_title" on null', 'APPPATH/Controllers/Home.php', 583)
 2 SYSTEMPATH/CodeIgniter.php(925): App\Controllers\Home->product_details('img', 'product', '22.jpg')
 3 SYSTEMPATH/CodeIgniter.php(480): CodeIgniter\CodeIgniter->runController(Object(App\Controllers\Home))
 4 SYSTEMPATH/CodeIgniter.php(349): CodeIgniter\CodeIgniter->handleRequest(null, Object(Config\Cache), false)
 5 FCPATH/index.php(67): CodeIgniter\CodeIgniter->run()
CRITICAL - 2025-10-07 02:02:50 --> Attempt to read property "product_meta_title" on null
in APPPATH/Controllers/Home.php on line 583.
 1 APPPATH/Controllers/Home.php(583): CodeIgniter\Debug\Exceptions->errorHandler(2, 'Attempt to read property "product_meta_title" on null', 'APPPATH/Controllers/Home.php', 583)
 2 SYSTEMPATH/CodeIgniter.php(925): App\Controllers\Home->product_details('img', 'product', '24.jpg')
 3 SYSTEMPATH/CodeIgniter.php(480): CodeIgniter\CodeIgniter->runController(Object(App\Controllers\Home))
 4 SYSTEMPATH/CodeIgniter.php(349): CodeIgniter\CodeIgniter->handleRequest(null, Object(Config\Cache), false)
 5 FCPATH/index.php(67): CodeIgniter\CodeIgniter->run()
CRITICAL - 2025-10-07 02:04:31 --> Attempt to read property "product_meta_title" on null
in APPPATH/Controllers/Home.php on line 583.
 1 APPPATH/Controllers/Home.php(583): CodeIgniter\Debug\Exceptions->errorHandler(2, 'Attempt to read property "product_meta_title" on null', 'APPPATH/Controllers/Home.php', 583)
 2 SYSTEMPATH/CodeIgniter.php(925): App\Controllers\Home->product_details('img', 'product', '5.jpg')
 3 SYSTEMPATH/CodeIgniter.php(480): CodeIgniter\CodeIgniter->runController(Object(App\Controllers\Home))
 4 SYSTEMPATH/CodeIgniter.php(349): CodeIgniter\CodeIgniter->handleRequest(null, Object(Config\Cache), false)
 5 FCPATH/index.php(67): CodeIgniter\CodeIgniter->run()
CRITICAL - 2025-10-07 02:04:31 --> Attempt to read property "product_meta_title" on null
in APPPATH/Controllers/Home.php on line 583.
 1 APPPATH/Controllers/Home.php(583): CodeIgniter\Debug\Exceptions->errorHandler(2, 'Attempt to read property "product_meta_title" on null', 'APPPATH/Controllers/Home.php', 583)
 2 SYSTEMPATH/CodeIgniter.php(925): App\Controllers\Home->product_details('img', 'product', '7.jpg')
 3 SYSTEMPATH/CodeIgniter.php(480): CodeIgniter\CodeIgniter->runController(Object(App\Controllers\Home))
 4 SYSTEMPATH/CodeIgniter.php(349): CodeIgniter\CodeIgniter->handleRequest(null, Object(Config\Cache), false)
 5 FCPATH/index.php(67): CodeIgniter\CodeIgniter->run()
CRITICAL - 2025-10-07 02:04:31 --> Attempt to read property "product_meta_title" on null
in APPPATH/Controllers/Home.php on line 583.
 1 APPPATH/Controllers/Home.php(583): CodeIgniter\Debug\Exceptions->errorHandler(2, 'Attempt to read property "product_meta_title" on null', 'APPPATH/Controllers/Home.php', 583)
 2 SYSTEMPATH/CodeIgniter.php(925): App\Controllers\Home->product_details('img', 'product', '3.jpg')
 3 SYSTEMPATH/CodeIgniter.php(480): CodeIgniter\CodeIgniter->runController(Object(App\Controllers\Home))
 4 SYSTEMPATH/CodeIgniter.php(349): CodeIgniter\CodeIgniter->handleRequest(null, Object(Config\Cache), false)
 5 FCPATH/index.php(67): CodeIgniter\CodeIgniter->run()
CRITICAL - 2025-10-07 02:04:31 --> Attempt to read property "product_meta_title" on null
in APPPATH/Controllers/Home.php on line 583.
 1 APPPATH/Controllers/Home.php(583): CodeIgniter\Debug\Exceptions->errorHandler(2, 'Attempt to read property "product_meta_title" on null', 'APPPATH/Controllers/Home.php', 583)
 2 SYSTEMPATH/CodeIgniter.php(925): App\Controllers\Home->product_details('img', 'product', '1.jpg')
 3 SYSTEMPATH/CodeIgniter.php(480): CodeIgniter\CodeIgniter->runController(Object(App\Controllers\Home))
 4 SYSTEMPATH/CodeIgniter.php(349): CodeIgniter\CodeIgniter->handleRequest(null, Object(Config\Cache), false)
 5 FCPATH/index.php(67): CodeIgniter\CodeIgniter->run()
CRITICAL - 2025-10-07 02:04:31 --> Attempt to read property "product_meta_title" on null
in APPPATH/Controllers/Home.php on line 583.
 1 APPPATH/Controllers/Home.php(583): CodeIgniter\Debug\Exceptions->errorHandler(2, 'Attempt to read property "product_meta_title" on null', 'APPPATH/Controllers/Home.php', 583)
 2 SYSTEMPATH/CodeIgniter.php(925): App\Controllers\Home->product_details('img', 'product', '21.jpg')
 3 SYSTEMPATH/CodeIgniter.php(480): CodeIgniter\CodeIgniter->runController(Object(App\Controllers\Home))
 4 SYSTEMPATH/CodeIgniter.php(349): CodeIgniter\CodeIgniter->handleRequest(null, Object(Config\Cache), false)
 5 FCPATH/index.php(67): CodeIgniter\CodeIgniter->run()
CRITICAL - 2025-10-07 02:04:31 --> Attempt to read property "product_meta_title" on null
in APPPATH/Controllers/Home.php on line 583.
 1 APPPATH/Controllers/Home.php(583): CodeIgniter\Debug\Exceptions->errorHandler(2, 'Attempt to read property "product_meta_title" on null', 'APPPATH/Controllers/Home.php', 583)
 2 SYSTEMPATH/CodeIgniter.php(925): App\Controllers\Home->product_details('img', 'product', '20.jpg')
 3 SYSTEMPATH/CodeIgniter.php(480): CodeIgniter\CodeIgniter->runController(Object(App\Controllers\Home))
 4 SYSTEMPATH/CodeIgniter.php(349): CodeIgniter\CodeIgniter->handleRequest(null, Object(Config\Cache), false)
 5 FCPATH/index.php(67): CodeIgniter\CodeIgniter->run()
CRITICAL - 2025-10-07 02:04:31 --> Attempt to read property "product_meta_title" on null
in APPPATH/Controllers/Home.php on line 583.
 1 APPPATH/Controllers/Home.php(583): CodeIgniter\Debug\Exceptions->errorHandler(2, 'Attempt to read property "product_meta_title" on null', 'APPPATH/Controllers/Home.php', 583)
 2 SYSTEMPATH/CodeIgniter.php(925): App\Controllers\Home->product_details('img', '1.png')
 3 SYSTEMPATH/CodeIgniter.php(480): CodeIgniter\CodeIgniter->runController(Object(App\Controllers\Home))
 4 SYSTEMPATH/CodeIgniter.php(349): CodeIgniter\CodeIgniter->handleRequest(null, Object(Config\Cache), false)
 5 FCPATH/index.php(67): CodeIgniter\CodeIgniter->run()
CRITICAL - 2025-10-07 02:04:31 --> Attempt to read property "product_meta_title" on null
in APPPATH/Controllers/Home.php on line 583.
 1 APPPATH/Controllers/Home.php(583): CodeIgniter\Debug\Exceptions->errorHandler(2, 'Attempt to read property "product_meta_title" on null', 'APPPATH/Controllers/Home.php', 583)
 2 SYSTEMPATH/CodeIgniter.php(925): App\Controllers\Home->product_details('img', 'product', '22.jpg')
 3 SYSTEMPATH/CodeIgniter.php(480): CodeIgniter\CodeIgniter->runController(Object(App\Controllers\Home))
 4 SYSTEMPATH/CodeIgniter.php(349): CodeIgniter\CodeIgniter->handleRequest(null, Object(Config\Cache), false)
 5 FCPATH/index.php(67): CodeIgniter\CodeIgniter->run()
CRITICAL - 2025-10-07 02:04:31 --> Attempt to read property "product_meta_title" on null
in APPPATH/Controllers/Home.php on line 583.
 1 APPPATH/Controllers/Home.php(583): CodeIgniter\Debug\Exceptions->errorHandler(2, 'Attempt to read property "product_meta_title" on null', 'APPPATH/Controllers/Home.php', 583)
 2 SYSTEMPATH/CodeIgniter.php(925): App\Controllers\Home->product_details('img', 'product', '24.jpg')
 3 SYSTEMPATH/CodeIgniter.php(480): CodeIgniter\CodeIgniter->runController(Object(App\Controllers\Home))
 4 SYSTEMPATH/CodeIgniter.php(349): CodeIgniter\CodeIgniter->handleRequest(null, Object(Config\Cache), false)
 5 FCPATH/index.php(67): CodeIgniter\CodeIgniter->run()
CRITICAL - 2025-10-07 02:04:31 --> Attempt to read property "product_meta_title" on null
in APPPATH/Controllers/Home.php on line 583.
 1 APPPATH/Controllers/Home.php(583): CodeIgniter\Debug\Exceptions->errorHandler(2, 'Attempt to read property "product_meta_title" on null', 'APPPATH/Controllers/Home.php', 583)
 2 SYSTEMPATH/CodeIgniter.php(925): App\Controllers\Home->product_details('img', 'product', '23.jpg')
 3 SYSTEMPATH/CodeIgniter.php(480): CodeIgniter\CodeIgniter->runController(Object(App\Controllers\Home))
 4 SYSTEMPATH/CodeIgniter.php(349): CodeIgniter\CodeIgniter->handleRequest(null, Object(Config\Cache), false)
 5 FCPATH/index.php(67): CodeIgniter\CodeIgniter->run()
CRITICAL - 2025-10-07 02:04:49 --> Attempt to read property "product_meta_title" on null
in APPPATH/Controllers/Home.php on line 583.
 1 APPPATH/Controllers/Home.php(583): CodeIgniter\Debug\Exceptions->errorHandler(2, 'Attempt to read property "product_meta_title" on null', 'APPPATH/Controllers/Home.php', 583)
 2 SYSTEMPATH/CodeIgniter.php(925): App\Controllers\Home->product_details('img', 'product', '1.jpg')
 3 SYSTEMPATH/CodeIgniter.php(480): CodeIgniter\CodeIgniter->runController(Object(App\Controllers\Home))
 4 SYSTEMPATH/CodeIgniter.php(349): CodeIgniter\CodeIgniter->handleRequest(null, Object(Config\Cache), false)
 5 FCPATH/index.php(67): CodeIgniter\CodeIgniter->run()
CRITICAL - 2025-10-07 02:04:49 --> Attempt to read property "product_meta_title" on null
in APPPATH/Controllers/Home.php on line 583.
 1 APPPATH/Controllers/Home.php(583): CodeIgniter\Debug\Exceptions->errorHandler(2, 'Attempt to read property "product_meta_title" on null', 'APPPATH/Controllers/Home.php', 583)
 2 SYSTEMPATH/CodeIgniter.php(925): App\Controllers\Home->product_details('img', 'product', '3.jpg')
 3 SYSTEMPATH/CodeIgniter.php(480): CodeIgniter\CodeIgniter->runController(Object(App\Controllers\Home))
 4 SYSTEMPATH/CodeIgniter.php(349): CodeIgniter\CodeIgniter->handleRequest(null, Object(Config\Cache), false)
 5 FCPATH/index.php(67): CodeIgniter\CodeIgniter->run()
CRITICAL - 2025-10-07 02:04:49 --> Attempt to read property "product_meta_title" on null
in APPPATH/Controllers/Home.php on line 583.
 1 APPPATH/Controllers/Home.php(583): CodeIgniter\Debug\Exceptions->errorHandler(2, 'Attempt to read property "product_meta_title" on null', 'APPPATH/Controllers/Home.php', 583)
 2 SYSTEMPATH/CodeIgniter.php(925): App\Controllers\Home->product_details('img', 'product', '20.jpg')
 3 SYSTEMPATH/CodeIgniter.php(480): CodeIgniter\CodeIgniter->runController(Object(App\Controllers\Home))
 4 SYSTEMPATH/CodeIgniter.php(349): CodeIgniter\CodeIgniter->handleRequest(null, Object(Config\Cache), false)
 5 FCPATH/index.php(67): CodeIgniter\CodeIgniter->run()
CRITICAL - 2025-10-07 02:04:49 --> Attempt to read property "product_meta_title" on null
in APPPATH/Controllers/Home.php on line 583.
 1 APPPATH/Controllers/Home.php(583): CodeIgniter\Debug\Exceptions->errorHandler(2, 'Attempt to read property "product_meta_title" on null', 'APPPATH/Controllers/Home.php', 583)
 2 SYSTEMPATH/CodeIgniter.php(925): App\Controllers\Home->product_details('img', 'product', '5.jpg')
 3 SYSTEMPATH/CodeIgniter.php(480): CodeIgniter\CodeIgniter->runController(Object(App\Controllers\Home))
 4 SYSTEMPATH/CodeIgniter.php(349): CodeIgniter\CodeIgniter->handleRequest(null, Object(Config\Cache), false)
 5 FCPATH/index.php(67): CodeIgniter\CodeIgniter->run()
CRITICAL - 2025-10-07 02:04:49 --> Attempt to read property "product_meta_title" on null
in APPPATH/Controllers/Home.php on line 583.
 1 APPPATH/Controllers/Home.php(583): CodeIgniter\Debug\Exceptions->errorHandler(2, 'Attempt to read property "product_meta_title" on null', 'APPPATH/Controllers/Home.php', 583)
 2 SYSTEMPATH/CodeIgniter.php(925): App\Controllers\Home->product_details('img', 'product', '22.jpg')
 3 SYSTEMPATH/CodeIgniter.php(480): CodeIgniter\CodeIgniter->runController(Object(App\Controllers\Home))
 4 SYSTEMPATH/CodeIgniter.php(349): CodeIgniter\CodeIgniter->handleRequest(null, Object(Config\Cache), false)
 5 FCPATH/index.php(67): CodeIgniter\CodeIgniter->run()
CRITICAL - 2025-10-07 02:04:49 --> Attempt to read property "product_meta_title" on null
in APPPATH/Controllers/Home.php on line 583.
 1 APPPATH/Controllers/Home.php(583): CodeIgniter\Debug\Exceptions->errorHandler(2, 'Attempt to read property "product_meta_title" on null', 'APPPATH/Controllers/Home.php', 583)
 2 SYSTEMPATH/CodeIgniter.php(925): App\Controllers\Home->product_details('img', 'product', '7.jpg')
 3 SYSTEMPATH/CodeIgniter.php(480): CodeIgniter\CodeIgniter->runController(Object(App\Controllers\Home))
 4 SYSTEMPATH/CodeIgniter.php(349): CodeIgniter\CodeIgniter->handleRequest(null, Object(Config\Cache), false)
 5 FCPATH/index.php(67): CodeIgniter\CodeIgniter->run()
CRITICAL - 2025-10-07 02:04:49 --> Attempt to read property "product_meta_title" on null
in APPPATH/Controllers/Home.php on line 583.
 1 APPPATH/Controllers/Home.php(583): CodeIgniter\Debug\Exceptions->errorHandler(2, 'Attempt to read property "product_meta_title" on null', 'APPPATH/Controllers/Home.php', 583)
 2 SYSTEMPATH/CodeIgniter.php(925): App\Controllers\Home->product_details('img', 'product', '23.jpg')
 3 SYSTEMPATH/CodeIgniter.php(480): CodeIgniter\CodeIgniter->runController(Object(App\Controllers\Home))
 4 SYSTEMPATH/CodeIgniter.php(349): CodeIgniter\CodeIgniter->handleRequest(null, Object(Config\Cache), false)
 5 FCPATH/index.php(67): CodeIgniter\CodeIgniter->run()
CRITICAL - 2025-10-07 02:04:49 --> Attempt to read property "product_meta_title" on null
in APPPATH/Controllers/Home.php on line 583.
 1 APPPATH/Controllers/Home.php(583): CodeIgniter\Debug\Exceptions->errorHandler(2, 'Attempt to read property "product_meta_title" on null', 'APPPATH/Controllers/Home.php', 583)
 2 SYSTEMPATH/CodeIgniter.php(925): App\Controllers\Home->product_details('img', '1.png')
 3 SYSTEMPATH/CodeIgniter.php(480): CodeIgniter\CodeIgniter->runController(Object(App\Controllers\Home))
 4 SYSTEMPATH/CodeIgniter.php(349): CodeIgniter\CodeIgniter->handleRequest(null, Object(Config\Cache), false)
 5 FCPATH/index.php(67): CodeIgniter\CodeIgniter->run()
CRITICAL - 2025-10-07 02:04:49 --> Attempt to read property "product_meta_title" on null
in APPPATH/Controllers/Home.php on line 583.
 1 APPPATH/Controllers/Home.php(583): CodeIgniter\Debug\Exceptions->errorHandler(2, 'Attempt to read property "product_meta_title" on null', 'APPPATH/Controllers/Home.php', 583)
 2 SYSTEMPATH/CodeIgniter.php(925): App\Controllers\Home->product_details('img', 'product', '21.jpg')
 3 SYSTEMPATH/CodeIgniter.php(480): CodeIgniter\CodeIgniter->runController(Object(App\Controllers\Home))
 4 SYSTEMPATH/CodeIgniter.php(349): CodeIgniter\CodeIgniter->handleRequest(null, Object(Config\Cache), false)
 5 FCPATH/index.php(67): CodeIgniter\CodeIgniter->run()
CRITICAL - 2025-10-07 02:04:49 --> Attempt to read property "product_meta_title" on null
in APPPATH/Controllers/Home.php on line 583.
 1 APPPATH/Controllers/Home.php(583): CodeIgniter\Debug\Exceptions->errorHandler(2, 'Attempt to read property "product_meta_title" on null', 'APPPATH/Controllers/Home.php', 583)
 2 SYSTEMPATH/CodeIgniter.php(925): App\Controllers\Home->product_details('img', 'product', '24.jpg')
 3 SYSTEMPATH/CodeIgniter.php(480): CodeIgniter\CodeIgniter->runController(Object(App\Controllers\Home))
 4 SYSTEMPATH/CodeIgniter.php(349): CodeIgniter\CodeIgniter->handleRequest(null, Object(Config\Cache), false)
 5 FCPATH/index.php(67): CodeIgniter\CodeIgniter->run()
CRITICAL - 2025-10-07 02:09:00 --> Undefined array key "rating"
in APPPATH/Views/frontend/product_details.php on line 449.
 1 APPPATH/Views/frontend/product_details.php(449): CodeIgniter\Debug\Exceptions->errorHandler(2, 'Undefined array key "rating"', 'APPPATH/Views/frontend/product_details.php', 449)
 2 SYSTEMPATH/View/View.php(213): include('APPPATH/Views/frontend/product_details.php')
 3 SYSTEMPATH/View/View.php(216): CodeIgniter\View\View->CodeIgniter\View\{closure}()
 4 SYSTEMPATH/Common.php(1135): CodeIgniter\View\View->render('frontend/product_details', [], true)
 5 APPPATH/Controllers/Home.php(592): view('frontend/product_details')
 6 SYSTEMPATH/CodeIgniter.php(925): App\Controllers\Home->product_details('savvy-shoulder-tote')
 7 SYSTEMPATH/CodeIgniter.php(480): CodeIgniter\CodeIgniter->runController(Object(App\Controllers\Home))
 8 SYSTEMPATH/CodeIgniter.php(349): CodeIgniter\CodeIgniter->handleRequest(null, Object(Config\Cache), false)
 9 FCPATH/index.php(67): CodeIgniter\CodeIgniter->run()
CRITICAL - 2025-10-07 02:10:13 --> Attempt to read property "product_meta_title" on null
in APPPATH/Controllers/Home.php on line 583.
 1 APPPATH/Controllers/Home.php(583): CodeIgniter\Debug\Exceptions->errorHandler(2, 'Attempt to read property "product_meta_title" on null', 'APPPATH/Controllers/Home.php', 583)
 2 SYSTEMPATH/CodeIgniter.php(925): App\Controllers\Home->product_details('img', 'product', '5.jpg')
 3 SYSTEMPATH/CodeIgniter.php(480): CodeIgniter\CodeIgniter->runController(Object(App\Controllers\Home))
 4 SYSTEMPATH/CodeIgniter.php(349): CodeIgniter\CodeIgniter->handleRequest(null, Object(Config\Cache), false)
 5 FCPATH/index.php(67): CodeIgniter\CodeIgniter->run()
CRITICAL - 2025-10-07 02:10:13 --> Attempt to read property "product_meta_title" on null
in APPPATH/Controllers/Home.php on line 583.
 1 APPPATH/Controllers/Home.php(583): CodeIgniter\Debug\Exceptions->errorHandler(2, 'Attempt to read property "product_meta_title" on null', 'APPPATH/Controllers/Home.php', 583)
 2 SYSTEMPATH/CodeIgniter.php(925): App\Controllers\Home->product_details('img', 'product', '7.jpg')
 3 SYSTEMPATH/CodeIgniter.php(480): CodeIgniter\CodeIgniter->runController(Object(App\Controllers\Home))
 4 SYSTEMPATH/CodeIgniter.php(349): CodeIgniter\CodeIgniter->handleRequest(null, Object(Config\Cache), false)
 5 FCPATH/index.php(67): CodeIgniter\CodeIgniter->run()
CRITICAL - 2025-10-07 02:10:13 --> Attempt to read property "product_meta_title" on null
in APPPATH/Controllers/Home.php on line 583.
 1 APPPATH/Controllers/Home.php(583): CodeIgniter\Debug\Exceptions->errorHandler(2, 'Attempt to read property "product_meta_title" on null', 'APPPATH/Controllers/Home.php', 583)
 2 SYSTEMPATH/CodeIgniter.php(925): App\Controllers\Home->product_details('img', 'product', '3.jpg')
 3 SYSTEMPATH/CodeIgniter.php(480): CodeIgniter\CodeIgniter->runController(Object(App\Controllers\Home))
 4 SYSTEMPATH/CodeIgniter.php(349): CodeIgniter\CodeIgniter->handleRequest(null, Object(Config\Cache), false)
 5 FCPATH/index.php(67): CodeIgniter\CodeIgniter->run()
CRITICAL - 2025-10-07 02:10:13 --> Attempt to read property "product_meta_title" on null
in APPPATH/Controllers/Home.php on line 583.
 1 APPPATH/Controllers/Home.php(583): CodeIgniter\Debug\Exceptions->errorHandler(2, 'Attempt to read property "product_meta_title" on null', 'APPPATH/Controllers/Home.php', 583)
 2 SYSTEMPATH/CodeIgniter.php(925): App\Controllers\Home->product_details('img', 'product', '21.jpg')
 3 SYSTEMPATH/CodeIgniter.php(480): CodeIgniter\CodeIgniter->runController(Object(App\Controllers\Home))
 4 SYSTEMPATH/CodeIgniter.php(349): CodeIgniter\CodeIgniter->handleRequest(null, Object(Config\Cache), false)
 5 FCPATH/index.php(67): CodeIgniter\CodeIgniter->run()
CRITICAL - 2025-10-07 02:10:13 --> Attempt to read property "product_meta_title" on null
in APPPATH/Controllers/Home.php on line 583.
 1 APPPATH/Controllers/Home.php(583): CodeIgniter\Debug\Exceptions->errorHandler(2, 'Attempt to read property "product_meta_title" on null', 'APPPATH/Controllers/Home.php', 583)
 2 SYSTEMPATH/CodeIgniter.php(925): App\Controllers\Home->product_details('img', 'product', '1.jpg')
 3 SYSTEMPATH/CodeIgniter.php(480): CodeIgniter\CodeIgniter->runController(Object(App\Controllers\Home))
 4 SYSTEMPATH/CodeIgniter.php(349): CodeIgniter\CodeIgniter->handleRequest(null, Object(Config\Cache), false)
 5 FCPATH/index.php(67): CodeIgniter\CodeIgniter->run()
CRITICAL - 2025-10-07 02:10:13 --> Attempt to read property "product_meta_title" on null
in APPPATH/Controllers/Home.php on line 583.
 1 APPPATH/Controllers/Home.php(583): CodeIgniter\Debug\Exceptions->errorHandler(2, 'Attempt to read property "product_meta_title" on null', 'APPPATH/Controllers/Home.php', 583)
 2 SYSTEMPATH/CodeIgniter.php(925): App\Controllers\Home->product_details('img', 'product', '23.jpg')
 3 SYSTEMPATH/CodeIgniter.php(480): CodeIgniter\CodeIgniter->runController(Object(App\Controllers\Home))
 4 SYSTEMPATH/CodeIgniter.php(349): CodeIgniter\CodeIgniter->handleRequest(null, Object(Config\Cache), false)
 5 FCPATH/index.php(67): CodeIgniter\CodeIgniter->run()
CRITICAL - 2025-10-07 02:10:13 --> Attempt to read property "product_meta_title" on null
in APPPATH/Controllers/Home.php on line 583.
 1 APPPATH/Controllers/Home.php(583): CodeIgniter\Debug\Exceptions->errorHandler(2, 'Attempt to read property "product_meta_title" on null', 'APPPATH/Controllers/Home.php', 583)
 2 SYSTEMPATH/CodeIgniter.php(925): App\Controllers\Home->product_details('img', 'product', '22.jpg')
 3 SYSTEMPATH/CodeIgniter.php(480): CodeIgniter\CodeIgniter->runController(Object(App\Controllers\Home))
 4 SYSTEMPATH/CodeIgniter.php(349): CodeIgniter\CodeIgniter->handleRequest(null, Object(Config\Cache), false)
 5 FCPATH/index.php(67): CodeIgniter\CodeIgniter->run()
CRITICAL - 2025-10-07 02:10:13 --> Attempt to read property "product_meta_title" on null
in APPPATH/Controllers/Home.php on line 583.
 1 APPPATH/Controllers/Home.php(583): CodeIgniter\Debug\Exceptions->errorHandler(2, 'Attempt to read property "product_meta_title" on null', 'APPPATH/Controllers/Home.php', 583)
 2 SYSTEMPATH/CodeIgniter.php(925): App\Controllers\Home->product_details('img', '1.png')
 3 SYSTEMPATH/CodeIgniter.php(480): CodeIgniter\CodeIgniter->runController(Object(App\Controllers\Home))
 4 SYSTEMPATH/CodeIgniter.php(349): CodeIgniter\CodeIgniter->handleRequest(null, Object(Config\Cache), false)
 5 FCPATH/index.php(67): CodeIgniter\CodeIgniter->run()
CRITICAL - 2025-10-07 02:10:13 --> Attempt to read property "product_meta_title" on null
in APPPATH/Controllers/Home.php on line 583.
 1 APPPATH/Controllers/Home.php(583): CodeIgniter\Debug\Exceptions->errorHandler(2, 'Attempt to read property "product_meta_title" on null', 'APPPATH/Controllers/Home.php', 583)
 2 SYSTEMPATH/CodeIgniter.php(925): App\Controllers\Home->product_details('img', 'product', '24.jpg')
 3 SYSTEMPATH/CodeIgniter.php(480): CodeIgniter\CodeIgniter->runController(Object(App\Controllers\Home))
 4 SYSTEMPATH/CodeIgniter.php(349): CodeIgniter\CodeIgniter->handleRequest(null, Object(Config\Cache), false)
 5 FCPATH/index.php(67): CodeIgniter\CodeIgniter->run()
CRITICAL - 2025-10-07 02:10:51 --> Attempt to read property "product_meta_title" on null
in APPPATH/Controllers/Home.php on line 583.
 1 APPPATH/Controllers/Home.php(583): CodeIgniter\Debug\Exceptions->errorHandler(2, 'Attempt to read property "product_meta_title" on null', 'APPPATH/Controllers/Home.php', 583)
 2 SYSTEMPATH/CodeIgniter.php(925): App\Controllers\Home->product_details('img', 'product', '3.jpg')
 3 SYSTEMPATH/CodeIgniter.php(480): CodeIgniter\CodeIgniter->runController(Object(App\Controllers\Home))
 4 SYSTEMPATH/CodeIgniter.php(349): CodeIgniter\CodeIgniter->handleRequest(null, Object(Config\Cache), false)
 5 FCPATH/index.php(67): CodeIgniter\CodeIgniter->run()
CRITICAL - 2025-10-07 02:10:51 --> Attempt to read property "product_meta_title" on null
in APPPATH/Controllers/Home.php on line 583.
 1 APPPATH/Controllers/Home.php(583): CodeIgniter\Debug\Exceptions->errorHandler(2, 'Attempt to read property "product_meta_title" on null', 'APPPATH/Controllers/Home.php', 583)
 2 SYSTEMPATH/CodeIgniter.php(925): App\Controllers\Home->product_details('img', 'product', '1.jpg')
 3 SYSTEMPATH/CodeIgniter.php(480): CodeIgniter\CodeIgniter->runController(Object(App\Controllers\Home))
 4 SYSTEMPATH/CodeIgniter.php(349): CodeIgniter\CodeIgniter->handleRequest(null, Object(Config\Cache), false)
 5 FCPATH/index.php(67): CodeIgniter\CodeIgniter->run()
CRITICAL - 2025-10-07 02:10:51 --> Attempt to read property "product_meta_title" on null
in APPPATH/Controllers/Home.php on line 583.
 1 APPPATH/Controllers/Home.php(583): CodeIgniter\Debug\Exceptions->errorHandler(2, 'Attempt to read property "product_meta_title" on null', 'APPPATH/Controllers/Home.php', 583)
 2 SYSTEMPATH/CodeIgniter.php(925): App\Controllers\Home->product_details('img', 'product', '22.jpg')
 3 SYSTEMPATH/CodeIgniter.php(480): CodeIgniter\CodeIgniter->runController(Object(App\Controllers\Home))
 4 SYSTEMPATH/CodeIgniter.php(349): CodeIgniter\CodeIgniter->handleRequest(null, Object(Config\Cache), false)
 5 FCPATH/index.php(67): CodeIgniter\CodeIgniter->run()
CRITICAL - 2025-10-07 02:10:51 --> Attempt to read property "product_meta_title" on null
in APPPATH/Controllers/Home.php on line 583.
 1 APPPATH/Controllers/Home.php(583): CodeIgniter\Debug\Exceptions->errorHandler(2, 'Attempt to read property "product_meta_title" on null', 'APPPATH/Controllers/Home.php', 583)
 2 SYSTEMPATH/CodeIgniter.php(925): App\Controllers\Home->product_details('img', 'product', '5.jpg')
 3 SYSTEMPATH/CodeIgniter.php(480): CodeIgniter\CodeIgniter->runController(Object(App\Controllers\Home))
 4 SYSTEMPATH/CodeIgniter.php(349): CodeIgniter\CodeIgniter->handleRequest(null, Object(Config\Cache), false)
 5 FCPATH/index.php(67): CodeIgniter\CodeIgniter->run()
CRITICAL - 2025-10-07 02:10:51 --> Attempt to read property "product_meta_title" on null
in APPPATH/Controllers/Home.php on line 583.
 1 APPPATH/Controllers/Home.php(583): CodeIgniter\Debug\Exceptions->errorHandler(2, 'Attempt to read property "product_meta_title" on null', 'APPPATH/Controllers/Home.php', 583)
 2 SYSTEMPATH/CodeIgniter.php(925): App\Controllers\Home->product_details('img', '1.png')
 3 SYSTEMPATH/CodeIgniter.php(480): CodeIgniter\CodeIgniter->runController(Object(App\Controllers\Home))
 4 SYSTEMPATH/CodeIgniter.php(349): CodeIgniter\CodeIgniter->handleRequest(null, Object(Config\Cache), false)
 5 FCPATH/index.php(67): CodeIgniter\CodeIgniter->run()
CRITICAL - 2025-10-07 02:10:51 --> Attempt to read property "product_meta_title" on null
in APPPATH/Controllers/Home.php on line 583.
 1 APPPATH/Controllers/Home.php(583): CodeIgniter\Debug\Exceptions->errorHandler(2, 'Attempt to read property "product_meta_title" on null', 'APPPATH/Controllers/Home.php', 583)
 2 SYSTEMPATH/CodeIgniter.php(925): App\Controllers\Home->product_details('img', 'product', '7.jpg')
 3 SYSTEMPATH/CodeIgniter.php(480): CodeIgniter\CodeIgniter->runController(Object(App\Controllers\Home))
 4 SYSTEMPATH/CodeIgniter.php(349): CodeIgniter\CodeIgniter->handleRequest(null, Object(Config\Cache), false)
 5 FCPATH/index.php(67): CodeIgniter\CodeIgniter->run()
CRITICAL - 2025-10-07 02:10:51 --> Attempt to read property "product_meta_title" on null
in APPPATH/Controllers/Home.php on line 583.
 1 APPPATH/Controllers/Home.php(583): CodeIgniter\Debug\Exceptions->errorHandler(2, 'Attempt to read property "product_meta_title" on null', 'APPPATH/Controllers/Home.php', 583)
 2 SYSTEMPATH/CodeIgniter.php(925): App\Controllers\Home->product_details('img', 'product', '21.jpg')
 3 SYSTEMPATH/CodeIgniter.php(480): CodeIgniter\CodeIgniter->runController(Object(App\Controllers\Home))
 4 SYSTEMPATH/CodeIgniter.php(349): CodeIgniter\CodeIgniter->handleRequest(null, Object(Config\Cache), false)
 5 FCPATH/index.php(67): CodeIgniter\CodeIgniter->run()
CRITICAL - 2025-10-07 02:10:51 --> Attempt to read property "product_meta_title" on null
in APPPATH/Controllers/Home.php on line 583.
 1 APPPATH/Controllers/Home.php(583): CodeIgniter\Debug\Exceptions->errorHandler(2, 'Attempt to read property "product_meta_title" on null', 'APPPATH/Controllers/Home.php', 583)
 2 SYSTEMPATH/CodeIgniter.php(925): App\Controllers\Home->product_details('img', 'product', '24.jpg')
 3 SYSTEMPATH/CodeIgniter.php(480): CodeIgniter\CodeIgniter->runController(Object(App\Controllers\Home))
 4 SYSTEMPATH/CodeIgniter.php(349): CodeIgniter\CodeIgniter->handleRequest(null, Object(Config\Cache), false)
 5 FCPATH/index.php(67): CodeIgniter\CodeIgniter->run()
CRITICAL - 2025-10-07 02:10:51 --> Attempt to read property "product_meta_title" on null
in APPPATH/Controllers/Home.php on line 583.
 1 APPPATH/Controllers/Home.php(583): CodeIgniter\Debug\Exceptions->errorHandler(2, 'Attempt to read property "product_meta_title" on null', 'APPPATH/Controllers/Home.php', 583)
 2 SYSTEMPATH/CodeIgniter.php(925): App\Controllers\Home->product_details('img', 'product', '23.jpg')
 3 SYSTEMPATH/CodeIgniter.php(480): CodeIgniter\CodeIgniter->runController(Object(App\Controllers\Home))
 4 SYSTEMPATH/CodeIgniter.php(349): CodeIgniter\CodeIgniter->handleRequest(null, Object(Config\Cache), false)
 5 FCPATH/index.php(67): CodeIgniter\CodeIgniter->run()
CRITICAL - 2025-10-07 02:11:57 --> Attempt to read property "product_meta_title" on null
in APPPATH/Controllers/Home.php on line 583.
 1 APPPATH/Controllers/Home.php(583): CodeIgniter\Debug\Exceptions->errorHandler(2, 'Attempt to read property "product_meta_title" on null', 'APPPATH/Controllers/Home.php', 583)
 2 SYSTEMPATH/CodeIgniter.php(925): App\Controllers\Home->product_details('img', 'product', '5.jpg')
 3 SYSTEMPATH/CodeIgniter.php(480): CodeIgniter\CodeIgniter->runController(Object(App\Controllers\Home))
 4 SYSTEMPATH/CodeIgniter.php(349): CodeIgniter\CodeIgniter->handleRequest(null, Object(Config\Cache), false)
 5 FCPATH/index.php(67): CodeIgniter\CodeIgniter->run()
CRITICAL - 2025-10-07 02:11:57 --> Attempt to read property "product_meta_title" on null
in APPPATH/Controllers/Home.php on line 583.
 1 APPPATH/Controllers/Home.php(583): CodeIgniter\Debug\Exceptions->errorHandler(2, 'Attempt to read property "product_meta_title" on null', 'APPPATH/Controllers/Home.php', 583)
 2 SYSTEMPATH/CodeIgniter.php(925): App\Controllers\Home->product_details('img', 'product', '1.jpg')
 3 SYSTEMPATH/CodeIgniter.php(480): CodeIgniter\CodeIgniter->runController(Object(App\Controllers\Home))
 4 SYSTEMPATH/CodeIgniter.php(349): CodeIgniter\CodeIgniter->handleRequest(null, Object(Config\Cache), false)
 5 FCPATH/index.php(67): CodeIgniter\CodeIgniter->run()
CRITICAL - 2025-10-07 02:11:57 --> Attempt to read property "product_meta_title" on null
in APPPATH/Controllers/Home.php on line 583.
 1 APPPATH/Controllers/Home.php(583): CodeIgniter\Debug\Exceptions->errorHandler(2, 'Attempt to read property "product_meta_title" on null', 'APPPATH/Controllers/Home.php', 583)
 2 SYSTEMPATH/CodeIgniter.php(925): App\Controllers\Home->product_details('img', '1.png')
 3 SYSTEMPATH/CodeIgniter.php(480): CodeIgniter\CodeIgniter->runController(Object(App\Controllers\Home))
 4 SYSTEMPATH/CodeIgniter.php(349): CodeIgniter\CodeIgniter->handleRequest(null, Object(Config\Cache), false)
 5 FCPATH/index.php(67): CodeIgniter\CodeIgniter->run()
CRITICAL - 2025-10-07 02:11:57 --> Attempt to read property "product_meta_title" on null
in APPPATH/Controllers/Home.php on line 583.
 1 APPPATH/Controllers/Home.php(583): CodeIgniter\Debug\Exceptions->errorHandler(2, 'Attempt to read property "product_meta_title" on null', 'APPPATH/Controllers/Home.php', 583)
 2 SYSTEMPATH/CodeIgniter.php(925): App\Controllers\Home->product_details('img', 'product', '7.jpg')
 3 SYSTEMPATH/CodeIgniter.php(480): CodeIgniter\CodeIgniter->runController(Object(App\Controllers\Home))
 4 SYSTEMPATH/CodeIgniter.php(349): CodeIgniter\CodeIgniter->handleRequest(null, Object(Config\Cache), false)
 5 FCPATH/index.php(67): CodeIgniter\CodeIgniter->run()
CRITICAL - 2025-10-07 02:11:57 --> Attempt to read property "product_meta_title" on null
in APPPATH/Controllers/Home.php on line 583.
 1 APPPATH/Controllers/Home.php(583): CodeIgniter\Debug\Exceptions->errorHandler(2, 'Attempt to read property "product_meta_title" on null', 'APPPATH/Controllers/Home.php', 583)
 2 SYSTEMPATH/CodeIgniter.php(925): App\Controllers\Home->product_details('img', 'product', '3.jpg')
 3 SYSTEMPATH/CodeIgniter.php(480): CodeIgniter\CodeIgniter->runController(Object(App\Controllers\Home))
 4 SYSTEMPATH/CodeIgniter.php(349): CodeIgniter\CodeIgniter->handleRequest(null, Object(Config\Cache), false)
 5 FCPATH/index.php(67): CodeIgniter\CodeIgniter->run()
CRITICAL - 2025-10-07 02:16:14 --> Attempt to read property "product_meta_title" on null
in APPPATH/Controllers/Home.php on line 583.
 1 APPPATH/Controllers/Home.php(583): CodeIgniter\Debug\Exceptions->errorHandler(2, 'Attempt to read property "product_meta_title" on null', 'APPPATH/Controllers/Home.php', 583)
 2 SYSTEMPATH/CodeIgniter.php(925): App\Controllers\Home->product_details('img', '1.png')
 3 SYSTEMPATH/CodeIgniter.php(480): CodeIgniter\CodeIgniter->runController(Object(App\Controllers\Home))
 4 SYSTEMPATH/CodeIgniter.php(349): CodeIgniter\CodeIgniter->handleRequest(null, Object(Config\Cache), false)
 5 FCPATH/index.php(67): CodeIgniter\CodeIgniter->run()
CRITICAL - 2025-10-07 05:58:30 --> Attempt to read property "product_meta_title" on null
in APPPATH/Controllers/Home.php on line 583.
 1 APPPATH/Controllers/Home.php(583): CodeIgniter\Debug\Exceptions->errorHandler(2, 'Attempt to read property "product_meta_title" on null', 'APPPATH/Controllers/Home.php', 583)
 2 SYSTEMPATH/CodeIgniter.php(925): App\Controllers\Home->product_details('img', '1.png')
 3 SYSTEMPATH/CodeIgniter.php(480): CodeIgniter\CodeIgniter->runController(Object(App\Controllers\Home))
 4 SYSTEMPATH/CodeIgniter.php(349): CodeIgniter\CodeIgniter->handleRequest(null, Object(Config\Cache), false)
 5 FCPATH/index.php(67): CodeIgniter\CodeIgniter->run()
CRITICAL - 2025-10-07 05:59:31 --> Attempt to read property "product_meta_title" on null
in APPPATH/Controllers/Home.php on line 583.
 1 APPPATH/Controllers/Home.php(583): CodeIgniter\Debug\Exceptions->errorHandler(2, 'Attempt to read property "product_meta_title" on null', 'APPPATH/Controllers/Home.php', 583)
 2 SYSTEMPATH/CodeIgniter.php(925): App\Controllers\Home->product_details('img', '1.png')
 3 SYSTEMPATH/CodeIgniter.php(480): CodeIgniter\CodeIgniter->runController(Object(App\Controllers\Home))
 4 SYSTEMPATH/CodeIgniter.php(349): CodeIgniter\CodeIgniter->handleRequest(null, Object(Config\Cache), false)
 5 FCPATH/index.php(67): CodeIgniter\CodeIgniter->run()
CRITICAL - 2025-10-07 05:59:41 --> Attempt to read property "product_meta_title" on null
in APPPATH/Controllers/Home.php on line 583.
 1 APPPATH/Controllers/Home.php(583): CodeIgniter\Debug\Exceptions->errorHandler(2, 'Attempt to read property "product_meta_title" on null', 'APPPATH/Controllers/Home.php', 583)
 2 SYSTEMPATH/CodeIgniter.php(925): App\Controllers\Home->product_details('img', '1.png')
 3 SYSTEMPATH/CodeIgniter.php(480): CodeIgniter\CodeIgniter->runController(Object(App\Controllers\Home))
 4 SYSTEMPATH/CodeIgniter.php(349): CodeIgniter\CodeIgniter->handleRequest(null, Object(Config\Cache), false)
 5 FCPATH/index.php(67): CodeIgniter\CodeIgniter->run()
CRITICAL - 2025-10-07 06:22:01 --> include(your-billing-shipping-form.php): Failed to open stream: No such file or directory
in APPPATH/Views/frontend/checkout.php on line 97.
 1 APPPATH/Views/frontend/checkout.php(97): CodeIgniter\Debug\Exceptions->errorHandler(2, 'include(your-billing-shipping-form.php): Failed to open stream: No such file or directory', 'APPPATH/Views/frontend/checkout.php', 97)
 2 APPPATH/Views/frontend/checkout.php(97): include()
 3 SYSTEMPATH/View/View.php(213): include('APPPATH/Views/frontend/checkout.php')
 4 SYSTEMPATH/View/View.php(216): CodeIgniter\View\View->CodeIgniter\View\{closure}()
 5 SYSTEMPATH/Common.php(1135): CodeIgniter\View\View->render('frontend/checkout', [], true)
 6 APPPATH/Controllers/Home.php(1040): view('frontend/checkout')
 7 SYSTEMPATH/CodeIgniter.php(925): App\Controllers\Home->checkout()
 8 SYSTEMPATH/CodeIgniter.php(480): CodeIgniter\CodeIgniter->runController(Object(App\Controllers\Home))
 9 SYSTEMPATH/CodeIgniter.php(349): CodeIgniter\CodeIgniter->handleRequest(null, Object(Config\Cache), false)
10 FCPATH/index.php(67): CodeIgniter\CodeIgniter->run()
CRITICAL - 2025-10-07 07:28:42 --> Cannot use App\Models\Commanmodel as Commanmodel because the name is already in use
in APPPATH/Views/frontend/catalog.php on line 15.
 1 [internal function]: CodeIgniter\Debug\Exceptions->shutdownHandler()
