ERROR - 2026-06-25 01:11:35 --> mysqli_sql_exception: Unknown column 'registration_type' in 'field list' in /home3/snindustries/public_html/zemsto/system/Database/MySQLi/Connection.php:292
Stack trace:
#0 /home3/snindustries/public_html/zemsto/system/Database/MySQLi/Connection.php(292): mysqli->query('UPDATE `user_ac...', 0)
#1 /home3/snindustries/public_html/zemsto/system/Database/BaseConnection.php(666): CodeIgniter\Database\MySQLi\Connection->execute('UPDATE `user_ac...')
#2 /home3/snindustries/public_html/zemsto/system/Database/BaseConnection.php(593): CodeIgniter\Database\BaseConnection->simpleQuery('UPDATE `user_ac...')
#3 /home3/snindustries/public_html/zemsto/system/Database/BaseBuilder.php(2079): CodeIgniter\Database\BaseConnection->query('UPDATE `user_ac...', Array, false)
#4 /home3/snindustries/public_html/zemsto/app/Models/Commanmodel.php(445): CodeIgniter\Database\BaseBuilder->update(Array)
#5 /home3/snindustries/public_html/zemsto/app/Controllers/Home.php(1613): App\Models\Commanmodel->update_query('user_account', Array, Array)
#6 /home3/snindustries/public_html/zemsto/system/CodeIgniter.php(925): App\Controllers\Home->register_process()
#7 /home3/snindustries/public_html/zemsto/system/CodeIgniter.php(480): CodeIgniter\CodeIgniter->runController(Object(App\Controllers\Home))
#8 /home3/snindustries/public_html/zemsto/system/CodeIgniter.php(349): CodeIgniter\CodeIgniter->handleRequest(NULL, Object(Config\Cache), false)
#9 /home3/snindustries/public_html/zemsto/index.php(67): CodeIgniter\CodeIgniter->run()
#10 {main}
ERROR - 2026-06-25 01:16:05 --> mysqli_sql_exception: Unknown column 'registration_type' in 'field list' in /home3/snindustries/public_html/zemsto/system/Database/MySQLi/Connection.php:292
Stack trace:
#0 /home3/snindustries/public_html/zemsto/system/Database/MySQLi/Connection.php(292): mysqli->query('UPDATE `user_ac...', 0)
#1 /home3/snindustries/public_html/zemsto/system/Database/BaseConnection.php(666): CodeIgniter\Database\MySQLi\Connection->execute('UPDATE `user_ac...')
#2 /home3/snindustries/public_html/zemsto/system/Database/BaseConnection.php(593): CodeIgniter\Database\BaseConnection->simpleQuery('UPDATE `user_ac...')
#3 /home3/snindustries/public_html/zemsto/system/Database/BaseBuilder.php(2079): CodeIgniter\Database\BaseConnection->query('UPDATE `user_ac...', Array, false)
#4 /home3/snindustries/public_html/zemsto/app/Models/Commanmodel.php(445): CodeIgniter\Database\BaseBuilder->update(Array)
#5 /home3/snindustries/public_html/zemsto/app/Controllers/Home.php(1613): App\Models\Commanmodel->update_query('user_account', Array, Array)
#6 /home3/snindustries/public_html/zemsto/system/CodeIgniter.php(925): App\Controllers\Home->register_process()
#7 /home3/snindustries/public_html/zemsto/system/CodeIgniter.php(480): CodeIgniter\CodeIgniter->runController(Object(App\Controllers\Home))
#8 /home3/snindustries/public_html/zemsto/system/CodeIgniter.php(349): CodeIgniter\CodeIgniter->handleRequest(NULL, Object(Config\Cache), false)
#9 /home3/snindustries/public_html/zemsto/index.php(67): CodeIgniter\CodeIgniter->run()
#10 {main}
ERROR - 2026-06-25 01:16:53 --> mysqli_sql_exception: Unknown column 'registration_type' in 'field list' in /home3/snindustries/public_html/zemsto/system/Database/MySQLi/Connection.php:292
Stack trace:
#0 /home3/snindustries/public_html/zemsto/system/Database/MySQLi/Connection.php(292): mysqli->query('UPDATE `user_ac...', 0)
#1 /home3/snindustries/public_html/zemsto/system/Database/BaseConnection.php(666): CodeIgniter\Database\MySQLi\Connection->execute('UPDATE `user_ac...')
#2 /home3/snindustries/public_html/zemsto/system/Database/BaseConnection.php(593): CodeIgniter\Database\BaseConnection->simpleQuery('UPDATE `user_ac...')
#3 /home3/snindustries/public_html/zemsto/system/Database/BaseBuilder.php(2079): CodeIgniter\Database\BaseConnection->query('UPDATE `user_ac...', Array, false)
#4 /home3/snindustries/public_html/zemsto/app/Models/Commanmodel.php(445): CodeIgniter\Database\BaseBuilder->update(Array)
#5 /home3/snindustries/public_html/zemsto/app/Controllers/Home.php(1613): App\Models\Commanmodel->update_query('user_account', Array, Array)
#6 /home3/snindustries/public_html/zemsto/system/CodeIgniter.php(925): App\Controllers\Home->register_process()
#7 /home3/snindustries/public_html/zemsto/system/CodeIgniter.php(480): CodeIgniter\CodeIgniter->runController(Object(App\Controllers\Home))
#8 /home3/snindustries/public_html/zemsto/system/CodeIgniter.php(349): CodeIgniter\CodeIgniter->handleRequest(NULL, Object(Config\Cache), false)
#9 /home3/snindustries/public_html/zemsto/index.php(67): CodeIgniter\CodeIgniter->run()
#10 {main}
CRITICAL - 2026-06-25 01:16:53 --> Call to undefined method App\Controllers\Home::sendRegistrationEmail()
in APPPATH/Controllers/Home.php on line 1681.
 1 SYSTEMPATH/CodeIgniter.php(925): App\Controllers\Home->register_process()
 2 SYSTEMPATH/CodeIgniter.php(480): CodeIgniter\CodeIgniter->runController(Object(App\Controllers\Home))
 3 SYSTEMPATH/CodeIgniter.php(349): CodeIgniter\CodeIgniter->handleRequest(null, Object(Config\Cache), false)
 4 FCPATH/index.php(67): CodeIgniter\CodeIgniter->run()
ERROR - 2026-06-25 01:17:16 --> mysqli_sql_exception: Unknown column 'registration_type' in 'field list' in /home3/snindustries/public_html/zemsto/system/Database/MySQLi/Connection.php:292
Stack trace:
#0 /home3/snindustries/public_html/zemsto/system/Database/MySQLi/Connection.php(292): mysqli->query('UPDATE `user_ac...', 0)
#1 /home3/snindustries/public_html/zemsto/system/Database/BaseConnection.php(666): CodeIgniter\Database\MySQLi\Connection->execute('UPDATE `user_ac...')
#2 /home3/snindustries/public_html/zemsto/system/Database/BaseConnection.php(593): CodeIgniter\Database\BaseConnection->simpleQuery('UPDATE `user_ac...')
#3 /home3/snindustries/public_html/zemsto/system/Database/BaseBuilder.php(2079): CodeIgniter\Database\BaseConnection->query('UPDATE `user_ac...', Array, false)
#4 /home3/snindustries/public_html/zemsto/app/Models/Commanmodel.php(445): CodeIgniter\Database\BaseBuilder->update(Array)
#5 /home3/snindustries/public_html/zemsto/app/Controllers/Home.php(1613): App\Models\Commanmodel->update_query('user_account', Array, Array)
#6 /home3/snindustries/public_html/zemsto/system/CodeIgniter.php(925): App\Controllers\Home->register_process()
#7 /home3/snindustries/public_html/zemsto/system/CodeIgniter.php(480): CodeIgniter\CodeIgniter->runController(Object(App\Controllers\Home))
#8 /home3/snindustries/public_html/zemsto/system/CodeIgniter.php(349): CodeIgniter\CodeIgniter->handleRequest(NULL, Object(Config\Cache), false)
#9 /home3/snindustries/public_html/zemsto/index.php(67): CodeIgniter\CodeIgniter->run()
#10 {main}
CRITICAL - 2026-06-25 01:17:16 --> Call to undefined method App\Controllers\Home::sendRegistrationEmail()
in APPPATH/Controllers/Home.php on line 1681.
 1 SYSTEMPATH/CodeIgniter.php(925): App\Controllers\Home->register_process()
 2 SYSTEMPATH/CodeIgniter.php(480): CodeIgniter\CodeIgniter->runController(Object(App\Controllers\Home))
 3 SYSTEMPATH/CodeIgniter.php(349): CodeIgniter\CodeIgniter->handleRequest(null, Object(Config\Cache), false)
 4 FCPATH/index.php(67): CodeIgniter\CodeIgniter->run()
ERROR - 2026-06-25 01:19:16 --> mysqli_sql_exception: Unknown column 'registration_type' in 'field list' in /home3/snindustries/public_html/zemsto/system/Database/MySQLi/Connection.php:292
Stack trace:
#0 /home3/snindustries/public_html/zemsto/system/Database/MySQLi/Connection.php(292): mysqli->query('UPDATE `user_ac...', 0)
#1 /home3/snindustries/public_html/zemsto/system/Database/BaseConnection.php(666): CodeIgniter\Database\MySQLi\Connection->execute('UPDATE `user_ac...')
#2 /home3/snindustries/public_html/zemsto/system/Database/BaseConnection.php(593): CodeIgniter\Database\BaseConnection->simpleQuery('UPDATE `user_ac...')
#3 /home3/snindustries/public_html/zemsto/system/Database/BaseBuilder.php(2079): CodeIgniter\Database\BaseConnection->query('UPDATE `user_ac...', Array, false)
#4 /home3/snindustries/public_html/zemsto/app/Models/Commanmodel.php(445): CodeIgniter\Database\BaseBuilder->update(Array)
#5 /home3/snindustries/public_html/zemsto/app/Controllers/Home.php(1613): App\Models\Commanmodel->update_query('user_account', Array, Array)
#6 /home3/snindustries/public_html/zemsto/system/CodeIgniter.php(925): App\Controllers\Home->register_process()
#7 /home3/snindustries/public_html/zemsto/system/CodeIgniter.php(480): CodeIgniter\CodeIgniter->runController(Object(App\Controllers\Home))
#8 /home3/snindustries/public_html/zemsto/system/CodeIgniter.php(349): CodeIgniter\CodeIgniter->handleRequest(NULL, Object(Config\Cache), false)
#9 /home3/snindustries/public_html/zemsto/index.php(67): CodeIgniter\CodeIgniter->run()
#10 {main}
CRITICAL - 2026-06-25 01:19:16 --> Call to undefined method App\Controllers\Home::sendRegistrationEmail()
in APPPATH/Controllers/Home.php on line 1680.
 1 SYSTEMPATH/CodeIgniter.php(925): App\Controllers\Home->register_process()
 2 SYSTEMPATH/CodeIgniter.php(480): CodeIgniter\CodeIgniter->runController(Object(App\Controllers\Home))
 3 SYSTEMPATH/CodeIgniter.php(349): CodeIgniter\CodeIgniter->handleRequest(null, Object(Config\Cache), false)
 4 FCPATH/index.php(67): CodeIgniter\CodeIgniter->run()
ERROR - 2026-06-25 01:23:02 --> mysqli_sql_exception: Unknown column 'registration_type' in 'field list' in /home3/snindustries/public_html/zemsto/system/Database/MySQLi/Connection.php:292
Stack trace:
#0 /home3/snindustries/public_html/zemsto/system/Database/MySQLi/Connection.php(292): mysqli->query('UPDATE `user_ac...', 0)
#1 /home3/snindustries/public_html/zemsto/system/Database/BaseConnection.php(666): CodeIgniter\Database\MySQLi\Connection->execute('UPDATE `user_ac...')
#2 /home3/snindustries/public_html/zemsto/system/Database/BaseConnection.php(593): CodeIgniter\Database\BaseConnection->simpleQuery('UPDATE `user_ac...')
#3 /home3/snindustries/public_html/zemsto/system/Database/BaseBuilder.php(2079): CodeIgniter\Database\BaseConnection->query('UPDATE `user_ac...', Array, false)
#4 /home3/snindustries/public_html/zemsto/app/Models/Commanmodel.php(445): CodeIgniter\Database\BaseBuilder->update(Array)
#5 /home3/snindustries/public_html/zemsto/app/Controllers/Home.php(1615): App\Models\Commanmodel->update_query('user_account', Array, Array)
#6 /home3/snindustries/public_html/zemsto/system/CodeIgniter.php(925): App\Controllers\Home->register_process()
#7 /home3/snindustries/public_html/zemsto/system/CodeIgniter.php(480): CodeIgniter\CodeIgniter->runController(Object(App\Controllers\Home))
#8 /home3/snindustries/public_html/zemsto/system/CodeIgniter.php(349): CodeIgniter\CodeIgniter->handleRequest(NULL, Object(Config\Cache), false)
#9 /home3/snindustries/public_html/zemsto/index.php(67): CodeIgniter\CodeIgniter->run()
#10 {main}
ERROR - 2026-06-25 01:23:34 --> mysqli_sql_exception: Unknown column 'updated_at' in 'field list' in /home3/snindustries/public_html/zemsto/system/Database/MySQLi/Connection.php:292
Stack trace:
#0 /home3/snindustries/public_html/zemsto/system/Database/MySQLi/Connection.php(292): mysqli->query('UPDATE `user_ac...', 0)
#1 /home3/snindustries/public_html/zemsto/system/Database/BaseConnection.php(666): CodeIgniter\Database\MySQLi\Connection->execute('UPDATE `user_ac...')
#2 /home3/snindustries/public_html/zemsto/system/Database/BaseConnection.php(593): CodeIgniter\Database\BaseConnection->simpleQuery('UPDATE `user_ac...')
#3 /home3/snindustries/public_html/zemsto/system/Database/BaseBuilder.php(2079): CodeIgniter\Database\BaseConnection->query('UPDATE `user_ac...', Array, false)
#4 /home3/snindustries/public_html/zemsto/app/Models/Commanmodel.php(445): CodeIgniter\Database\BaseBuilder->update(Array)
#5 /home3/snindustries/public_html/zemsto/app/Controllers/Home.php(2023): App\Models\Commanmodel->update_query('user_account', Array, Array)
#6 /home3/snindustries/public_html/zemsto/system/CodeIgniter.php(925): App\Controllers\Home->verify_payment()
#7 /home3/snindustries/public_html/zemsto/system/CodeIgniter.php(480): CodeIgniter\CodeIgniter->runController(Object(App\Controllers\Home))
#8 /home3/snindustries/public_html/zemsto/system/CodeIgniter.php(349): CodeIgniter\CodeIgniter->handleRequest(NULL, Object(Config\Cache), false)
#9 /home3/snindustries/public_html/zemsto/index.php(67): CodeIgniter\CodeIgniter->run()
#10 {main}
ERROR - 2026-06-25 01:24:50 --> mysqli_sql_exception: Unknown column 'registration_type' in 'field list' in /home3/snindustries/public_html/zemsto/system/Database/MySQLi/Connection.php:292
Stack trace:
#0 /home3/snindustries/public_html/zemsto/system/Database/MySQLi/Connection.php(292): mysqli->query('UPDATE `user_ac...', 0)
#1 /home3/snindustries/public_html/zemsto/system/Database/BaseConnection.php(666): CodeIgniter\Database\MySQLi\Connection->execute('UPDATE `user_ac...')
#2 /home3/snindustries/public_html/zemsto/system/Database/BaseConnection.php(593): CodeIgniter\Database\BaseConnection->simpleQuery('UPDATE `user_ac...')
#3 /home3/snindustries/public_html/zemsto/system/Database/BaseBuilder.php(2079): CodeIgniter\Database\BaseConnection->query('UPDATE `user_ac...', Array, false)
#4 /home3/snindustries/public_html/zemsto/app/Models/Commanmodel.php(445): CodeIgniter\Database\BaseBuilder->update(Array)
#5 /home3/snindustries/public_html/zemsto/app/Controllers/Home.php(1615): App\Models\Commanmodel->update_query('user_account', Array, Array)
#6 /home3/snindustries/public_html/zemsto/system/CodeIgniter.php(925): App\Controllers\Home->register_process()
#7 /home3/snindustries/public_html/zemsto/system/CodeIgniter.php(480): CodeIgniter\CodeIgniter->runController(Object(App\Controllers\Home))
#8 /home3/snindustries/public_html/zemsto/system/CodeIgniter.php(349): CodeIgniter\CodeIgniter->handleRequest(NULL, Object(Config\Cache), false)
#9 /home3/snindustries/public_html/zemsto/index.php(67): CodeIgniter\CodeIgniter->run()
#10 {main}
ERROR - 2026-06-25 01:42:14 --> mysqli_sql_exception: Unknown column 'registration_type' in 'field list' in /home3/snindustries/public_html/zemsto/system/Database/MySQLi/Connection.php:292
Stack trace:
#0 /home3/snindustries/public_html/zemsto/system/Database/MySQLi/Connection.php(292): mysqli->query('UPDATE `user_ac...', 0)
#1 /home3/snindustries/public_html/zemsto/system/Database/BaseConnection.php(666): CodeIgniter\Database\MySQLi\Connection->execute('UPDATE `user_ac...')
#2 /home3/snindustries/public_html/zemsto/system/Database/BaseConnection.php(593): CodeIgniter\Database\BaseConnection->simpleQuery('UPDATE `user_ac...')
#3 /home3/snindustries/public_html/zemsto/system/Database/BaseBuilder.php(2079): CodeIgniter\Database\BaseConnection->query('UPDATE `user_ac...', Array, false)
#4 /home3/snindustries/public_html/zemsto/app/Models/Commanmodel.php(445): CodeIgniter\Database\BaseBuilder->update(Array)
#5 /home3/snindustries/public_html/zemsto/app/Controllers/Home.php(1615): App\Models\Commanmodel->update_query('user_account', Array, Array)
#6 /home3/snindustries/public_html/zemsto/system/CodeIgniter.php(925): App\Controllers\Home->register_process()
#7 /home3/snindustries/public_html/zemsto/system/CodeIgniter.php(480): CodeIgniter\CodeIgniter->runController(Object(App\Controllers\Home))
#8 /home3/snindustries/public_html/zemsto/system/CodeIgniter.php(349): CodeIgniter\CodeIgniter->handleRequest(NULL, Object(Config\Cache), false)
#9 /home3/snindustries/public_html/zemsto/index.php(67): CodeIgniter\CodeIgniter->run()
#10 {main}
CRITICAL - 2026-06-25 01:42:14 --> Call to undefined function App\Controllers\logActivity()
in APPPATH/Controllers/Home.php on line 1621.
 1 SYSTEMPATH/CodeIgniter.php(925): App\Controllers\Home->register_process()
 2 SYSTEMPATH/CodeIgniter.php(480): CodeIgniter\CodeIgniter->runController(Object(App\Controllers\Home))
 3 SYSTEMPATH/CodeIgniter.php(349): CodeIgniter\CodeIgniter->handleRequest(null, Object(Config\Cache), false)
 4 FCPATH/index.php(67): CodeIgniter\CodeIgniter->run()
ERROR - 2026-06-25 01:42:25 --> mysqli_sql_exception: Unknown column 'registration_type' in 'field list' in /home3/snindustries/public_html/zemsto/system/Database/MySQLi/Connection.php:292
Stack trace:
#0 /home3/snindustries/public_html/zemsto/system/Database/MySQLi/Connection.php(292): mysqli->query('UPDATE `user_ac...', 0)
#1 /home3/snindustries/public_html/zemsto/system/Database/BaseConnection.php(666): CodeIgniter\Database\MySQLi\Connection->execute('UPDATE `user_ac...')
#2 /home3/snindustries/public_html/zemsto/system/Database/BaseConnection.php(593): CodeIgniter\Database\BaseConnection->simpleQuery('UPDATE `user_ac...')
#3 /home3/snindustries/public_html/zemsto/system/Database/BaseBuilder.php(2079): CodeIgniter\Database\BaseConnection->query('UPDATE `user_ac...', Array, false)
#4 /home3/snindustries/public_html/zemsto/app/Models/Commanmodel.php(445): CodeIgniter\Database\BaseBuilder->update(Array)
#5 /home3/snindustries/public_html/zemsto/app/Controllers/Home.php(1615): App\Models\Commanmodel->update_query('user_account', Array, Array)
#6 /home3/snindustries/public_html/zemsto/system/CodeIgniter.php(925): App\Controllers\Home->register_process()
#7 /home3/snindustries/public_html/zemsto/system/CodeIgniter.php(480): CodeIgniter\CodeIgniter->runController(Object(App\Controllers\Home))
#8 /home3/snindustries/public_html/zemsto/system/CodeIgniter.php(349): CodeIgniter\CodeIgniter->handleRequest(NULL, Object(Config\Cache), false)
#9 /home3/snindustries/public_html/zemsto/index.php(67): CodeIgniter\CodeIgniter->run()
#10 {main}
CRITICAL - 2026-06-25 01:42:25 --> Call to undefined function App\Controllers\logActivity()
in APPPATH/Controllers/Home.php on line 1621.
 1 SYSTEMPATH/CodeIgniter.php(925): App\Controllers\Home->register_process()
 2 SYSTEMPATH/CodeIgniter.php(480): CodeIgniter\CodeIgniter->runController(Object(App\Controllers\Home))
 3 SYSTEMPATH/CodeIgniter.php(349): CodeIgniter\CodeIgniter->handleRequest(null, Object(Config\Cache), false)
 4 FCPATH/index.php(67): CodeIgniter\CodeIgniter->run()
ERROR - 2026-06-25 01:45:23 --> mysqli_sql_exception: Unknown column 'registration_type' in 'field list' in /home3/snindustries/public_html/zemsto/system/Database/MySQLi/Connection.php:292
Stack trace:
#0 /home3/snindustries/public_html/zemsto/system/Database/MySQLi/Connection.php(292): mysqli->query('UPDATE `user_ac...', 0)
#1 /home3/snindustries/public_html/zemsto/system/Database/BaseConnection.php(666): CodeIgniter\Database\MySQLi\Connection->execute('UPDATE `user_ac...')
#2 /home3/snindustries/public_html/zemsto/system/Database/BaseConnection.php(593): CodeIgniter\Database\BaseConnection->simpleQuery('UPDATE `user_ac...')
#3 /home3/snindustries/public_html/zemsto/system/Database/BaseBuilder.php(2079): CodeIgniter\Database\BaseConnection->query('UPDATE `user_ac...', Array, false)
#4 /home3/snindustries/public_html/zemsto/app/Models/Commanmodel.php(445): CodeIgniter\Database\BaseBuilder->update(Array)
#5 /home3/snindustries/public_html/zemsto/app/Controllers/Home.php(1616): App\Models\Commanmodel->update_query('user_account', Array, Array)
#6 /home3/snindustries/public_html/zemsto/system/CodeIgniter.php(925): App\Controllers\Home->register_process()
#7 /home3/snindustries/public_html/zemsto/system/CodeIgniter.php(480): CodeIgniter\CodeIgniter->runController(Object(App\Controllers\Home))
#8 /home3/snindustries/public_html/zemsto/system/CodeIgniter.php(349): CodeIgniter\CodeIgniter->handleRequest(NULL, Object(Config\Cache), false)
#9 /home3/snindustries/public_html/zemsto/index.php(67): CodeIgniter\CodeIgniter->run()
#10 {main}
ERROR - 2026-06-25 01:46:40 --> mysqli_sql_exception: Unknown column 'updated_at' in 'field list' in /home3/snindustries/public_html/zemsto/system/Database/MySQLi/Connection.php:292
Stack trace:
#0 /home3/snindustries/public_html/zemsto/system/Database/MySQLi/Connection.php(292): mysqli->query('UPDATE `user_ac...', 0)
#1 /home3/snindustries/public_html/zemsto/system/Database/BaseConnection.php(666): CodeIgniter\Database\MySQLi\Connection->execute('UPDATE `user_ac...')
#2 /home3/snindustries/public_html/zemsto/system/Database/BaseConnection.php(593): CodeIgniter\Database\BaseConnection->simpleQuery('UPDATE `user_ac...')
#3 /home3/snindustries/public_html/zemsto/system/Database/BaseBuilder.php(2079): CodeIgniter\Database\BaseConnection->query('UPDATE `user_ac...', Array, false)
#4 /home3/snindustries/public_html/zemsto/app/Models/Commanmodel.php(445): CodeIgniter\Database\BaseBuilder->update(Array)
#5 /home3/snindustries/public_html/zemsto/app/Controllers/Home.php(2102): App\Models\Commanmodel->update_query('user_account', Array, Array)
#6 /home3/snindustries/public_html/zemsto/system/CodeIgniter.php(925): App\Controllers\Home->verify_payment()
#7 /home3/snindustries/public_html/zemsto/system/CodeIgniter.php(480): CodeIgniter\CodeIgniter->runController(Object(App\Controllers\Home))
#8 /home3/snindustries/public_html/zemsto/system/CodeIgniter.php(349): CodeIgniter\CodeIgniter->handleRequest(NULL, Object(Config\Cache), false)
#9 /home3/snindustries/public_html/zemsto/index.php(67): CodeIgniter\CodeIgniter->run()
#10 {main}
CRITICAL - 2026-06-25 01:48:34 --> Call to undefined function App\Controllers\logActivity()
in APPPATH/Controllers/Home.php on line 2304.
 1 SYSTEMPATH/CodeIgniter.php(925): App\Controllers\Home->logout()
 2 SYSTEMPATH/CodeIgniter.php(480): CodeIgniter\CodeIgniter->runController(Object(App\Controllers\Home))
 3 SYSTEMPATH/CodeIgniter.php(349): CodeIgniter\CodeIgniter->handleRequest(null, Object(Config\Cache), false)
 4 FCPATH/index.php(67): CodeIgniter\CodeIgniter->run()
CRITICAL - 2026-06-25 01:49:16 --> Call to undefined function App\Controllers\logActivity()
in APPPATH/Controllers/Home.php on line 2304.
 1 SYSTEMPATH/CodeIgniter.php(925): App\Controllers\Home->logout()
 2 SYSTEMPATH/CodeIgniter.php(480): CodeIgniter\CodeIgniter->runController(Object(App\Controllers\Home))
 3 SYSTEMPATH/CodeIgniter.php(349): CodeIgniter\CodeIgniter->handleRequest(null, Object(Config\Cache), false)
 4 FCPATH/index.php(67): CodeIgniter\CodeIgniter->run()
CRITICAL - 2026-06-25 01:56:08 --> Cannot access offset of type string on string
in APPPATH/Models/Commanmodel.php on line 1362.
 1 APPPATH/Controllers/Admin.php(6240): App\Models\Commanmodel->getDataFromTable('activity_logs', [], 'activity_type', 'ASC', 100)
 2 SYSTEMPATH/CodeIgniter.php(925): App\Controllers\Admin->activity_logs()
 3 SYSTEMPATH/CodeIgniter.php(480): CodeIgniter\CodeIgniter->runController(Object(App\Controllers\Admin))
 4 SYSTEMPATH/CodeIgniter.php(349): CodeIgniter\CodeIgniter->handleRequest(null, Object(Config\Cache), false)
 5 FCPATH/index.php(67): CodeIgniter\CodeIgniter->run()
CRITICAL - 2026-06-25 01:59:33 --> Invalid file: admin/header.php
in SYSTEMPATH/Exceptions/FrameworkException.php on line 33.
 1 SYSTEMPATH/View/View.php(201): CodeIgniter\Exceptions\FrameworkException::forInvalidFile('admin/header.php')
 2 SYSTEMPATH/Common.php(1135): CodeIgniter\View\View->render('admin/header', [], true)
 3 APPPATH/Controllers/Admin.php(6315): view('admin/header', [...])
 4 SYSTEMPATH/CodeIgniter.php(925): App\Controllers\Admin->activity_logs()
 5 SYSTEMPATH/CodeIgniter.php(480): CodeIgniter\CodeIgniter->runController(Object(App\Controllers\Admin))
 6 SYSTEMPATH/CodeIgniter.php(349): CodeIgniter\CodeIgniter->handleRequest(null, Object(Config\Cache), false)
 7 FCPATH/index.php(67): CodeIgniter\CodeIgniter->run()
CRITICAL - 2026-06-25 02:03:07 --> Invalid file: admin/header.php
in SYSTEMPATH/Exceptions/FrameworkException.php on line 33.
 1 SYSTEMPATH/View/View.php(201): CodeIgniter\Exceptions\FrameworkException::forInvalidFile('admin/header.php')
 2 SYSTEMPATH/Common.php(1135): CodeIgniter\View\View->render('admin/header', [], true)
 3 APPPATH/Controllers/Admin.php(6340): view('admin/header', [...])
 4 SYSTEMPATH/CodeIgniter.php(925): App\Controllers\Admin->view_log_detail('7')
 5 SYSTEMPATH/CodeIgniter.php(480): CodeIgniter\CodeIgniter->runController(Object(App\Controllers\Admin))
 6 SYSTEMPATH/CodeIgniter.php(349): CodeIgniter\CodeIgniter->handleRequest(null, Object(Config\Cache), false)
 7 FCPATH/index.php(67): CodeIgniter\CodeIgniter->run()
ERROR - 2026-06-25 02:13:39 --> mysqli_sql_exception: Unknown column 'registration_type' in 'field list' in /home3/snindustries/public_html/zemsto/system/Database/MySQLi/Connection.php:292
Stack trace:
#0 /home3/snindustries/public_html/zemsto/system/Database/MySQLi/Connection.php(292): mysqli->query('UPDATE `user_ac...', 0)
#1 /home3/snindustries/public_html/zemsto/system/Database/BaseConnection.php(666): CodeIgniter\Database\MySQLi\Connection->execute('UPDATE `user_ac...')
#2 /home3/snindustries/public_html/zemsto/system/Database/BaseConnection.php(593): CodeIgniter\Database\BaseConnection->simpleQuery('UPDATE `user_ac...')
#3 /home3/snindustries/public_html/zemsto/system/Database/BaseBuilder.php(2079): CodeIgniter\Database\BaseConnection->query('UPDATE `user_ac...', Array, false)
#4 /home3/snindustries/public_html/zemsto/app/Models/Commanmodel.php(445): CodeIgniter\Database\BaseBuilder->update(Array)
#5 /home3/snindustries/public_html/zemsto/app/Controllers/Home.php(1616): App\Models\Commanmodel->update_query('user_account', Array, Array)
#6 /home3/snindustries/public_html/zemsto/system/CodeIgniter.php(925): App\Controllers\Home->register_process()
#7 /home3/snindustries/public_html/zemsto/system/CodeIgniter.php(480): CodeIgniter\CodeIgniter->runController(Object(App\Controllers\Home))
#8 /home3/snindustries/public_html/zemsto/system/CodeIgniter.php(349): CodeIgniter\CodeIgniter->handleRequest(NULL, Object(Config\Cache), false)
#9 /home3/snindustries/public_html/zemsto/index.php(67): CodeIgniter\CodeIgniter->run()
#10 {main}
CRITICAL - 2026-06-25 04:59:13 --> Cannot redeclare App\Controllers\Olympiad_results::csv_import()
in APPPATH/Controllers/Olympiad_results.php on line 546.
 1 [internal function]: CodeIgniter\Debug\Exceptions->shutdownHandler()
CRITICAL - 2026-06-25 04:59:46 --> Cannot redeclare App\Controllers\Olympiad_results::csv_import()
in APPPATH/Controllers/Olympiad_results.php on line 546.
 1 [internal function]: CodeIgniter\Debug\Exceptions->shutdownHandler()
CRITICAL - 2026-06-25 04:59:49 --> Cannot redeclare App\Controllers\Olympiad_results::csv_import()
in APPPATH/Controllers/Olympiad_results.php on line 546.
 1 [internal function]: CodeIgniter\Debug\Exceptions->shutdownHandler()
ERROR - 2026-06-25 05:02:32 --> mysqli_sql_exception: Column 'class_id' cannot be null in /home3/snindustries/public_html/zemsto/system/Database/MySQLi/Connection.php:292
Stack trace:
#0 /home3/snindustries/public_html/zemsto/system/Database/MySQLi/Connection.php(292): mysqli->query('INSERT INTO `ol...', 0)
#1 /home3/snindustries/public_html/zemsto/system/Database/BaseConnection.php(666): CodeIgniter\Database\MySQLi\Connection->execute('INSERT INTO `ol...')
#2 /home3/snindustries/public_html/zemsto/system/Database/BaseConnection.php(593): CodeIgniter\Database\BaseConnection->simpleQuery('INSERT INTO `ol...')
#3 /home3/snindustries/public_html/zemsto/system/Database/BaseBuilder.php(1916): CodeIgniter\Database\BaseConnection->query('INSERT INTO `ol...', Array, false)
#4 /home3/snindustries/public_html/zemsto/app/Controllers/Olympiad_results.php(583): CodeIgniter\Database\BaseBuilder->insert(Array)
#5 /home3/snindustries/public_html/zemsto/system/CodeIgniter.php(925): App\Controllers\Olympiad_results->csv_import()
#6 /home3/snindustries/public_html/zemsto/system/CodeIgniter.php(480): CodeIgniter\CodeIgniter->runController(Object(App\Controllers\Olympiad_results))
#7 /home3/snindustries/public_html/zemsto/system/CodeIgniter.php(349): CodeIgniter\CodeIgniter->handleRequest(NULL, Object(Config\Cache), false)
#8 /home3/snindustries/public_html/zemsto/index.php(67): CodeIgniter\CodeIgniter->run()
#9 {main}
ERROR - 2026-06-25 05:02:32 --> mysqli_sql_exception: Column 'class_id' cannot be null in /home3/snindustries/public_html/zemsto/system/Database/MySQLi/Connection.php:292
Stack trace:
#0 /home3/snindustries/public_html/zemsto/system/Database/MySQLi/Connection.php(292): mysqli->query('INSERT INTO `ol...', 0)
#1 /home3/snindustries/public_html/zemsto/system/Database/BaseConnection.php(666): CodeIgniter\Database\MySQLi\Connection->execute('INSERT INTO `ol...')
#2 /home3/snindustries/public_html/zemsto/system/Database/BaseConnection.php(593): CodeIgniter\Database\BaseConnection->simpleQuery('INSERT INTO `ol...')
#3 /home3/snindustries/public_html/zemsto/system/Database/BaseBuilder.php(1916): CodeIgniter\Database\BaseConnection->query('INSERT INTO `ol...', Array, false)
#4 /home3/snindustries/public_html/zemsto/app/Controllers/Olympiad_results.php(583): CodeIgniter\Database\BaseBuilder->insert(Array)
#5 /home3/snindustries/public_html/zemsto/system/CodeIgniter.php(925): App\Controllers\Olympiad_results->csv_import()
#6 /home3/snindustries/public_html/zemsto/system/CodeIgniter.php(480): CodeIgniter\CodeIgniter->runController(Object(App\Controllers\Olympiad_results))
#7 /home3/snindustries/public_html/zemsto/system/CodeIgniter.php(349): CodeIgniter\CodeIgniter->handleRequest(NULL, Object(Config\Cache), false)
#8 /home3/snindustries/public_html/zemsto/index.php(67): CodeIgniter\CodeIgniter->run()
#9 {main}
CRITICAL - 2026-06-25 05:52:07 --> Undefined variable $table_column
in APPPATH/Views/admin/sidebar.php on line 218.
 1 APPPATH/Views/admin/sidebar.php(218): CodeIgniter\Debug\Exceptions->errorHandler(2, 'Undefined variable $table_column', 'APPPATH/Views/admin/sidebar.php', 218)
 2 SYSTEMPATH/View/View.php(213): include('APPPATH/Views/admin/sidebar.php')
 3 SYSTEMPATH/View/View.php(216): CodeIgniter\View\View->CodeIgniter\View\{closure}()
 4 SYSTEMPATH/Common.php(1135): CodeIgniter\View\View->render('admin/sidebar', [], true)
 5 APPPATH/Controllers/Students.php(36): view('admin/sidebar')
 6 SYSTEMPATH/CodeIgniter.php(925): App\Controllers\Students->index()
 7 SYSTEMPATH/CodeIgniter.php(480): CodeIgniter\CodeIgniter->runController(Object(App\Controllers\Students))
 8 SYSTEMPATH/CodeIgniter.php(349): CodeIgniter\CodeIgniter->handleRequest(null, Object(Config\Cache), false)
 9 FCPATH/index.php(67): CodeIgniter\CodeIgniter->run()
CRITICAL - 2026-06-25 05:52:58 --> Undefined property: stdClass::$created_at
in APPPATH/Controllers/Students.php on line 132.
 1 APPPATH/Controllers/Students.php(132): CodeIgniter\Debug\Exceptions->errorHandler(2, 'Undefined property: stdClass::$created_at', 'APPPATH/Controllers/Students.php', 132)
 2 SYSTEMPATH/CodeIgniter.php(925): App\Controllers\Students->students_list()
 3 SYSTEMPATH/CodeIgniter.php(480): CodeIgniter\CodeIgniter->runController(Object(App\Controllers\Students))
 4 SYSTEMPATH/CodeIgniter.php(349): CodeIgniter\CodeIgniter->handleRequest(null, Object(Config\Cache), false)
 5 FCPATH/index.php(67): CodeIgniter\CodeIgniter->run()
CRITICAL - 2026-06-25 05:53:16 --> Undefined property: stdClass::$created_at
in APPPATH/Controllers/Students.php on line 132.
 1 APPPATH/Controllers/Students.php(132): CodeIgniter\Debug\Exceptions->errorHandler(2, 'Undefined property: stdClass::$created_at', 'APPPATH/Controllers/Students.php', 132)
 2 SYSTEMPATH/CodeIgniter.php(925): App\Controllers\Students->students_list()
 3 SYSTEMPATH/CodeIgniter.php(480): CodeIgniter\CodeIgniter->runController(Object(App\Controllers\Students))
 4 SYSTEMPATH/CodeIgniter.php(349): CodeIgniter\CodeIgniter->handleRequest(null, Object(Config\Cache), false)
 5 FCPATH/index.php(67): CodeIgniter\CodeIgniter->run()
CRITICAL - 2026-06-25 05:53:56 --> Undefined variable $table_column
in APPPATH/Views/admin/sidebar.php on line 218.
 1 APPPATH/Views/admin/sidebar.php(218): CodeIgniter\Debug\Exceptions->errorHandler(2, 'Undefined variable $table_column', 'APPPATH/Views/admin/sidebar.php', 218)
 2 SYSTEMPATH/View/View.php(213): include('APPPATH/Views/admin/sidebar.php')
 3 SYSTEMPATH/View/View.php(216): CodeIgniter\View\View->CodeIgniter\View\{closure}()
 4 SYSTEMPATH/Common.php(1135): CodeIgniter\View\View->render('admin/sidebar', [], true)
 5 APPPATH/Controllers/Students.php(36): view('admin/sidebar')
 6 SYSTEMPATH/CodeIgniter.php(925): App\Controllers\Students->index()
 7 SYSTEMPATH/CodeIgniter.php(480): CodeIgniter\CodeIgniter->runController(Object(App\Controllers\Students))
 8 SYSTEMPATH/CodeIgniter.php(349): CodeIgniter\CodeIgniter->handleRequest(null, Object(Config\Cache), false)
 9 FCPATH/index.php(67): CodeIgniter\CodeIgniter->run()
CRITICAL - 2026-06-25 05:56:04 --> Undefined property: stdClass::$created_at
in APPPATH/Controllers/Students.php on line 142.
 1 APPPATH/Controllers/Students.php(142): CodeIgniter\Debug\Exceptions->errorHandler(2, 'Undefined property: stdClass::$created_at', 'APPPATH/Controllers/Students.php', 142)
 2 SYSTEMPATH/CodeIgniter.php(925): App\Controllers\Students->students_list()
 3 SYSTEMPATH/CodeIgniter.php(480): CodeIgniter\CodeIgniter->runController(Object(App\Controllers\Students))
 4 SYSTEMPATH/CodeIgniter.php(349): CodeIgniter\CodeIgniter->handleRequest(null, Object(Config\Cache), false)
 5 FCPATH/index.php(67): CodeIgniter\CodeIgniter->run()
CRITICAL - 2026-06-25 05:56:23 --> Undefined property: stdClass::$created_at
in APPPATH/Controllers/Students.php on line 142.
 1 APPPATH/Controllers/Students.php(142): CodeIgniter\Debug\Exceptions->errorHandler(2, 'Undefined property: stdClass::$created_at', 'APPPATH/Controllers/Students.php', 142)
 2 SYSTEMPATH/CodeIgniter.php(925): App\Controllers\Students->students_list()
 3 SYSTEMPATH/CodeIgniter.php(480): CodeIgniter\CodeIgniter->runController(Object(App\Controllers\Students))
 4 SYSTEMPATH/CodeIgniter.php(349): CodeIgniter\CodeIgniter->handleRequest(null, Object(Config\Cache), false)
 5 FCPATH/index.php(67): CodeIgniter\CodeIgniter->run()
CRITICAL - 2026-06-25 05:57:05 --> Undefined property: stdClass::$created_at
in APPPATH/Controllers/Students.php on line 142.
 1 APPPATH/Controllers/Students.php(142): CodeIgniter\Debug\Exceptions->errorHandler(2, 'Undefined property: stdClass::$created_at', 'APPPATH/Controllers/Students.php', 142)
 2 SYSTEMPATH/CodeIgniter.php(925): App\Controllers\Students->students_list()
 3 SYSTEMPATH/CodeIgniter.php(480): CodeIgniter\CodeIgniter->runController(Object(App\Controllers\Students))
 4 SYSTEMPATH/CodeIgniter.php(349): CodeIgniter\CodeIgniter->handleRequest(null, Object(Config\Cache), false)
 5 FCPATH/index.php(67): CodeIgniter\CodeIgniter->run()
CRITICAL - 2026-06-25 06:00:54 --> Undefined property: stdClass::$created_at
in APPPATH/Controllers/Students.php on line 142.
 1 APPPATH/Controllers/Students.php(142): CodeIgniter\Debug\Exceptions->errorHandler(2, 'Undefined property: stdClass::$created_at', 'APPPATH/Controllers/Students.php', 142)
 2 SYSTEMPATH/CodeIgniter.php(925): App\Controllers\Students->students_list()
 3 SYSTEMPATH/CodeIgniter.php(480): CodeIgniter\CodeIgniter->runController(Object(App\Controllers\Students))
 4 SYSTEMPATH/CodeIgniter.php(349): CodeIgniter\CodeIgniter->handleRequest(null, Object(Config\Cache), false)
 5 FCPATH/index.php(67): CodeIgniter\CodeIgniter->run()
ERROR - 2026-06-25 07:53:33 --> mysqli_sql_exception: Unknown column 'DISTINCT' in 'field list' in /home3/snindustries/public_html/zemsto/system/Database/MySQLi/Connection.php:292
Stack trace:
#0 /home3/snindustries/public_html/zemsto/system/Database/MySQLi/Connection.php(292): mysqli->query('SELECT `DISTINC...', 0)
#1 /home3/snindustries/public_html/zemsto/system/Database/BaseConnection.php(666): CodeIgniter\Database\MySQLi\Connection->execute('SELECT `DISTINC...')
#2 /home3/snindustries/public_html/zemsto/system/Database/BaseConnection.php(593): CodeIgniter\Database\BaseConnection->simpleQuery('SELECT `DISTINC...')
#3 /home3/snindustries/public_html/zemsto/system/Database/BaseBuilder.php(1585): CodeIgniter\Database\BaseConnection->query('SELECT `DISTINC...', Array, false)
#4 /home3/snindustries/public_html/zemsto/app/Controllers/Home.php(793): CodeIgniter\Database\BaseBuilder->get()
#5 /home3/snindustries/public_html/zemsto/system/CodeIgniter.php(925): App\Controllers\Home->book()
#6 /home3/snindustries/public_html/zemsto/system/CodeIgniter.php(480): CodeIgniter\CodeIgniter->runController(Object(App\Controllers\Home))
#7 /home3/snindustries/public_html/zemsto/system/CodeIgniter.php(349): CodeIgniter\CodeIgniter->handleRequest(NULL, Object(Config\Cache), false)
#8 /home3/snindustries/public_html/zemsto/index.php(67): CodeIgniter\CodeIgniter->run()
#9 {main}
